2025-03-05 20:17:23 - INFO - Model save directory: ./model_checkpoints
2025-03-05 20:17:23 - INFO - Total number of samples: 266
2025-03-05 20:17:23 - INFO - Fold 1/5
2025-03-05 20:17:23 - INFO - Number of train samples: 212
2025-03-05 20:17:23 - INFO - Number of val samples: 54
2025-03-05 20:17:25 - INFO - Epoch 001 | Val Loss: 96.2963
2025-03-05 20:17:25 - INFO - Saved best model for fold 1 with Val Loss: 96.2963
2025-03-05 20:17:26 - INFO - Epoch 002 | Val Loss: 78.1060
2025-03-05 20:17:26 - INFO - Saved best model for fold 1 with Val Loss: 78.1060
2025-03-05 20:17:28 - INFO - Epoch 003 | Val Loss: 78.5337
2025-03-05 20:17:29 - INFO - Epoch 004 | Val Loss: 68.0983
2025-03-05 20:17:29 - INFO - Saved best model for fold 1 with Val Loss: 68.0983
2025-03-05 20:17:30 - INFO - Epoch 005 | Val Loss: 83.6883
2025-03-05 20:17:32 - INFO - Epoch 006 | Val Loss: 86.1764
2025-03-05 20:17:33 - INFO - Epoch 007 | Val Loss: 57.9730
2025-03-05 20:17:33 - INFO - Saved best model for fold 1 with Val Loss: 57.9730
2025-03-05 20:17:34 - INFO - Epoch 008 | Val Loss: 54.6367
2025-03-05 20:17:34 - INFO - Saved best model for fold 1 with Val Loss: 54.6367
2025-03-05 20:17:36 - INFO - Epoch 009 | Val Loss: 51.7541
2025-03-05 20:17:36 - INFO - Saved best model for fold 1 with Val Loss: 51.7541
2025-03-05 20:17:37 - INFO - Epoch 010 | Val Loss: 80.1950
2025-03-05 20:17:38 - INFO - Epoch 011 | Val Loss: 49.7483
2025-03-05 20:17:38 - INFO - Saved best model for fold 1 with Val Loss: 49.7483
2025-03-05 20:17:39 - INFO - Epoch 012 | Val Loss: 46.4280
2025-03-05 20:17:39 - INFO - Saved best model for fold 1 with Val Loss: 46.4280
2025-03-05 20:17:41 - INFO - Epoch 013 | Val Loss: 47.9217
2025-03-05 20:17:42 - INFO - Epoch 014 | Val Loss: 44.0890
2025-03-05 20:17:42 - INFO - Saved best model for fold 1 with Val Loss: 44.0890
2025-03-05 20:17:43 - INFO - Epoch 015 | Val Loss: 44.7040
2025-03-05 20:17:44 - INFO - Epoch 016 | Val Loss: 74.4259
2025-03-05 20:17:46 - INFO - Epoch 017 | Val Loss: 42.7790
2025-03-05 20:17:46 - INFO - Saved best model for fold 1 with Val Loss: 42.7790
2025-03-05 20:17:47 - INFO - Epoch 018 | Val Loss: 42.1952
2025-03-05 20:17:47 - INFO - Saved best model for fold 1 with Val Loss: 42.1952
2025-03-05 20:17:48 - INFO - Epoch 019 | Val Loss: 40.9546
2025-03-05 20:17:48 - INFO - Saved best model for fold 1 with Val Loss: 40.9546
2025-03-05 20:17:49 - INFO - Epoch 020 | Val Loss: 44.6356
2025-03-05 20:17:51 - INFO - Epoch 021 | Val Loss: 45.3612
2025-03-05 20:17:52 - INFO - Epoch 022 | Val Loss: 40.1064
2025-03-05 20:17:52 - INFO - Saved best model for fold 1 with Val Loss: 40.1064
2025-03-05 20:17:53 - INFO - Epoch 023 | Val Loss: 40.1399
2025-03-05 20:17:54 - INFO - Epoch 024 | Val Loss: 39.4291
2025-03-05 20:17:54 - INFO - Saved best model for fold 1 with Val Loss: 39.4291
2025-03-05 20:17:56 - INFO - Epoch 025 | Val Loss: 42.7584
2025-03-05 20:17:57 - INFO - Epoch 026 | Val Loss: 42.4713
2025-03-05 20:17:58 - INFO - Epoch 027 | Val Loss: 41.7869
2025-03-05 20:17:59 - INFO - Epoch 028 | Val Loss: 42.9972
2025-03-05 20:18:01 - INFO - Epoch 029 | Val Loss: 41.8281
2025-03-05 20:18:02 - INFO - Epoch 030 | Val Loss: 39.7997
2025-03-05 20:18:03 - INFO - Epoch 031 | Val Loss: 41.7218
2025-03-05 20:18:05 - INFO - Epoch 032 | Val Loss: 44.9785
2025-03-05 20:18:06 - INFO - Epoch 033 | Val Loss: 40.5412
2025-03-05 20:18:07 - INFO - Epoch 034 | Val Loss: 42.9052
2025-03-05 20:18:08 - INFO - Epoch 035 | Val Loss: 42.3843
2025-03-05 20:18:10 - INFO - Epoch 036 | Val Loss: 41.7033
2025-03-05 20:18:11 - INFO - Epoch 037 | Val Loss: 41.7315
2025-03-05 20:18:12 - INFO - Epoch 038 | Val Loss: 39.5028
2025-03-05 20:18:13 - INFO - Epoch 039 | Val Loss: 40.3898
2025-03-05 20:18:15 - INFO - Epoch 040 | Val Loss: 45.1623
2025-03-05 20:18:16 - INFO - Epoch 041 | Val Loss: 38.9229
2025-03-05 20:18:16 - INFO - Saved best model for fold 1 with Val Loss: 38.9229
2025-03-05 20:18:17 - INFO - Epoch 042 | Val Loss: 42.2321
2025-03-05 20:18:18 - INFO - Epoch 043 | Val Loss: 38.6789
2025-03-05 20:18:18 - INFO - Saved best model for fold 1 with Val Loss: 38.6789
2025-03-05 20:18:20 - INFO - Epoch 044 | Val Loss: 43.3211
2025-03-05 20:18:21 - INFO - Epoch 045 | Val Loss: 38.3900
2025-03-05 20:18:21 - INFO - Saved best model for fold 1 with Val Loss: 38.3900
2025-03-05 20:18:23 - INFO - Epoch 046 | Val Loss: 42.6854
2025-03-05 20:18:24 - INFO - Epoch 047 | Val Loss: 39.1572
2025-03-05 20:18:25 - INFO - Epoch 048 | Val Loss: 39.1590
2025-03-05 20:18:27 - INFO - Epoch 049 | Val Loss: 57.4879
2025-03-05 20:18:28 - INFO - Epoch 050 | Val Loss: 37.5997
2025-03-05 20:18:28 - INFO - Saved best model for fold 1 with Val Loss: 37.5997
2025-03-05 20:18:29 - INFO - Epoch 051 | Val Loss: 38.7142
2025-03-05 20:18:31 - INFO - Epoch 052 | Val Loss: 44.1518
2025-03-05 20:18:32 - INFO - Epoch 053 | Val Loss: 38.0009
2025-03-05 20:18:33 - INFO - Epoch 054 | Val Loss: 39.1369
2025-03-05 20:18:35 - INFO - Epoch 055 | Val Loss: 39.0229
2025-03-05 20:18:36 - INFO - Epoch 056 | Val Loss: 41.2037
2025-03-05 20:18:37 - INFO - Epoch 057 | Val Loss: 39.8116
2025-03-05 20:18:38 - INFO - Epoch 058 | Val Loss: 38.3458
2025-03-05 20:18:40 - INFO - Epoch 059 | Val Loss: 38.0977
2025-03-05 20:18:41 - INFO - Epoch 060 | Val Loss: 38.0496
2025-03-05 20:18:42 - INFO - Epoch 061 | Val Loss: 39.9319
2025-03-05 20:18:43 - INFO - Epoch 062 | Val Loss: 38.3702
2025-03-05 20:18:45 - INFO - Epoch 063 | Val Loss: 39.9572
2025-03-05 20:18:46 - INFO - Epoch 064 | Val Loss: 38.2525
2025-03-05 20:18:47 - INFO - Epoch 065 | Val Loss: 37.4221
2025-03-05 20:18:47 - INFO - Saved best model for fold 1 with Val Loss: 37.4221
2025-03-05 20:18:49 - INFO - Epoch 066 | Val Loss: 37.5662
2025-03-05 20:18:50 - INFO - Epoch 067 | Val Loss: 38.0615
2025-03-05 20:18:51 - INFO - Epoch 068 | Val Loss: 36.6863
2025-03-05 20:18:51 - INFO - Saved best model for fold 1 with Val Loss: 36.6863
2025-03-05 20:18:52 - INFO - Epoch 069 | Val Loss: 37.7788
2025-03-05 20:18:54 - INFO - Epoch 070 | Val Loss: 38.0229
2025-03-05 20:18:55 - INFO - Epoch 071 | Val Loss: 38.3603
2025-03-05 20:18:56 - INFO - Epoch 072 | Val Loss: 38.6337
2025-03-05 20:18:57 - INFO - Epoch 073 | Val Loss: 42.4732
2025-03-05 20:18:59 - INFO - Epoch 074 | Val Loss: 39.1642
2025-03-05 20:19:00 - INFO - Epoch 075 | Val Loss: 37.5661
2025-03-05 20:19:01 - INFO - Epoch 076 | Val Loss: 37.9016
2025-03-05 20:19:02 - INFO - Epoch 077 | Val Loss: 53.6676
2025-03-05 20:19:04 - INFO - Epoch 078 | Val Loss: 42.6123
2025-03-05 20:19:05 - INFO - Epoch 079 | Val Loss: 37.6332
2025-03-05 20:19:06 - INFO - Epoch 080 | Val Loss: 38.2674
2025-03-05 20:19:08 - INFO - Epoch 081 | Val Loss: 37.4840
2025-03-05 20:19:09 - INFO - Epoch 082 | Val Loss: 37.8672
2025-03-05 20:19:10 - INFO - Epoch 083 | Val Loss: 40.8079
2025-03-05 20:19:11 - INFO - Epoch 084 | Val Loss: 37.9055
2025-03-05 20:19:13 - INFO - Epoch 085 | Val Loss: 38.6406
2025-03-05 20:19:14 - INFO - Epoch 086 | Val Loss: 37.1289
2025-03-05 20:19:15 - INFO - Epoch 087 | Val Loss: 37.8288
2025-03-05 20:19:17 - INFO - Epoch 088 | Val Loss: 50.8179
2025-03-05 20:19:18 - INFO - Epoch 089 | Val Loss: 36.0483
2025-03-05 20:19:18 - INFO - Saved best model for fold 1 with Val Loss: 36.0483
2025-03-05 20:19:19 - INFO - Epoch 090 | Val Loss: 36.0800
2025-03-05 20:19:20 - INFO - Epoch 091 | Val Loss: 38.4302
2025-03-05 20:19:22 - INFO - Epoch 092 | Val Loss: 37.3302
2025-03-05 20:19:23 - INFO - Epoch 093 | Val Loss: 38.5703
2025-03-05 20:19:24 - INFO - Epoch 094 | Val Loss: 39.7121
2025-03-05 20:19:25 - INFO - Epoch 095 | Val Loss: 35.8780
2025-03-05 20:19:25 - INFO - Saved best model for fold 1 with Val Loss: 35.8780
2025-03-05 20:19:27 - INFO - Epoch 096 | Val Loss: 36.8511
2025-03-05 20:19:28 - INFO - Epoch 097 | Val Loss: 37.4315
2025-03-05 20:19:29 - INFO - Epoch 098 | Val Loss: 38.8995
2025-03-05 20:19:31 - INFO - Epoch 099 | Val Loss: 37.6834
2025-03-05 20:19:32 - INFO - Epoch 100 | Val Loss: 35.6648
2025-03-05 20:19:32 - INFO - Saved best model for fold 1 with Val Loss: 35.6648
2025-03-05 20:19:32 - INFO - Fold 1 | Best Val Loss: 35.6648
2025-03-05 20:19:32 - INFO - Fold 2/5
2025-03-05 20:19:32 - INFO - Number of train samples: 213
2025-03-05 20:19:32 - INFO - Number of val samples: 53
2025-03-05 20:19:33 - INFO - Epoch 001 | Val Loss: 80.2868
2025-03-05 20:19:33 - INFO - Saved best model for fold 2 with Val Loss: 80.2868
2025-03-05 20:19:34 - INFO - Epoch 002 | Val Loss: 76.3607
2025-03-05 20:19:34 - INFO - Saved best model for fold 2 with Val Loss: 76.3607
2025-03-05 20:19:36 - INFO - Epoch 003 | Val Loss: 70.8365
2025-03-05 20:19:36 - INFO - Saved best model for fold 2 with Val Loss: 70.8365
2025-03-05 20:19:37 - INFO - Epoch 004 | Val Loss: 66.7196
2025-03-05 20:19:37 - INFO - Saved best model for fold 2 with Val Loss: 66.7196
2025-03-05 20:19:38 - INFO - Epoch 005 | Val Loss: 65.2670
2025-03-05 20:19:38 - INFO - Saved best model for fold 2 with Val Loss: 65.2670
2025-03-05 20:19:40 - INFO - Epoch 006 | Val Loss: 58.6264
2025-03-05 20:19:40 - INFO - Saved best model for fold 2 with Val Loss: 58.6264
2025-03-05 20:19:41 - INFO - Epoch 007 | Val Loss: 54.4210
2025-03-05 20:19:41 - INFO - Saved best model for fold 2 with Val Loss: 54.4210
2025-03-05 20:19:42 - INFO - Epoch 008 | Val Loss: 52.3678
2025-03-05 20:19:42 - INFO - Saved best model for fold 2 with Val Loss: 52.3678
2025-03-05 20:19:43 - INFO - Epoch 009 | Val Loss: 55.6457
2025-03-05 20:19:45 - INFO - Epoch 010 | Val Loss: 49.5854
2025-03-05 20:19:45 - INFO - Saved best model for fold 2 with Val Loss: 49.5854
2025-03-05 20:19:46 - INFO - Epoch 011 | Val Loss: 53.7958
2025-03-05 20:19:47 - INFO - Epoch 012 | Val Loss: 50.5518
2025-03-05 20:19:49 - INFO - Epoch 013 | Val Loss: 47.2501
2025-03-05 20:19:49 - INFO - Saved best model for fold 2 with Val Loss: 47.2501
2025-03-05 20:19:50 - INFO - Epoch 014 | Val Loss: 47.2615
2025-03-05 20:19:51 - INFO - Epoch 015 | Val Loss: 46.3228
2025-03-05 20:19:51 - INFO - Saved best model for fold 2 with Val Loss: 46.3228
2025-03-05 20:19:52 - INFO - Epoch 016 | Val Loss: 46.6151
