2025-03-09 21:50:29 - INFO - Model save directory: ./model_checkpoints
2025-03-09 21:50:50 - INFO - Total number of samples: 311871
2025-03-09 21:50:50 - INFO - Fold 1/1
2025-03-09 21:50:50 - INFO - Number of train samples: 311871
2025-03-09 21:50:50 - INFO - Number of val samples: 311871
2025-03-09 21:53:07 - INFO - Epoch 001 | Train Loss: 0.3732 | Val Loss: 0.1461
2025-03-09 21:53:07 - INFO - Saved best model for fold 1 with Val Loss: 0.1461
2025-03-09 21:55:27 - INFO - Epoch 002 | Train Loss: 0.1308 | Val Loss: 0.1038
2025-03-09 21:55:27 - INFO - Saved best model for fold 1 with Val Loss: 0.1038
2025-03-09 21:57:47 - INFO - Epoch 003 | Train Loss: 0.1050 | Val Loss: 0.0977
2025-03-09 21:57:47 - INFO - Saved best model for fold 1 with Val Loss: 0.0977
2025-03-09 22:00:05 - INFO - Epoch 004 | Train Loss: 0.0887 | Val Loss: 0.0778
2025-03-09 22:00:05 - INFO - Saved best model for fold 1 with Val Loss: 0.0778
2025-03-09 22:02:24 - INFO - Epoch 005 | Train Loss: 0.0744 | Val Loss: 0.0774
2025-03-09 22:02:24 - INFO - Saved best model for fold 1 with Val Loss: 0.0774
2025-03-09 22:04:42 - INFO - Epoch 006 | Train Loss: 0.0647 | Val Loss: 0.0600
2025-03-09 22:04:42 - INFO - Saved best model for fold 1 with Val Loss: 0.0600
2025-03-09 22:07:01 - INFO - Epoch 007 | Train Loss: 0.0576 | Val Loss: 0.0510
2025-03-09 22:07:01 - INFO - Saved best model for fold 1 with Val Loss: 0.0510
2025-03-09 22:09:19 - INFO - Epoch 008 | Train Loss: 0.0512 | Val Loss: 0.0474
2025-03-09 22:09:19 - INFO - Saved best model for fold 1 with Val Loss: 0.0474
2025-03-09 22:11:38 - INFO - Epoch 009 | Train Loss: 0.0469 | Val Loss: 0.0404
2025-03-09 22:11:38 - INFO - Saved best model for fold 1 with Val Loss: 0.0404
2025-03-09 22:13:57 - INFO - Epoch 010 | Train Loss: 0.0428 | Val Loss: 0.0434
2025-03-09 22:16:17 - INFO - Epoch 011 | Train Loss: 0.0399 | Val Loss: 0.0394
2025-03-09 22:16:17 - INFO - Saved best model for fold 1 with Val Loss: 0.0394
2025-03-09 22:18:36 - INFO - Epoch 012 | Train Loss: 0.0374 | Val Loss: 0.0350
2025-03-09 22:18:36 - INFO - Saved best model for fold 1 with Val Loss: 0.0350
2025-03-09 22:20:54 - INFO - Epoch 013 | Train Loss: 0.0348 | Val Loss: 0.0335
2025-03-09 22:20:54 - INFO - Saved best model for fold 1 with Val Loss: 0.0335
2025-03-09 22:23:12 - INFO - Epoch 014 | Train Loss: 0.0335 | Val Loss: 0.0350
2025-03-09 22:25:30 - INFO - Epoch 015 | Train Loss: 0.0319 | Val Loss: 0.0295
2025-03-09 22:25:30 - INFO - Saved best model for fold 1 with Val Loss: 0.0295
2025-03-09 22:27:48 - INFO - Epoch 016 | Train Loss: 0.0302 | Val Loss: 0.0308
2025-03-09 22:30:06 - INFO - Epoch 017 | Train Loss: 0.0292 | Val Loss: 0.0246
2025-03-09 22:30:06 - INFO - Saved best model for fold 1 with Val Loss: 0.0246
2025-03-09 22:32:24 - INFO - Epoch 018 | Train Loss: 0.0280 | Val Loss: 0.0267
2025-03-09 22:34:42 - INFO - Epoch 019 | Train Loss: 0.0270 | Val Loss: 0.0258
2025-03-09 22:37:00 - INFO - Epoch 020 | Train Loss: 0.0263 | Val Loss: 0.0236
2025-03-09 22:37:00 - INFO - Saved best model for fold 1 with Val Loss: 0.0236
2025-03-09 22:39:18 - INFO - Epoch 021 | Train Loss: 0.0258 | Val Loss: 0.0248
2025-03-09 22:41:35 - INFO - Epoch 022 | Train Loss: 0.0250 | Val Loss: 0.0236
2025-03-09 22:41:35 - INFO - Saved best model for fold 1 with Val Loss: 0.0236
2025-03-09 22:43:53 - INFO - Epoch 023 | Train Loss: 0.0241 | Val Loss: 0.0259
2025-03-09 22:46:14 - INFO - Epoch 024 | Train Loss: 0.0235 | Val Loss: 0.0220
2025-03-09 22:46:14 - INFO - Saved best model for fold 1 with Val Loss: 0.0220
2025-03-09 22:48:32 - INFO - Epoch 025 | Train Loss: 0.0230 | Val Loss: 0.0223
2025-03-09 22:50:50 - INFO - Epoch 026 | Train Loss: 0.0224 | Val Loss: 0.0210
2025-03-09 22:50:50 - INFO - Saved best model for fold 1 with Val Loss: 0.0210
2025-03-09 22:53:08 - INFO - Epoch 027 | Train Loss: 0.0221 | Val Loss: 0.0209
2025-03-09 22:53:08 - INFO - Saved best model for fold 1 with Val Loss: 0.0209
2025-03-09 22:55:25 - INFO - Epoch 028 | Train Loss: 0.0216 | Val Loss: 0.0212
2025-03-09 22:57:43 - INFO - Epoch 029 | Train Loss: 0.0212 | Val Loss: 0.0243
2025-03-09 23:00:01 - INFO - Epoch 030 | Train Loss: 0.0207 | Val Loss: 0.0183
2025-03-09 23:00:01 - INFO - Saved best model for fold 1 with Val Loss: 0.0183
2025-03-09 23:02:19 - INFO - Epoch 031 | Train Loss: 0.0203 | Val Loss: 0.0206
2025-03-09 23:04:37 - INFO - Epoch 032 | Train Loss: 0.0201 | Val Loss: 0.0193
2025-03-09 23:06:54 - INFO - Epoch 033 | Train Loss: 0.0198 | Val Loss: 0.0202
2025-03-09 23:09:12 - INFO - Epoch 034 | Train Loss: 0.0192 | Val Loss: 0.0190
2025-03-09 23:11:30 - INFO - Epoch 035 | Train Loss: 0.0192 | Val Loss: 0.0188
2025-03-09 23:13:47 - INFO - Epoch 036 | Train Loss: 0.0189 | Val Loss: 0.0167
2025-03-09 23:13:47 - INFO - Saved best model for fold 1 with Val Loss: 0.0167
2025-03-09 23:16:05 - INFO - Epoch 037 | Train Loss: 0.0184 | Val Loss: 0.0194
2025-03-09 23:18:23 - INFO - Epoch 038 | Train Loss: 0.0181 | Val Loss: 0.0163
2025-03-09 23:18:23 - INFO - Saved best model for fold 1 with Val Loss: 0.0163
2025-03-09 23:20:41 - INFO - Epoch 039 | Train Loss: 0.0182 | Val Loss: 0.0177
2025-03-09 23:22:58 - INFO - Epoch 040 | Train Loss: 0.0177 | Val Loss: 0.0168
2025-03-09 23:25:17 - INFO - Epoch 041 | Train Loss: 0.0178 | Val Loss: 0.0186
2025-03-09 23:27:35 - INFO - Epoch 042 | Train Loss: 0.0173 | Val Loss: 0.0157
2025-03-09 23:27:35 - INFO - Saved best model for fold 1 with Val Loss: 0.0157
2025-03-09 23:29:54 - INFO - Epoch 043 | Train Loss: 0.0173 | Val Loss: 0.0169
2025-03-09 23:32:12 - INFO - Epoch 044 | Train Loss: 0.0171 | Val Loss: 0.0156
2025-03-09 23:32:12 - INFO - Saved best model for fold 1 with Val Loss: 0.0156
2025-03-09 23:34:31 - INFO - Epoch 045 | Train Loss: 0.0168 | Val Loss: 0.0158
2025-03-09 23:36:48 - INFO - Epoch 046 | Train Loss: 0.0165 | Val Loss: 0.0146
2025-03-09 23:36:48 - INFO - Saved best model for fold 1 with Val Loss: 0.0146
2025-03-09 23:39:06 - INFO - Epoch 047 | Train Loss: 0.0165 | Val Loss: 0.0152
2025-03-09 23:41:24 - INFO - Epoch 048 | Train Loss: 0.0164 | Val Loss: 0.0159
2025-03-09 23:43:42 - INFO - Epoch 049 | Train Loss: 0.0161 | Val Loss: 0.0159
2025-03-09 23:46:01 - INFO - Epoch 050 | Train Loss: 0.0160 | Val Loss: 0.0149
2025-03-09 23:48:18 - INFO - Epoch 051 | Train Loss: 0.0158 | Val Loss: 0.0138
2025-03-09 23:48:18 - INFO - Saved best model for fold 1 with Val Loss: 0.0138
2025-03-09 23:50:36 - INFO - Epoch 052 | Train Loss: 0.0160 | Val Loss: 0.0154
2025-03-09 23:52:54 - INFO - Epoch 053 | Train Loss: 0.0155 | Val Loss: 0.0146
2025-03-09 23:55:12 - INFO - Epoch 054 | Train Loss: 0.0155 | Val Loss: 0.0142
2025-03-09 23:57:31 - INFO - Epoch 055 | Train Loss: 0.0156 | Val Loss: 0.0144
2025-03-09 23:59:50 - INFO - Epoch 056 | Train Loss: 0.0152 | Val Loss: 0.0142
2025-03-10 00:02:09 - INFO - Epoch 057 | Train Loss: 0.0153 | Val Loss: 0.0138
2025-03-10 00:02:09 - INFO - Saved best model for fold 1 with Val Loss: 0.0138
2025-03-10 00:04:27 - INFO - Epoch 058 | Train Loss: 0.0151 | Val Loss: 0.0136
2025-03-10 00:04:27 - INFO - Saved best model for fold 1 with Val Loss: 0.0136
2025-03-10 00:06:44 - INFO - Epoch 059 | Train Loss: 0.0149 | Val Loss: 0.0135
2025-03-10 00:06:44 - INFO - Saved best model for fold 1 with Val Loss: 0.0135
2025-03-10 00:09:02 - INFO - Epoch 060 | Train Loss: 0.0146 | Val Loss: 0.0140
2025-03-10 00:11:20 - INFO - Epoch 061 | Train Loss: 0.0145 | Val Loss: 0.0167
2025-03-10 00:13:38 - INFO - Epoch 062 | Train Loss: 0.0147 | Val Loss: 0.0132
2025-03-10 00:13:38 - INFO - Saved best model for fold 1 with Val Loss: 0.0132
2025-03-10 00:15:55 - INFO - Epoch 063 | Train Loss: 0.0143 | Val Loss: 0.0135
2025-03-10 00:18:13 - INFO - Epoch 064 | Train Loss: 0.0143 | Val Loss: 0.0127
2025-03-10 00:18:13 - INFO - Saved best model for fold 1 with Val Loss: 0.0127
2025-03-10 00:20:31 - INFO - Epoch 065 | Train Loss: 0.0141 | Val Loss: 0.0135
2025-03-10 00:22:48 - INFO - Epoch 066 | Train Loss: 0.0141 | Val Loss: 0.0123
2025-03-10 00:22:48 - INFO - Saved best model for fold 1 with Val Loss: 0.0123
2025-03-10 00:25:07 - INFO - Epoch 067 | Train Loss: 0.0140 | Val Loss: 0.0127
2025-03-10 00:27:24 - INFO - Epoch 068 | Train Loss: 0.0140 | Val Loss: 0.0118
2025-03-10 00:27:24 - INFO - Saved best model for fold 1 with Val Loss: 0.0118
2025-03-10 00:29:42 - INFO - Epoch 069 | Train Loss: 0.0137 | Val Loss: 0.0140
2025-03-10 00:32:00 - INFO - Epoch 070 | Train Loss: 0.0137 | Val Loss: 0.0124
2025-03-10 00:34:17 - INFO - Epoch 071 | Train Loss: 0.0136 | Val Loss: 0.0139
2025-03-10 00:36:35 - INFO - Epoch 072 | Train Loss: 0.0136 | Val Loss: 0.0177
2025-03-10 00:38:53 - INFO - Epoch 073 | Train Loss: 0.0133 | Val Loss: 0.0128
2025-03-10 00:41:10 - INFO - Epoch 074 | Train Loss: 0.0135 | Val Loss: 0.0151
2025-03-10 00:43:28 - INFO - Epoch 075 | Train Loss: 0.0134 | Val Loss: 0.0141
2025-03-10 00:45:46 - INFO - Epoch 076 | Train Loss: 0.0133 | Val Loss: 0.0126
2025-03-10 00:48:03 - INFO - Epoch 077 | Train Loss: 0.0130 | Val Loss: 0.0125
2025-03-10 00:50:21 - INFO - Epoch 078 | Train Loss: 0.0130 | Val Loss: 0.0123
2025-03-10 00:52:38 - INFO - Epoch 079 | Train Loss: 0.0132 | Val Loss: 0.0153
2025-03-10 00:54:56 - INFO - Epoch 080 | Train Loss: 0.0130 | Val Loss: 0.0114
2025-03-10 00:54:56 - INFO - Saved best model for fold 1 with Val Loss: 0.0114
2025-03-10 00:57:14 - INFO - Epoch 081 | Train Loss: 0.0128 | Val Loss: 0.0131
2025-03-10 00:59:31 - INFO - Epoch 082 | Train Loss: 0.0128 | Val Loss: 0.0127
2025-03-10 01:01:49 - INFO - Epoch 083 | Train Loss: 0.0127 | Val Loss: 0.0122
2025-03-10 01:04:06 - INFO - Epoch 084 | Train Loss: 0.0127 | Val Loss: 0.0122
2025-03-10 01:06:24 - INFO - Epoch 085 | Train Loss: 0.0127 | Val Loss: 0.0135
2025-03-10 01:08:42 - INFO - Epoch 086 | Train Loss: 0.0127 | Val Loss: 0.0125
2025-03-10 01:10:59 - INFO - Epoch 087 | Train Loss: 0.0125 | Val Loss: 0.0117
2025-03-10 01:13:17 - INFO - Epoch 088 | Train Loss: 0.0126 | Val Loss: 0.0111
2025-03-10 01:13:17 - INFO - Saved best model for fold 1 with Val Loss: 0.0111
2025-03-10 01:15:35 - INFO - Epoch 089 | Train Loss: 0.0123 | Val Loss: 0.0117
2025-03-10 01:17:53 - INFO - Epoch 090 | Train Loss: 0.0125 | Val Loss: 0.0138
2025-03-10 01:20:11 - INFO - Epoch 091 | Train Loss: 0.0125 | Val Loss: 0.0130
2025-03-10 01:22:28 - INFO - Epoch 092 | Train Loss: 0.0124 | Val Loss: 0.0117
2025-03-10 01:24:46 - INFO - Epoch 093 | Train Loss: 0.0123 | Val Loss: 0.0119
2025-03-10 01:27:03 - INFO - Epoch 094 | Train Loss: 0.0121 | Val Loss: 0.0124
2025-03-10 01:29:22 - INFO - Epoch 095 | Train Loss: 0.0121 | Val Loss: 0.0120
2025-03-10 01:31:40 - INFO - Epoch 096 | Train Loss: 0.0121 | Val Loss: 0.0108
2025-03-10 01:31:40 - INFO - Saved best model for fold 1 with Val Loss: 0.0108
2025-03-10 01:33:57 - INFO - Epoch 097 | Train Loss: 0.0120 | Val Loss: 0.0108
2025-03-10 01:33:57 - INFO - Saved best model for fold 1 with Val Loss: 0.0108
2025-03-10 01:36:15 - INFO - Epoch 098 | Train Loss: 0.0121 | Val Loss: 0.0112
2025-03-10 01:38:33 - INFO - Epoch 099 | Train Loss: 0.0120 | Val Loss: 0.0112
2025-03-10 01:40:51 - INFO - Epoch 100 | Train Loss: 0.0119 | Val Loss: 0.0111
2025-03-10 01:40:51 - INFO - Fold 1 | Best Val Loss: 0.0108
2025-03-10 01:40:51 - INFO - K-Fold Cross Validation Results:
2025-03-10 01:40:51 - INFO - Fold 1 | Val Loss: 0.0108
2025-03-10 01:40:51 - INFO - Average Val Loss: 0.0108
