2025-03-05 23:14:08 - INFO - Model save directory: ./model_checkpoints
2025-03-05 23:14:08 - INFO - Total number of samples: 266
2025-03-05 23:14:08 - INFO - Fold 1/5
2025-03-05 23:14:08 - INFO - Number of train samples: 212
2025-03-05 23:14:08 - INFO - Number of val samples: 54
2025-03-05 23:14:12 - INFO - Epoch 001 | Train Loss: 132.2227 | Val Loss: 89.3701
2025-03-05 23:14:12 - INFO - Saved best model for fold 1 with Val Loss: 89.3701
2025-03-05 23:14:14 - INFO - Epoch 002 | Train Loss: 71.7693 | Val Loss: 78.1399
2025-03-05 23:14:14 - INFO - Saved best model for fold 1 with Val Loss: 78.1399
2025-03-05 23:14:17 - INFO - Epoch 003 | Train Loss: 66.7628 | Val Loss: 75.5805
2025-03-05 23:14:17 - INFO - Saved best model for fold 1 with Val Loss: 75.5805
2025-03-05 23:14:19 - INFO - Epoch 004 | Train Loss: 62.8908 | Val Loss: 65.8190
2025-03-05 23:14:19 - INFO - Saved best model for fold 1 with Val Loss: 65.8190
2025-03-05 23:14:22 - INFO - Epoch 005 | Train Loss: 63.2595 | Val Loss: 67.0054
2025-03-05 23:14:24 - INFO - Epoch 006 | Train Loss: 55.3248 | Val Loss: 52.0575
2025-03-05 23:14:24 - INFO - Saved best model for fold 1 with Val Loss: 52.0575
2025-03-05 23:14:26 - INFO - Epoch 007 | Train Loss: 47.8527 | Val Loss: 54.6120
2025-03-05 23:14:29 - INFO - Epoch 008 | Train Loss: 46.4708 | Val Loss: 53.4086
2025-03-05 23:14:31 - INFO - Epoch 009 | Train Loss: 47.1608 | Val Loss: 56.9246
2025-03-05 23:14:34 - INFO - Epoch 010 | Train Loss: 44.4375 | Val Loss: 51.1718
2025-03-05 23:14:34 - INFO - Saved best model for fold 1 with Val Loss: 51.1718
2025-03-05 23:14:36 - INFO - Epoch 011 | Train Loss: 43.4424 | Val Loss: 48.1822
2025-03-05 23:14:36 - INFO - Saved best model for fold 1 with Val Loss: 48.1822
2025-03-05 23:14:38 - INFO - Epoch 012 | Train Loss: 42.9425 | Val Loss: 53.8386
2025-03-05 23:14:41 - INFO - Epoch 013 | Train Loss: 44.4357 | Val Loss: 46.0596
2025-03-05 23:14:41 - INFO - Saved best model for fold 1 with Val Loss: 46.0596
2025-03-05 23:14:43 - INFO - Epoch 014 | Train Loss: 41.5849 | Val Loss: 46.6346
2025-03-05 23:14:46 - INFO - Epoch 015 | Train Loss: 41.5829 | Val Loss: 46.8652
2025-03-05 23:14:48 - INFO - Epoch 016 | Train Loss: 43.3681 | Val Loss: 51.2824
2025-03-05 23:14:50 - INFO - Epoch 017 | Train Loss: 41.4952 | Val Loss: 47.0301
2025-03-05 23:14:53 - INFO - Epoch 018 | Train Loss: 39.4146 | Val Loss: 44.3520
2025-03-05 23:14:53 - INFO - Saved best model for fold 1 with Val Loss: 44.3520
2025-03-05 23:14:55 - INFO - Epoch 019 | Train Loss: 37.4506 | Val Loss: 46.7955
2025-03-05 23:14:58 - INFO - Epoch 020 | Train Loss: 39.7118 | Val Loss: 44.7828
2025-03-05 23:15:00 - INFO - Epoch 021 | Train Loss: 37.1906 | Val Loss: 44.6063
2025-03-05 23:15:02 - INFO - Epoch 022 | Train Loss: 37.4943 | Val Loss: 46.8472
2025-03-05 23:15:05 - INFO - Epoch 023 | Train Loss: 35.6961 | Val Loss: 49.4451
2025-03-05 23:15:07 - INFO - Epoch 024 | Train Loss: 38.7086 | Val Loss: 48.1147
2025-03-05 23:15:10 - INFO - Epoch 025 | Train Loss: 35.7837 | Val Loss: 48.2732
2025-03-05 23:15:12 - INFO - Epoch 026 | Train Loss: 35.7336 | Val Loss: 43.0658
2025-03-05 23:15:12 - INFO - Saved best model for fold 1 with Val Loss: 43.0658
2025-03-05 23:15:14 - INFO - Epoch 027 | Train Loss: 36.0431 | Val Loss: 44.0083
2025-03-05 23:15:17 - INFO - Epoch 028 | Train Loss: 36.8435 | Val Loss: 44.2430
2025-03-05 23:15:19 - INFO - Epoch 029 | Train Loss: 41.6475 | Val Loss: 46.6790
2025-03-05 23:15:22 - INFO - Epoch 030 | Train Loss: 36.3702 | Val Loss: 43.6972
2025-03-05 23:15:24 - INFO - Epoch 031 | Train Loss: 34.4174 | Val Loss: 43.8162
2025-03-05 23:15:27 - INFO - Epoch 032 | Train Loss: 35.4138 | Val Loss: 43.8351
2025-03-05 23:15:29 - INFO - Epoch 033 | Train Loss: 35.3190 | Val Loss: 41.6925
2025-03-05 23:15:29 - INFO - Saved best model for fold 1 with Val Loss: 41.6925
2025-03-05 23:15:31 - INFO - Epoch 034 | Train Loss: 33.2857 | Val Loss: 39.2557
2025-03-05 23:15:31 - INFO - Saved best model for fold 1 with Val Loss: 39.2557
2025-03-05 23:15:34 - INFO - Epoch 035 | Train Loss: 32.3557 | Val Loss: 44.7554
2025-03-05 23:15:36 - INFO - Epoch 036 | Train Loss: 31.6093 | Val Loss: 40.7568
2025-03-05 23:15:39 - INFO - Epoch 037 | Train Loss: 32.8024 | Val Loss: 43.7242
2025-03-05 23:15:41 - INFO - Epoch 038 | Train Loss: 31.6959 | Val Loss: 42.3954
2025-03-05 23:15:43 - INFO - Epoch 039 | Train Loss: 31.7908 | Val Loss: 39.4965
2025-03-05 23:15:46 - INFO - Epoch 040 | Train Loss: 30.5038 | Val Loss: 39.6583
2025-03-05 23:15:48 - INFO - Epoch 041 | Train Loss: 30.2701 | Val Loss: 38.8268
2025-03-05 23:15:48 - INFO - Saved best model for fold 1 with Val Loss: 38.8268
2025-03-05 23:15:51 - INFO - Epoch 042 | Train Loss: 29.3789 | Val Loss: 40.3473
2025-03-05 23:15:53 - INFO - Epoch 043 | Train Loss: 30.0183 | Val Loss: 59.8720
2025-03-05 23:15:55 - INFO - Epoch 044 | Train Loss: 30.0665 | Val Loss: 41.8869
2025-03-05 23:15:58 - INFO - Epoch 045 | Train Loss: 28.7990 | Val Loss: 38.8199
2025-03-05 23:15:58 - INFO - Saved best model for fold 1 with Val Loss: 38.8199
2025-03-05 23:16:00 - INFO - Epoch 046 | Train Loss: 28.7209 | Val Loss: 41.3176
2025-03-05 23:16:03 - INFO - Epoch 047 | Train Loss: 28.5817 | Val Loss: 39.2279
2025-03-05 23:16:05 - INFO - Epoch 048 | Train Loss: 28.6574 | Val Loss: 38.6776
2025-03-05 23:16:05 - INFO - Saved best model for fold 1 with Val Loss: 38.6776
2025-03-05 23:16:08 - INFO - Epoch 049 | Train Loss: 29.5307 | Val Loss: 39.9558
2025-03-05 23:16:10 - INFO - Epoch 050 | Train Loss: 29.8047 | Val Loss: 39.9572
2025-03-05 23:16:12 - INFO - Epoch 051 | Train Loss: 29.9567 | Val Loss: 42.7094
2025-03-05 23:16:15 - INFO - Epoch 052 | Train Loss: 29.2491 | Val Loss: 38.6193
2025-03-05 23:16:15 - INFO - Saved best model for fold 1 with Val Loss: 38.6193
2025-03-05 23:16:17 - INFO - Epoch 053 | Train Loss: 29.1175 | Val Loss: 38.3937
2025-03-05 23:16:17 - INFO - Saved best model for fold 1 with Val Loss: 38.3937
2025-03-05 23:16:20 - INFO - Epoch 054 | Train Loss: 33.6115 | Val Loss: 43.3115
2025-03-05 23:16:22 - INFO - Epoch 055 | Train Loss: 31.4374 | Val Loss: 37.2633
2025-03-05 23:16:22 - INFO - Saved best model for fold 1 with Val Loss: 37.2633
2025-03-05 23:16:24 - INFO - Epoch 056 | Train Loss: 28.1679 | Val Loss: 36.4682
2025-03-05 23:16:24 - INFO - Saved best model for fold 1 with Val Loss: 36.4682
2025-03-05 23:16:27 - INFO - Epoch 057 | Train Loss: 27.6999 | Val Loss: 36.7969
2025-03-05 23:16:29 - INFO - Epoch 058 | Train Loss: 26.8434 | Val Loss: 37.5511
2025-03-05 23:16:32 - INFO - Epoch 059 | Train Loss: 26.2418 | Val Loss: 36.2556
2025-03-05 23:16:32 - INFO - Saved best model for fold 1 with Val Loss: 36.2556
2025-03-05 23:16:34 - INFO - Epoch 060 | Train Loss: 25.3243 | Val Loss: 36.9210
2025-03-05 23:16:36 - INFO - Epoch 061 | Train Loss: 25.3672 | Val Loss: 40.1283
2025-03-05 23:16:39 - INFO - Epoch 062 | Train Loss: 24.9139 | Val Loss: 37.8818
2025-03-05 23:16:41 - INFO - Epoch 063 | Train Loss: 26.0231 | Val Loss: 35.6181
2025-03-05 23:16:41 - INFO - Saved best model for fold 1 with Val Loss: 35.6181
2025-03-05 23:16:44 - INFO - Epoch 064 | Train Loss: 25.0630 | Val Loss: 36.6232
2025-03-05 23:16:46 - INFO - Epoch 065 | Train Loss: 24.6525 | Val Loss: 37.0804
2025-03-05 23:16:49 - INFO - Epoch 066 | Train Loss: 27.0710 | Val Loss: 126.4894
2025-03-05 23:16:51 - INFO - Epoch 067 | Train Loss: 70.2521 | Val Loss: 55.4242
2025-03-05 23:16:53 - INFO - Epoch 068 | Train Loss: 48.6334 | Val Loss: 66.8709
2025-03-05 23:16:56 - INFO - Epoch 069 | Train Loss: 45.5368 | Val Loss: 44.6578
2025-03-05 23:16:58 - INFO - Epoch 070 | Train Loss: 37.4828 | Val Loss: 41.1330
2025-03-05 23:17:01 - INFO - Epoch 071 | Train Loss: 36.1073 | Val Loss: 44.1261
2025-03-05 23:17:03 - INFO - Epoch 072 | Train Loss: 33.4662 | Val Loss: 45.2130
2025-03-05 23:17:05 - INFO - Epoch 073 | Train Loss: 33.5023 | Val Loss: 42.3534
2025-03-05 23:17:08 - INFO - Epoch 074 | Train Loss: 31.9340 | Val Loss: 44.0788
2025-03-05 23:17:10 - INFO - Epoch 075 | Train Loss: 30.9016 | Val Loss: 37.1441
2025-03-05 23:17:13 - INFO - Epoch 076 | Train Loss: 29.6729 | Val Loss: 37.3834
2025-03-05 23:17:15 - INFO - Epoch 077 | Train Loss: 30.1821 | Val Loss: 39.4663
2025-03-05 23:17:17 - INFO - Epoch 078 | Train Loss: 29.1165 | Val Loss: 36.4833
2025-03-05 23:17:20 - INFO - Epoch 079 | Train Loss: 28.7555 | Val Loss: 38.7602
2025-03-05 23:17:22 - INFO - Epoch 080 | Train Loss: 28.4023 | Val Loss: 36.1020
2025-03-05 23:17:25 - INFO - Epoch 081 | Train Loss: 27.2987 | Val Loss: 38.2625
2025-03-05 23:17:27 - INFO - Epoch 082 | Train Loss: 26.5749 | Val Loss: 37.0132
2025-03-05 23:17:30 - INFO - Epoch 083 | Train Loss: 26.8306 | Val Loss: 40.3670
2025-03-05 23:17:32 - INFO - Epoch 084 | Train Loss: 34.9276 | Val Loss: 44.4440
2025-03-05 23:17:34 - INFO - Epoch 085 | Train Loss: 33.2319 | Val Loss: 37.8929
2025-03-05 23:17:37 - INFO - Epoch 086 | Train Loss: 28.8251 | Val Loss: 36.8823
2025-03-05 23:17:39 - INFO - Epoch 087 | Train Loss: 27.2065 | Val Loss: 37.7901
2025-03-05 23:17:42 - INFO - Epoch 088 | Train Loss: 27.5942 | Val Loss: 35.3509
2025-03-05 23:17:42 - INFO - Saved best model for fold 1 with Val Loss: 35.3509
2025-03-05 23:17:44 - INFO - Epoch 089 | Train Loss: 26.2321 | Val Loss: 35.6588
2025-03-05 23:17:47 - INFO - Epoch 090 | Train Loss: 26.4415 | Val Loss: 37.4734
2025-03-05 23:17:50 - INFO - Epoch 091 | Train Loss: 25.1420 | Val Loss: 39.0718
2025-03-05 23:17:52 - INFO - Epoch 092 | Train Loss: 25.5865 | Val Loss: 35.8922
2025-03-05 23:17:54 - INFO - Epoch 093 | Train Loss: 26.0804 | Val Loss: 38.7643
2025-03-05 23:17:57 - INFO - Epoch 094 | Train Loss: 26.6793 | Val Loss: 49.3468
2025-03-05 23:17:59 - INFO - Epoch 095 | Train Loss: 25.1211 | Val Loss: 37.0892
2025-03-05 23:18:02 - INFO - Epoch 096 | Train Loss: 24.0214 | Val Loss: 39.0330
2025-03-05 23:18:04 - INFO - Epoch 097 | Train Loss: 23.9327 | Val Loss: 35.4229
2025-03-05 23:18:07 - INFO - Epoch 098 | Train Loss: 23.0818 | Val Loss: 35.8938
2025-03-05 23:18:09 - INFO - Epoch 099 | Train Loss: 23.5722 | Val Loss: 36.7203
2025-03-05 23:18:11 - INFO - Epoch 100 | Train Loss: 23.1502 | Val Loss: 34.8861
2025-03-05 23:18:11 - INFO - Saved best model for fold 1 with Val Loss: 34.8861
2025-03-05 23:18:14 - INFO - Epoch 101 | Train Loss: 22.0687 | Val Loss: 36.2891
2025-03-05 23:18:16 - INFO - Epoch 102 | Train Loss: 22.3081 | Val Loss: 38.9314
2025-03-05 23:18:19 - INFO - Epoch 103 | Train Loss: 22.8144 | Val Loss: 35.1101
2025-03-05 23:18:21 - INFO - Epoch 104 | Train Loss: 23.3115 | Val Loss: 36.2135
2025-03-05 23:18:24 - INFO - Epoch 105 | Train Loss: 22.7360 | Val Loss: 39.8825
2025-03-05 23:18:26 - INFO - Epoch 106 | Train Loss: 24.2418 | Val Loss: 38.6715
2025-03-05 23:18:28 - INFO - Epoch 107 | Train Loss: 22.3255 | Val Loss: 34.4780
2025-03-05 23:18:28 - INFO - Saved best model for fold 1 with Val Loss: 34.4780
2025-03-05 23:18:31 - INFO - Epoch 108 | Train Loss: 22.1598 | Val Loss: 34.7680
2025-03-05 23:18:33 - INFO - Epoch 109 | Train Loss: 21.2171 | Val Loss: 36.3882
2025-03-05 23:18:36 - INFO - Epoch 110 | Train Loss: 20.3405 | Val Loss: 34.7836
2025-03-05 23:18:38 - INFO - Epoch 111 | Train Loss: 20.4316 | Val Loss: 38.2466
2025-03-05 23:18:40 - INFO - Epoch 112 | Train Loss: 20.9819 | Val Loss: 40.1923
2025-03-05 23:18:43 - INFO - Epoch 113 | Train Loss: 20.0825 | Val Loss: 45.1771
2025-03-05 23:18:45 - INFO - Epoch 114 | Train Loss: 18.9686 | Val Loss: 33.8586
2025-03-05 23:18:45 - INFO - Saved best model for fold 1 with Val Loss: 33.8586
2025-03-05 23:18:48 - INFO - Epoch 115 | Train Loss: 18.9092 | Val Loss: 34.5478
2025-03-05 23:18:50 - INFO - Epoch 116 | Train Loss: 19.3660 | Val Loss: 34.7854
2025-03-05 23:18:52 - INFO - Epoch 117 | Train Loss: 20.1706 | Val Loss: 36.0574
2025-03-05 23:18:55 - INFO - Epoch 118 | Train Loss: 19.3160 | Val Loss: 36.1682
2025-03-05 23:18:57 - INFO - Epoch 119 | Train Loss: 18.9278 | Val Loss: 36.2818
2025-03-05 23:19:00 - INFO - Epoch 120 | Train Loss: 18.7994 | Val Loss: 38.8721
2025-03-05 23:19:02 - INFO - Epoch 121 | Train Loss: 19.2774 | Val Loss: 35.1910
2025-03-05 23:19:05 - INFO - Epoch 122 | Train Loss: 19.5550 | Val Loss: 37.7769
2025-03-05 23:19:07 - INFO - Epoch 123 | Train Loss: 19.0343 | Val Loss: 44.5339
2025-03-05 23:19:09 - INFO - Epoch 124 | Train Loss: 17.9413 | Val Loss: 35.4263
2025-03-05 23:19:12 - INFO - Epoch 125 | Train Loss: 18.4029 | Val Loss: 36.2391
2025-03-05 23:19:14 - INFO - Epoch 126 | Train Loss: 17.8217 | Val Loss: 35.6309
2025-03-05 23:19:17 - INFO - Epoch 127 | Train Loss: 17.4694 | Val Loss: 35.3417
2025-03-05 23:19:19 - INFO - Epoch 128 | Train Loss: 17.3457 | Val Loss: 35.3206
2025-03-05 23:19:21 - INFO - Epoch 129 | Train Loss: 17.7851 | Val Loss: 33.9132
2025-03-05 23:19:24 - INFO - Epoch 130 | Train Loss: 16.2609 | Val Loss: 34.9241
2025-03-05 23:19:26 - INFO - Epoch 131 | Train Loss: 16.5938 | Val Loss: 34.0858
2025-03-05 23:19:29 - INFO - Epoch 132 | Train Loss: 15.9014 | Val Loss: 36.3417
2025-03-05 23:19:31 - INFO - Epoch 133 | Train Loss: 18.9464 | Val Loss: 36.1458
2025-03-05 23:19:34 - INFO - Epoch 134 | Train Loss: 18.3333 | Val Loss: 35.7929
2025-03-05 23:19:36 - INFO - Epoch 135 | Train Loss: 17.5757 | Val Loss: 36.2062
2025-03-05 23:19:38 - INFO - Epoch 136 | Train Loss: 17.7526 | Val Loss: 36.4224
2025-03-05 23:19:41 - INFO - Epoch 137 | Train Loss: 18.0326 | Val Loss: 33.7883
2025-03-05 23:19:41 - INFO - Saved best model for fold 1 with Val Loss: 33.7883
2025-03-05 23:19:43 - INFO - Epoch 138 | Train Loss: 16.8361 | Val Loss: 39.4360
2025-03-05 23:19:46 - INFO - Epoch 139 | Train Loss: 16.7495 | Val Loss: 33.4639
2025-03-05 23:19:46 - INFO - Saved best model for fold 1 with Val Loss: 33.4639
2025-03-05 23:19:48 - INFO - Epoch 140 | Train Loss: 15.7591 | Val Loss: 31.8137
2025-03-05 23:19:48 - INFO - Saved best model for fold 1 with Val Loss: 31.8137
2025-03-05 23:19:50 - INFO - Epoch 141 | Train Loss: 15.1819 | Val Loss: 32.6987
2025-03-05 23:19:53 - INFO - Epoch 142 | Train Loss: 14.8386 | Val Loss: 33.8200
2025-03-05 23:19:55 - INFO - Epoch 143 | Train Loss: 15.3973 | Val Loss: 33.3163
2025-03-05 23:19:58 - INFO - Epoch 144 | Train Loss: 15.3112 | Val Loss: 33.9137
2025-03-05 23:20:00 - INFO - Epoch 145 | Train Loss: 15.6117 | Val Loss: 36.7098
2025-03-05 23:20:02 - INFO - Epoch 146 | Train Loss: 15.7849 | Val Loss: 33.7562
2025-03-05 23:20:05 - INFO - Epoch 147 | Train Loss: 16.4229 | Val Loss: 34.7080
2025-03-05 23:20:07 - INFO - Epoch 148 | Train Loss: 16.7983 | Val Loss: 34.8145
2025-03-05 23:20:10 - INFO - Epoch 149 | Train Loss: 15.6972 | Val Loss: 39.8098
2025-03-05 23:20:12 - INFO - Epoch 150 | Train Loss: 15.1394 | Val Loss: 33.7336
2025-03-05 23:20:15 - INFO - Epoch 151 | Train Loss: 14.6797 | Val Loss: 32.9616
2025-03-05 23:20:17 - INFO - Epoch 152 | Train Loss: 15.4271 | Val Loss: 32.9959
2025-03-05 23:20:19 - INFO - Epoch 153 | Train Loss: 14.7639 | Val Loss: 34.7311
2025-03-05 23:20:22 - INFO - Epoch 154 | Train Loss: 13.8004 | Val Loss: 34.5393
2025-03-05 23:20:24 - INFO - Epoch 155 | Train Loss: 15.1660 | Val Loss: 34.9312
2025-03-05 23:20:27 - INFO - Epoch 156 | Train Loss: 15.6673 | Val Loss: 34.4678
2025-03-05 23:20:29 - INFO - Epoch 157 | Train Loss: 15.9326 | Val Loss: 34.1636
2025-03-05 23:20:31 - INFO - Epoch 158 | Train Loss: 14.2661 | Val Loss: 32.7800
2025-03-05 23:20:34 - INFO - Epoch 159 | Train Loss: 14.1199 | Val Loss: 32.7679
2025-03-05 23:20:36 - INFO - Epoch 160 | Train Loss: 13.4162 | Val Loss: 40.6547
2025-03-05 23:20:39 - INFO - Epoch 161 | Train Loss: 12.9567 | Val Loss: 38.1613
2025-03-05 23:20:41 - INFO - Epoch 162 | Train Loss: 15.0129 | Val Loss: 34.0169
2025-03-05 23:20:44 - INFO - Epoch 163 | Train Loss: 14.2631 | Val Loss: 34.3875
2025-03-05 23:20:46 - INFO - Epoch 164 | Train Loss: 14.8349 | Val Loss: 36.0725
2025-03-05 23:20:48 - INFO - Epoch 165 | Train Loss: 21.4640 | Val Loss: 34.9886
2025-03-05 23:20:51 - INFO - Epoch 166 | Train Loss: 20.0302 | Val Loss: 35.8853
2025-03-05 23:20:53 - INFO - Epoch 167 | Train Loss: 16.2537 | Val Loss: 34.3019
2025-03-05 23:20:56 - INFO - Epoch 168 | Train Loss: 15.6946 | Val Loss: 32.0388
2025-03-05 23:20:58 - INFO - Epoch 169 | Train Loss: 14.4283 | Val Loss: 35.1364
2025-03-05 23:21:00 - INFO - Epoch 170 | Train Loss: 13.2682 | Val Loss: 32.8703
2025-03-05 23:21:03 - INFO - Epoch 171 | Train Loss: 12.6657 | Val Loss: 32.4137
2025-03-05 23:21:05 - INFO - Epoch 172 | Train Loss: 13.0023 | Val Loss: 34.3991
2025-03-05 23:21:08 - INFO - Epoch 173 | Train Loss: 12.2143 | Val Loss: 32.4757
2025-03-05 23:21:10 - INFO - Epoch 174 | Train Loss: 12.0235 | Val Loss: 31.7904
2025-03-05 23:21:10 - INFO - Saved best model for fold 1 with Val Loss: 31.7904
2025-03-05 23:21:13 - INFO - Epoch 175 | Train Loss: 11.8248 | Val Loss: 33.2280
2025-03-05 23:21:15 - INFO - Epoch 176 | Train Loss: 12.3054 | Val Loss: 50.5215
2025-03-05 23:21:17 - INFO - Epoch 177 | Train Loss: 15.8871 | Val Loss: 33.9927
2025-03-05 23:21:20 - INFO - Epoch 178 | Train Loss: 14.6176 | Val Loss: 34.3549
2025-03-05 23:21:22 - INFO - Epoch 179 | Train Loss: 13.9415 | Val Loss: 36.1231
2025-03-05 23:21:25 - INFO - Epoch 180 | Train Loss: 12.8779 | Val Loss: 35.0510
2025-03-05 23:21:27 - INFO - Epoch 181 | Train Loss: 12.2311 | Val Loss: 36.6309
2025-03-05 23:21:29 - INFO - Epoch 182 | Train Loss: 12.0768 | Val Loss: 32.8119
2025-03-05 23:21:32 - INFO - Epoch 183 | Train Loss: 11.6053 | Val Loss: 34.1070
2025-03-05 23:21:34 - INFO - Epoch 184 | Train Loss: 11.2192 | Val Loss: 32.1843
2025-03-05 23:21:37 - INFO - Epoch 185 | Train Loss: 10.7869 | Val Loss: 33.0720
2025-03-05 23:21:39 - INFO - Epoch 186 | Train Loss: 10.8826 | Val Loss: 33.4746
2025-03-05 23:21:41 - INFO - Epoch 187 | Train Loss: 11.0259 | Val Loss: 34.5188
2025-03-05 23:21:44 - INFO - Epoch 188 | Train Loss: 10.7553 | Val Loss: 31.9499
2025-03-05 23:21:46 - INFO - Epoch 189 | Train Loss: 10.1470 | Val Loss: 32.6574
2025-03-05 23:21:49 - INFO - Epoch 190 | Train Loss: 10.1669 | Val Loss: 37.3996
2025-03-05 23:21:51 - INFO - Epoch 191 | Train Loss: 10.2703 | Val Loss: 32.2196
2025-03-05 23:21:54 - INFO - Epoch 192 | Train Loss: 9.9596 | Val Loss: 32.7589
2025-03-05 23:21:56 - INFO - Epoch 193 | Train Loss: 10.1132 | Val Loss: 33.8255
2025-03-05 23:21:58 - INFO - Epoch 194 | Train Loss: 13.2503 | Val Loss: 32.7110
2025-03-05 23:22:01 - INFO - Epoch 195 | Train Loss: 20.5569 | Val Loss: 39.5271
2025-03-05 23:22:03 - INFO - Epoch 196 | Train Loss: 24.7073 | Val Loss: 34.0699
2025-03-05 23:22:06 - INFO - Epoch 197 | Train Loss: 18.0463 | Val Loss: 34.8489
2025-03-05 23:22:08 - INFO - Epoch 198 | Train Loss: 15.3400 | Val Loss: 33.1164
2025-03-05 23:22:10 - INFO - Epoch 199 | Train Loss: 13.4071 | Val Loss: 31.3577
2025-03-05 23:22:10 - INFO - Saved best model for fold 1 with Val Loss: 31.3577
