2025-03-09 15:03:29 - INFO - Model save directory: ./model_checkpoints
2025-03-09 15:03:34 - INFO - Total number of samples: 311871
2025-03-09 15:03:34 - INFO - Fold 1/3
2025-03-09 15:03:34 - INFO - Number of train samples: 207914
2025-03-09 15:03:34 - INFO - Number of val samples: 103957
2025-03-09 15:03:43 - INFO - Epoch 001 | Train Loss: 0.5188 | Val Loss: 0.3907
2025-03-09 15:03:43 - INFO - Saved best model for fold 1 with Val Loss: 0.3907
2025-03-09 15:03:51 - INFO - Epoch 002 | Train Loss: 0.3792 | Val Loss: 0.3452
2025-03-09 15:03:51 - INFO - Saved best model for fold 1 with Val Loss: 0.3452
2025-03-09 15:03:58 - INFO - Epoch 003 | Train Loss: 0.3396 | Val Loss: 0.3130
2025-03-09 15:03:58 - INFO - Saved best model for fold 1 with Val Loss: 0.3130
2025-03-09 15:04:06 - INFO - Epoch 004 | Train Loss: 0.3036 | Val Loss: 0.2979
2025-03-09 15:04:06 - INFO - Saved best model for fold 1 with Val Loss: 0.2979
2025-03-09 15:04:14 - INFO - Epoch 005 | Train Loss: 0.2671 | Val Loss: 0.2687
2025-03-09 15:04:14 - INFO - Saved best model for fold 1 with Val Loss: 0.2687
2025-03-09 15:04:22 - INFO - Epoch 006 | Train Loss: 0.2340 | Val Loss: 0.2282
2025-03-09 15:04:22 - INFO - Saved best model for fold 1 with Val Loss: 0.2282
2025-03-09 15:04:30 - INFO - Epoch 007 | Train Loss: 0.2044 | Val Loss: 0.2199
2025-03-09 15:04:30 - INFO - Saved best model for fold 1 with Val Loss: 0.2199
2025-03-09 15:04:38 - INFO - Epoch 008 | Train Loss: 0.1805 | Val Loss: 0.1860
2025-03-09 15:04:38 - INFO - Saved best model for fold 1 with Val Loss: 0.1860
2025-03-09 15:04:46 - INFO - Epoch 009 | Train Loss: 0.1606 | Val Loss: 0.1630
2025-03-09 15:04:46 - INFO - Saved best model for fold 1 with Val Loss: 0.1630
2025-03-09 15:04:55 - INFO - Epoch 010 | Train Loss: 0.1442 | Val Loss: 0.1521
2025-03-09 15:04:55 - INFO - Saved best model for fold 1 with Val Loss: 0.1521
2025-03-09 15:05:03 - INFO - Epoch 011 | Train Loss: 0.1300 | Val Loss: 0.1376
2025-03-09 15:05:03 - INFO - Saved best model for fold 1 with Val Loss: 0.1376
2025-03-09 15:05:11 - INFO - Epoch 012 | Train Loss: 0.1195 | Val Loss: 0.1346
2025-03-09 15:05:11 - INFO - Saved best model for fold 1 with Val Loss: 0.1346
2025-03-09 15:05:19 - INFO - Epoch 013 | Train Loss: 0.1108 | Val Loss: 0.1323
2025-03-09 15:05:19 - INFO - Saved best model for fold 1 with Val Loss: 0.1323
2025-03-09 15:05:27 - INFO - Epoch 014 | Train Loss: 0.1022 | Val Loss: 0.1177
2025-03-09 15:05:27 - INFO - Saved best model for fold 1 with Val Loss: 0.1177
2025-03-09 15:05:35 - INFO - Epoch 015 | Train Loss: 0.0954 | Val Loss: 0.1071
2025-03-09 15:05:35 - INFO - Saved best model for fold 1 with Val Loss: 0.1071
2025-03-09 15:05:44 - INFO - Epoch 016 | Train Loss: 0.0896 | Val Loss: 0.1015
2025-03-09 15:05:44 - INFO - Saved best model for fold 1 with Val Loss: 0.1015
2025-03-09 15:05:52 - INFO - Epoch 017 | Train Loss: 0.0836 | Val Loss: 0.1006
2025-03-09 15:05:52 - INFO - Saved best model for fold 1 with Val Loss: 0.1006
2025-03-09 15:06:00 - INFO - Epoch 018 | Train Loss: 0.0800 | Val Loss: 0.0968
2025-03-09 15:06:00 - INFO - Saved best model for fold 1 with Val Loss: 0.0968
2025-03-09 15:06:08 - INFO - Epoch 019 | Train Loss: 0.0759 | Val Loss: 0.0893
2025-03-09 15:06:08 - INFO - Saved best model for fold 1 with Val Loss: 0.0893
2025-03-09 15:06:16 - INFO - Epoch 020 | Train Loss: 0.0719 | Val Loss: 0.0902
2025-03-09 15:06:25 - INFO - Epoch 021 | Train Loss: 0.0685 | Val Loss: 0.0846
2025-03-09 15:06:25 - INFO - Saved best model for fold 1 with Val Loss: 0.0846
2025-03-09 15:06:33 - INFO - Epoch 022 | Train Loss: 0.0651 | Val Loss: 0.0839
2025-03-09 15:06:33 - INFO - Saved best model for fold 1 with Val Loss: 0.0839
2025-03-09 15:06:41 - INFO - Epoch 023 | Train Loss: 0.0628 | Val Loss: 0.0800
2025-03-09 15:06:41 - INFO - Saved best model for fold 1 with Val Loss: 0.0800
2025-03-09 15:06:50 - INFO - Epoch 024 | Train Loss: 0.0600 | Val Loss: 0.0826
2025-03-09 15:06:58 - INFO - Epoch 025 | Train Loss: 0.0579 | Val Loss: 0.0808
2025-03-09 15:07:06 - INFO - Epoch 026 | Train Loss: 0.0554 | Val Loss: 0.0744
2025-03-09 15:07:06 - INFO - Saved best model for fold 1 with Val Loss: 0.0744
2025-03-09 15:07:14 - INFO - Epoch 027 | Train Loss: 0.0537 | Val Loss: 0.0751
2025-03-09 15:07:23 - INFO - Epoch 028 | Train Loss: 0.0516 | Val Loss: 0.0683
2025-03-09 15:07:23 - INFO - Saved best model for fold 1 with Val Loss: 0.0683
2025-03-09 15:07:31 - INFO - Epoch 029 | Train Loss: 0.0503 | Val Loss: 0.0697
2025-03-09 15:07:39 - INFO - Epoch 030 | Train Loss: 0.0485 | Val Loss: 0.0669
2025-03-09 15:07:39 - INFO - Saved best model for fold 1 with Val Loss: 0.0669
2025-03-09 15:07:47 - INFO - Epoch 031 | Train Loss: 0.0466 | Val Loss: 0.0665
2025-03-09 15:07:47 - INFO - Saved best model for fold 1 with Val Loss: 0.0665
2025-03-09 15:07:55 - INFO - Epoch 032 | Train Loss: 0.0454 | Val Loss: 0.0653
2025-03-09 15:07:55 - INFO - Saved best model for fold 1 with Val Loss: 0.0653
2025-03-09 15:08:03 - INFO - Epoch 033 | Train Loss: 0.0439 | Val Loss: 0.0651
2025-03-09 15:08:03 - INFO - Saved best model for fold 1 with Val Loss: 0.0651
2025-03-09 15:08:11 - INFO - Epoch 034 | Train Loss: 0.0422 | Val Loss: 0.0639
2025-03-09 15:08:11 - INFO - Saved best model for fold 1 with Val Loss: 0.0639
2025-03-09 15:08:20 - INFO - Epoch 035 | Train Loss: 0.0411 | Val Loss: 0.0603
2025-03-09 15:08:20 - INFO - Saved best model for fold 1 with Val Loss: 0.0603
2025-03-09 15:08:28 - INFO - Epoch 036 | Train Loss: 0.0399 | Val Loss: 0.0640
2025-03-09 15:08:36 - INFO - Epoch 037 | Train Loss: 0.0386 | Val Loss: 0.0563
2025-03-09 15:08:36 - INFO - Saved best model for fold 1 with Val Loss: 0.0563
2025-03-09 15:08:44 - INFO - Epoch 038 | Train Loss: 0.0376 | Val Loss: 0.0558
2025-03-09 15:08:44 - INFO - Saved best model for fold 1 with Val Loss: 0.0558
2025-03-09 15:08:52 - INFO - Epoch 039 | Train Loss: 0.0363 | Val Loss: 0.0560
2025-03-09 15:09:01 - INFO - Epoch 040 | Train Loss: 0.0355 | Val Loss: 0.0553
2025-03-09 15:09:01 - INFO - Saved best model for fold 1 with Val Loss: 0.0553
2025-03-09 15:09:09 - INFO - Epoch 041 | Train Loss: 0.0343 | Val Loss: 0.0557
2025-03-09 15:09:17 - INFO - Epoch 042 | Train Loss: 0.0334 | Val Loss: 0.0558
2025-03-09 15:09:26 - INFO - Epoch 043 | Train Loss: 0.0328 | Val Loss: 0.0526
2025-03-09 15:09:26 - INFO - Saved best model for fold 1 with Val Loss: 0.0526
2025-03-09 15:09:35 - INFO - Epoch 044 | Train Loss: 0.0316 | Val Loss: 0.0510
2025-03-09 15:09:35 - INFO - Saved best model for fold 1 with Val Loss: 0.0510
2025-03-09 15:09:44 - INFO - Epoch 045 | Train Loss: 0.0309 | Val Loss: 0.0536
2025-03-09 15:09:52 - INFO - Epoch 046 | Train Loss: 0.0300 | Val Loss: 0.0500
2025-03-09 15:09:52 - INFO - Saved best model for fold 1 with Val Loss: 0.0500
2025-03-09 15:10:00 - INFO - Epoch 047 | Train Loss: 0.0291 | Val Loss: 0.0519
2025-03-09 15:10:08 - INFO - Epoch 048 | Train Loss: 0.0285 | Val Loss: 0.0499
2025-03-09 15:10:08 - INFO - Saved best model for fold 1 with Val Loss: 0.0499
2025-03-09 15:10:16 - INFO - Epoch 049 | Train Loss: 0.0275 | Val Loss: 0.0477
2025-03-09 15:10:16 - INFO - Saved best model for fold 1 with Val Loss: 0.0477
2025-03-09 15:10:25 - INFO - Epoch 050 | Train Loss: 0.0269 | Val Loss: 0.0508
2025-03-09 15:10:33 - INFO - Epoch 051 | Train Loss: 0.0261 | Val Loss: 0.0476
2025-03-09 15:10:33 - INFO - Saved best model for fold 1 with Val Loss: 0.0476
2025-03-09 15:10:41 - INFO - Epoch 052 | Train Loss: 0.0254 | Val Loss: 0.0462
2025-03-09 15:10:41 - INFO - Saved best model for fold 1 with Val Loss: 0.0462
2025-03-09 15:10:49 - INFO - Epoch 053 | Train Loss: 0.0249 | Val Loss: 0.0451
2025-03-09 15:10:49 - INFO - Saved best model for fold 1 with Val Loss: 0.0451
2025-03-09 15:10:57 - INFO - Epoch 054 | Train Loss: 0.0242 | Val Loss: 0.0456
2025-03-09 15:11:06 - INFO - Epoch 055 | Train Loss: 0.0236 | Val Loss: 0.0451
2025-03-09 15:11:06 - INFO - Saved best model for fold 1 with Val Loss: 0.0451
2025-03-09 15:11:14 - INFO - Epoch 056 | Train Loss: 0.0231 | Val Loss: 0.0452
2025-03-09 15:11:22 - INFO - Epoch 057 | Train Loss: 0.0223 | Val Loss: 0.0446
2025-03-09 15:11:22 - INFO - Saved best model for fold 1 with Val Loss: 0.0446
2025-03-09 15:11:30 - INFO - Epoch 058 | Train Loss: 0.0218 | Val Loss: 0.0432
2025-03-09 15:11:30 - INFO - Saved best model for fold 1 with Val Loss: 0.0432
2025-03-09 15:11:37 - INFO - Epoch 059 | Train Loss: 0.0212 | Val Loss: 0.0442
2025-03-09 15:11:45 - INFO - Epoch 060 | Train Loss: 0.0206 | Val Loss: 0.0441
2025-03-09 15:11:53 - INFO - Epoch 061 | Train Loss: 0.0202 | Val Loss: 0.0432
2025-03-09 15:11:53 - INFO - Saved best model for fold 1 with Val Loss: 0.0432
2025-03-09 15:12:02 - INFO - Epoch 062 | Train Loss: 0.0197 | Val Loss: 0.0432
2025-03-09 15:12:10 - INFO - Epoch 063 | Train Loss: 0.0192 | Val Loss: 0.0414
2025-03-09 15:12:10 - INFO - Saved best model for fold 1 with Val Loss: 0.0414
2025-03-09 15:12:18 - INFO - Epoch 064 | Train Loss: 0.0188 | Val Loss: 0.0419
2025-03-09 15:12:26 - INFO - Epoch 065 | Train Loss: 0.0183 | Val Loss: 0.0411
2025-03-09 15:12:26 - INFO - Saved best model for fold 1 with Val Loss: 0.0411
2025-03-09 15:12:34 - INFO - Epoch 066 | Train Loss: 0.0179 | Val Loss: 0.0401
2025-03-09 15:12:34 - INFO - Saved best model for fold 1 with Val Loss: 0.0401
2025-03-09 15:12:42 - INFO - Epoch 067 | Train Loss: 0.0175 | Val Loss: 0.0403
2025-03-09 15:12:50 - INFO - Epoch 068 | Train Loss: 0.0170 | Val Loss: 0.0402
2025-03-09 15:12:59 - INFO - Epoch 069 | Train Loss: 0.0167 | Val Loss: 0.0400
2025-03-09 15:12:59 - INFO - Saved best model for fold 1 with Val Loss: 0.0400
2025-03-09 15:13:07 - INFO - Epoch 070 | Train Loss: 0.0163 | Val Loss: 0.0401
2025-03-09 15:13:15 - INFO - Epoch 071 | Train Loss: 0.0160 | Val Loss: 0.0392
2025-03-09 15:13:15 - INFO - Saved best model for fold 1 with Val Loss: 0.0392
2025-03-09 15:13:24 - INFO - Epoch 072 | Train Loss: 0.0156 | Val Loss: 0.0394
2025-03-09 15:13:32 - INFO - Epoch 073 | Train Loss: 0.0153 | Val Loss: 0.0391
2025-03-09 15:13:32 - INFO - Saved best model for fold 1 with Val Loss: 0.0391
2025-03-09 15:13:40 - INFO - Epoch 074 | Train Loss: 0.0150 | Val Loss: 0.0389
2025-03-09 15:13:40 - INFO - Saved best model for fold 1 with Val Loss: 0.0389
2025-03-09 15:13:48 - INFO - Epoch 075 | Train Loss: 0.0147 | Val Loss: 0.0390
2025-03-09 15:13:56 - INFO - Epoch 076 | Train Loss: 0.0144 | Val Loss: 0.0388
2025-03-09 15:13:56 - INFO - Saved best model for fold 1 with Val Loss: 0.0388
2025-03-09 15:14:05 - INFO - Epoch 077 | Train Loss: 0.0142 | Val Loss: 0.0387
2025-03-09 15:14:05 - INFO - Saved best model for fold 1 with Val Loss: 0.0387
2025-03-09 15:14:13 - INFO - Epoch 078 | Train Loss: 0.0139 | Val Loss: 0.0386
2025-03-09 15:14:13 - INFO - Saved best model for fold 1 with Val Loss: 0.0386
2025-03-09 15:14:21 - INFO - Epoch 079 | Train Loss: 0.0137 | Val Loss: 0.0383
2025-03-09 15:14:21 - INFO - Saved best model for fold 1 with Val Loss: 0.0383
2025-03-09 15:14:30 - INFO - Epoch 080 | Train Loss: 0.0135 | Val Loss: 0.0384
2025-03-09 15:14:38 - INFO - Epoch 081 | Train Loss: 0.0132 | Val Loss: 0.0383
2025-03-09 15:14:38 - INFO - Saved best model for fold 1 with Val Loss: 0.0383
2025-03-09 15:14:46 - INFO - Epoch 082 | Train Loss: 0.0131 | Val Loss: 0.0381
2025-03-09 15:14:46 - INFO - Saved best model for fold 1 with Val Loss: 0.0381
2025-03-09 15:14:55 - INFO - Epoch 083 | Train Loss: 0.0129 | Val Loss: 0.0382
2025-03-09 15:15:03 - INFO - Epoch 084 | Train Loss: 0.0127 | Val Loss: 0.0380
2025-03-09 15:15:03 - INFO - Saved best model for fold 1 with Val Loss: 0.0380
2025-03-09 15:15:11 - INFO - Epoch 085 | Train Loss: 0.0125 | Val Loss: 0.0380
2025-03-09 15:15:11 - INFO - Saved best model for fold 1 with Val Loss: 0.0380
2025-03-09 15:15:20 - INFO - Epoch 086 | Train Loss: 0.0124 | Val Loss: 0.0379
2025-03-09 15:15:20 - INFO - Saved best model for fold 1 with Val Loss: 0.0379
2025-03-09 15:15:27 - INFO - Epoch 087 | Train Loss: 0.0122 | Val Loss: 0.0378
2025-03-09 15:15:27 - INFO - Saved best model for fold 1 with Val Loss: 0.0378
2025-03-09 15:15:35 - INFO - Epoch 088 | Train Loss: 0.0121 | Val Loss: 0.0378
2025-03-09 15:15:35 - INFO - Saved best model for fold 1 with Val Loss: 0.0378
2025-03-09 15:15:43 - INFO - Epoch 089 | Train Loss: 0.0120 | Val Loss: 0.0379
2025-03-09 15:15:51 - INFO - Epoch 090 | Train Loss: 0.0119 | Val Loss: 0.0377
2025-03-09 15:15:51 - INFO - Saved best model for fold 1 with Val Loss: 0.0377
2025-03-09 15:15:58 - INFO - Epoch 091 | Train Loss: 0.0118 | Val Loss: 0.0378
2025-03-09 15:16:06 - INFO - Epoch 092 | Train Loss: 0.0117 | Val Loss: 0.0376
2025-03-09 15:16:06 - INFO - Saved best model for fold 1 with Val Loss: 0.0376
2025-03-09 15:16:14 - INFO - Epoch 093 | Train Loss: 0.0116 | Val Loss: 0.0377
2025-03-09 15:16:21 - INFO - Epoch 094 | Train Loss: 0.0115 | Val Loss: 0.0377
2025-03-09 15:16:29 - INFO - Epoch 095 | Train Loss: 0.0115 | Val Loss: 0.0377
2025-03-09 15:16:36 - INFO - Epoch 096 | Train Loss: 0.0114 | Val Loss: 0.0377
2025-03-09 15:16:44 - INFO - Epoch 097 | Train Loss: 0.0114 | Val Loss: 0.0377
2025-03-09 15:16:52 - INFO - Epoch 098 | Train Loss: 0.0113 | Val Loss: 0.0376
2025-03-09 15:17:00 - INFO - Epoch 099 | Train Loss: 0.0113 | Val Loss: 0.0376
2025-03-09 15:17:08 - INFO - Epoch 100 | Train Loss: 0.0113 | Val Loss: 0.0376
2025-03-09 15:17:08 - INFO - Saved best model for fold 1 with Val Loss: 0.0376
2025-03-09 15:17:15 - INFO - Epoch 101 | Train Loss: 0.0113 | Val Loss: 0.0377
2025-03-09 15:17:23 - INFO - Epoch 102 | Train Loss: 0.0113 | Val Loss: 0.0376
2025-03-09 15:17:31 - INFO - Epoch 103 | Train Loss: 0.0113 | Val Loss: 0.0376
2025-03-09 15:17:39 - INFO - Epoch 104 | Train Loss: 0.0113 | Val Loss: 0.0377
2025-03-09 15:17:47 - INFO - Epoch 105 | Train Loss: 0.0114 | Val Loss: 0.0377
2025-03-09 15:17:55 - INFO - Epoch 106 | Train Loss: 0.0114 | Val Loss: 0.0377
2025-03-09 15:18:02 - INFO - Epoch 107 | Train Loss: 0.0114 | Val Loss: 0.0377
2025-03-09 15:18:10 - INFO - Epoch 108 | Train Loss: 0.0115 | Val Loss: 0.0377
2025-03-09 15:18:17 - INFO - Epoch 109 | Train Loss: 0.0115 | Val Loss: 0.0378
2025-03-09 15:18:25 - INFO - Epoch 110 | Train Loss: 0.0116 | Val Loss: 0.0379
2025-03-09 15:18:33 - INFO - Epoch 111 | Train Loss: 0.0117 | Val Loss: 0.0377
2025-03-09 15:18:40 - INFO - Epoch 112 | Train Loss: 0.0117 | Val Loss: 0.0379
2025-03-09 15:18:48 - INFO - Epoch 113 | Train Loss: 0.0118 | Val Loss: 0.0378
2025-03-09 15:18:56 - INFO - Epoch 114 | Train Loss: 0.0119 | Val Loss: 0.0378
2025-03-09 15:19:04 - INFO - Epoch 115 | Train Loss: 0.0120 | Val Loss: 0.0380
2025-03-09 15:19:11 - INFO - Epoch 116 | Train Loss: 0.0120 | Val Loss: 0.0382
2025-03-09 15:19:19 - INFO - Epoch 117 | Train Loss: 0.0121 | Val Loss: 0.0380
2025-03-09 15:19:27 - INFO - Epoch 118 | Train Loss: 0.0122 | Val Loss: 0.0381
2025-03-09 15:19:35 - INFO - Epoch 119 | Train Loss: 0.0124 | Val Loss: 0.0381
2025-03-09 15:19:43 - INFO - Epoch 120 | Train Loss: 0.0125 | Val Loss: 0.0382
2025-03-09 15:19:51 - INFO - Epoch 121 | Train Loss: 0.0126 | Val Loss: 0.0382
2025-03-09 15:19:59 - INFO - Epoch 122 | Train Loss: 0.0127 | Val Loss: 0.0384
2025-03-09 15:20:07 - INFO - Epoch 123 | Train Loss: 0.0128 | Val Loss: 0.0384
2025-03-09 15:20:15 - INFO - Epoch 124 | Train Loss: 0.0130 | Val Loss: 0.0383
2025-03-09 15:20:24 - INFO - Epoch 125 | Train Loss: 0.0131 | Val Loss: 0.0387
2025-03-09 15:20:32 - INFO - Epoch 126 | Train Loss: 0.0132 | Val Loss: 0.0386
2025-03-09 15:20:40 - INFO - Epoch 127 | Train Loss: 0.0134 | Val Loss: 0.0390
2025-03-09 15:20:48 - INFO - Epoch 128 | Train Loss: 0.0135 | Val Loss: 0.0389
2025-03-09 15:20:55 - INFO - Epoch 129 | Train Loss: 0.0138 | Val Loss: 0.0394
2025-03-09 15:21:03 - INFO - Epoch 130 | Train Loss: 0.0139 | Val Loss: 0.0393
2025-03-09 15:21:12 - INFO - Epoch 131 | Train Loss: 0.0141 | Val Loss: 0.0391
2025-03-09 15:21:20 - INFO - Epoch 132 | Train Loss: 0.0144 | Val Loss: 0.0391
2025-03-09 15:21:28 - INFO - Epoch 133 | Train Loss: 0.0145 | Val Loss: 0.0400
2025-03-09 15:21:37 - INFO - Epoch 134 | Train Loss: 0.0147 | Val Loss: 0.0397
2025-03-09 15:21:45 - INFO - Epoch 135 | Train Loss: 0.0150 | Val Loss: 0.0401
2025-03-09 15:21:53 - INFO - Epoch 136 | Train Loss: 0.0152 | Val Loss: 0.0414
2025-03-09 15:22:02 - INFO - Epoch 137 | Train Loss: 0.0155 | Val Loss: 0.0402
2025-03-09 15:22:10 - INFO - Epoch 138 | Train Loss: 0.0157 | Val Loss: 0.0402
2025-03-09 15:22:18 - INFO - Epoch 139 | Train Loss: 0.0160 | Val Loss: 0.0403
2025-03-09 15:22:26 - INFO - Epoch 140 | Train Loss: 0.0163 | Val Loss: 0.0412
2025-03-09 15:22:34 - INFO - Epoch 141 | Train Loss: 0.0166 | Val Loss: 0.0404
2025-03-09 15:22:43 - INFO - Epoch 142 | Train Loss: 0.0170 | Val Loss: 0.0411
2025-03-09 15:22:51 - INFO - Epoch 143 | Train Loss: 0.0173 | Val Loss: 0.0421
2025-03-09 15:22:58 - INFO - Epoch 144 | Train Loss: 0.0175 | Val Loss: 0.0413
2025-03-09 15:23:06 - INFO - Epoch 145 | Train Loss: 0.0180 | Val Loss: 0.0419
2025-03-09 15:23:13 - INFO - Epoch 146 | Train Loss: 0.0183 | Val Loss: 0.0416
2025-03-09 15:23:20 - INFO - Epoch 147 | Train Loss: 0.0185 | Val Loss: 0.0423
2025-03-09 15:23:28 - INFO - Epoch 148 | Train Loss: 0.0191 | Val Loss: 0.0423
2025-03-09 15:23:36 - INFO - Epoch 149 | Train Loss: 0.0194 | Val Loss: 0.0428
2025-03-09 15:23:43 - INFO - Epoch 150 | Train Loss: 0.0196 | Val Loss: 0.0418
2025-03-09 15:23:51 - INFO - Epoch 151 | Train Loss: 0.0202 | Val Loss: 0.0430
2025-03-09 15:23:58 - INFO - Epoch 152 | Train Loss: 0.0204 | Val Loss: 0.0440
2025-03-09 15:24:05 - INFO - Epoch 153 | Train Loss: 0.0209 | Val Loss: 0.0436
2025-03-09 15:24:13 - INFO - Epoch 154 | Train Loss: 0.0212 | Val Loss: 0.0482
2025-03-09 15:24:20 - INFO - Epoch 155 | Train Loss: 0.0220 | Val Loss: 0.0464
2025-03-09 15:24:28 - INFO - Epoch 156 | Train Loss: 0.0220 | Val Loss: 0.0435
2025-03-09 15:24:35 - INFO - Epoch 157 | Train Loss: 0.0228 | Val Loss: 0.0451
2025-03-09 15:24:43 - INFO - Epoch 158 | Train Loss: 0.0229 | Val Loss: 0.0447
2025-03-09 15:24:51 - INFO - Epoch 159 | Train Loss: 0.0236 | Val Loss: 0.0435
2025-03-09 15:24:59 - INFO - Epoch 160 | Train Loss: 0.0237 | Val Loss: 0.0530
2025-03-09 15:25:07 - INFO - Epoch 161 | Train Loss: 0.0241 | Val Loss: 0.0456
2025-03-09 15:25:15 - INFO - Epoch 162 | Train Loss: 0.0247 | Val Loss: 0.0455
2025-03-09 15:25:23 - INFO - Epoch 163 | Train Loss: 0.0251 | Val Loss: 0.0457
2025-03-09 15:25:31 - INFO - Epoch 164 | Train Loss: 0.0256 | Val Loss: 0.0458
2025-03-09 15:25:40 - INFO - Epoch 165 | Train Loss: 0.0257 | Val Loss: 0.0477
2025-03-09 15:25:47 - INFO - Epoch 166 | Train Loss: 0.0263 | Val Loss: 0.0473
2025-03-09 15:25:55 - INFO - Epoch 167 | Train Loss: 0.0270 | Val Loss: 0.0495
2025-03-09 15:26:04 - INFO - Epoch 168 | Train Loss: 0.0274 | Val Loss: 0.0485
2025-03-09 15:26:12 - INFO - Epoch 169 | Train Loss: 0.0274 | Val Loss: 0.0469
2025-03-09 15:26:20 - INFO - Epoch 170 | Train Loss: 0.0281 | Val Loss: 0.0508
2025-03-09 15:26:28 - INFO - Epoch 171 | Train Loss: 0.0283 | Val Loss: 0.0476
2025-03-09 15:26:36 - INFO - Epoch 172 | Train Loss: 0.0284 | Val Loss: 0.0509
2025-03-09 15:26:45 - INFO - Epoch 173 | Train Loss: 0.0293 | Val Loss: 0.0491
2025-03-09 15:26:53 - INFO - Epoch 174 | Train Loss: 0.0291 | Val Loss: 0.0499
2025-03-09 15:27:01 - INFO - Epoch 175 | Train Loss: 0.0305 | Val Loss: 0.0497
2025-03-09 15:27:09 - INFO - Epoch 176 | Train Loss: 0.0296 | Val Loss: 0.0501
2025-03-09 15:27:18 - INFO - Epoch 177 | Train Loss: 0.0307 | Val Loss: 0.0516
2025-03-09 15:27:26 - INFO - Epoch 178 | Train Loss: 0.0305 | Val Loss: 0.0568
2025-03-09 15:27:34 - INFO - Epoch 179 | Train Loss: 0.0309 | Val Loss: 0.0522
2025-03-09 15:27:42 - INFO - Epoch 180 | Train Loss: 0.0312 | Val Loss: 0.0505
2025-03-09 15:27:50 - INFO - Epoch 181 | Train Loss: 0.0316 | Val Loss: 0.0514
2025-03-09 15:27:58 - INFO - Epoch 182 | Train Loss: 0.0315 | Val Loss: 0.0530
2025-03-09 15:28:06 - INFO - Epoch 183 | Train Loss: 0.0323 | Val Loss: 0.0593
2025-03-09 15:28:14 - INFO - Epoch 184 | Train Loss: 0.0317 | Val Loss: 0.0518
2025-03-09 15:28:22 - INFO - Epoch 185 | Train Loss: 0.0323 | Val Loss: 0.0516
2025-03-09 15:28:30 - INFO - Epoch 186 | Train Loss: 0.0325 | Val Loss: 0.0507
2025-03-09 15:28:38 - INFO - Epoch 187 | Train Loss: 0.0330 | Val Loss: 0.0540
2025-03-09 15:28:47 - INFO - Epoch 188 | Train Loss: 0.0336 | Val Loss: 0.0525
2025-03-09 15:28:55 - INFO - Epoch 189 | Train Loss: 0.0333 | Val Loss: 0.0544
2025-03-09 15:29:04 - INFO - Epoch 190 | Train Loss: 0.0337 | Val Loss: 0.0542
2025-03-09 15:29:12 - INFO - Epoch 191 | Train Loss: 0.0344 | Val Loss: 0.0587
2025-03-09 15:29:20 - INFO - Epoch 192 | Train Loss: 0.0333 | Val Loss: 0.0568
2025-03-09 15:29:28 - INFO - Epoch 193 | Train Loss: 0.0333 | Val Loss: 0.0519
2025-03-09 15:29:36 - INFO - Epoch 194 | Train Loss: 0.0339 | Val Loss: 0.0511
2025-03-09 15:29:44 - INFO - Epoch 195 | Train Loss: 0.0341 | Val Loss: 0.0560
2025-03-09 15:29:53 - INFO - Epoch 196 | Train Loss: 0.0336 | Val Loss: 0.0548
2025-03-09 15:30:01 - INFO - Epoch 197 | Train Loss: 0.0336 | Val Loss: 0.0523
2025-03-09 15:30:09 - INFO - Epoch 198 | Train Loss: 0.0333 | Val Loss: 0.0532
2025-03-09 15:30:17 - INFO - Epoch 199 | Train Loss: 0.0335 | Val Loss: 0.0556
2025-03-09 15:30:25 - INFO - Epoch 200 | Train Loss: 0.0337 | Val Loss: 0.0529
2025-03-09 15:30:34 - INFO - Epoch 201 | Train Loss: 0.0342 | Val Loss: 0.0525
2025-03-09 15:30:41 - INFO - Epoch 202 | Train Loss: 0.0338 | Val Loss: 0.0526
2025-03-09 15:30:48 - INFO - Epoch 203 | Train Loss: 0.0331 | Val Loss: 0.0492
2025-03-09 15:30:56 - INFO - Epoch 204 | Train Loss: 0.0331 | Val Loss: 0.0573
2025-03-09 15:31:04 - INFO - Epoch 205 | Train Loss: 0.0330 | Val Loss: 0.0535
2025-03-09 15:31:12 - INFO - Epoch 206 | Train Loss: 0.0326 | Val Loss: 0.0548
2025-03-09 15:31:21 - INFO - Epoch 207 | Train Loss: 0.0327 | Val Loss: 0.0504
2025-03-09 15:31:29 - INFO - Epoch 208 | Train Loss: 0.0321 | Val Loss: 0.0507
2025-03-09 15:31:37 - INFO - Epoch 209 | Train Loss: 0.0322 | Val Loss: 0.0506
2025-03-09 15:31:45 - INFO - Epoch 210 | Train Loss: 0.0319 | Val Loss: 0.0514
2025-03-09 15:31:53 - INFO - Epoch 211 | Train Loss: 0.0321 | Val Loss: 0.0512
2025-03-09 15:32:01 - INFO - Epoch 212 | Train Loss: 0.0319 | Val Loss: 0.0522
2025-03-09 15:32:09 - INFO - Epoch 213 | Train Loss: 0.0314 | Val Loss: 0.0510
2025-03-09 15:32:17 - INFO - Epoch 214 | Train Loss: 0.0308 | Val Loss: 0.0502
2025-03-09 15:32:25 - INFO - Epoch 215 | Train Loss: 0.0306 | Val Loss: 0.0492
2025-03-09 15:32:34 - INFO - Epoch 216 | Train Loss: 0.0299 | Val Loss: 0.0487
2025-03-09 15:32:41 - INFO - Epoch 217 | Train Loss: 0.0296 | Val Loss: 0.0473
2025-03-09 15:32:49 - INFO - Epoch 218 | Train Loss: 0.0299 | Val Loss: 0.0481
2025-03-09 15:32:58 - INFO - Epoch 219 | Train Loss: 0.0292 | Val Loss: 0.0483
2025-03-09 15:33:06 - INFO - Epoch 220 | Train Loss: 0.0289 | Val Loss: 0.0474
2025-03-09 15:33:14 - INFO - Epoch 221 | Train Loss: 0.0289 | Val Loss: 0.0504
2025-03-09 15:33:22 - INFO - Epoch 222 | Train Loss: 0.0276 | Val Loss: 0.0463
2025-03-09 15:33:30 - INFO - Epoch 223 | Train Loss: 0.0276 | Val Loss: 0.0465
2025-03-09 15:33:39 - INFO - Epoch 224 | Train Loss: 0.0273 | Val Loss: 0.0471
2025-03-09 15:33:47 - INFO - Epoch 225 | Train Loss: 0.0268 | Val Loss: 0.0479
2025-03-09 15:33:55 - INFO - Epoch 226 | Train Loss: 0.0267 | Val Loss: 0.0460
2025-03-09 15:34:04 - INFO - Epoch 227 | Train Loss: 0.0258 | Val Loss: 0.0442
2025-03-09 15:34:12 - INFO - Epoch 228 | Train Loss: 0.0255 | Val Loss: 0.0455
2025-03-09 15:34:20 - INFO - Epoch 229 | Train Loss: 0.0252 | Val Loss: 0.0458
2025-03-09 15:34:28 - INFO - Epoch 230 | Train Loss: 0.0248 | Val Loss: 0.0462
2025-03-09 15:34:37 - INFO - Epoch 231 | Train Loss: 0.0240 | Val Loss: 0.0448
2025-03-09 15:34:44 - INFO - Epoch 232 | Train Loss: 0.0238 | Val Loss: 0.0433
2025-03-09 15:34:52 - INFO - Epoch 233 | Train Loss: 0.0236 | Val Loss: 0.0427
2025-03-09 15:35:01 - INFO - Epoch 234 | Train Loss: 0.0228 | Val Loss: 0.0439
2025-03-09 15:35:09 - INFO - Epoch 235 | Train Loss: 0.0226 | Val Loss: 0.0419
2025-03-09 15:35:17 - INFO - Epoch 236 | Train Loss: 0.0221 | Val Loss: 0.0418
2025-03-09 15:35:25 - INFO - Epoch 237 | Train Loss: 0.0216 | Val Loss: 0.0420
2025-03-09 15:35:34 - INFO - Epoch 238 | Train Loss: 0.0211 | Val Loss: 0.0415
2025-03-09 15:35:42 - INFO - Epoch 239 | Train Loss: 0.0208 | Val Loss: 0.0426
2025-03-09 15:35:50 - INFO - Epoch 240 | Train Loss: 0.0203 | Val Loss: 0.0406
2025-03-09 15:35:58 - INFO - Epoch 241 | Train Loss: 0.0198 | Val Loss: 0.0418
2025-03-09 15:36:06 - INFO - Epoch 242 | Train Loss: 0.0195 | Val Loss: 0.0406
2025-03-09 15:36:15 - INFO - Epoch 243 | Train Loss: 0.0189 | Val Loss: 0.0418
2025-03-09 15:36:23 - INFO - Epoch 244 | Train Loss: 0.0186 | Val Loss: 0.0401
2025-03-09 15:36:31 - INFO - Epoch 245 | Train Loss: 0.0181 | Val Loss: 0.0393
2025-03-09 15:36:39 - INFO - Epoch 246 | Train Loss: 0.0178 | Val Loss: 0.0392
2025-03-09 15:36:48 - INFO - Epoch 247 | Train Loss: 0.0174 | Val Loss: 0.0386
2025-03-09 15:36:56 - INFO - Epoch 248 | Train Loss: 0.0170 | Val Loss: 0.0395
2025-03-09 15:37:04 - INFO - Epoch 249 | Train Loss: 0.0165 | Val Loss: 0.0380
2025-03-09 15:37:12 - INFO - Epoch 250 | Train Loss: 0.0163 | Val Loss: 0.0377
2025-03-09 15:37:20 - INFO - Epoch 251 | Train Loss: 0.0158 | Val Loss: 0.0371
2025-03-09 15:37:20 - INFO - Saved best model for fold 1 with Val Loss: 0.0371
2025-03-09 15:37:29 - INFO - Epoch 252 | Train Loss: 0.0155 | Val Loss: 0.0376
2025-03-09 15:37:37 - INFO - Epoch 253 | Train Loss: 0.0152 | Val Loss: 0.0367
2025-03-09 15:37:37 - INFO - Saved best model for fold 1 with Val Loss: 0.0367
2025-03-09 15:37:45 - INFO - Epoch 254 | Train Loss: 0.0147 | Val Loss: 0.0370
2025-03-09 15:37:53 - INFO - Epoch 255 | Train Loss: 0.0143 | Val Loss: 0.0360
2025-03-09 15:37:53 - INFO - Saved best model for fold 1 with Val Loss: 0.0360
2025-03-09 15:38:01 - INFO - Epoch 256 | Train Loss: 0.0140 | Val Loss: 0.0363
2025-03-09 15:38:10 - INFO - Epoch 257 | Train Loss: 0.0136 | Val Loss: 0.0364
2025-03-09 15:38:18 - INFO - Epoch 258 | Train Loss: 0.0133 | Val Loss: 0.0362
2025-03-09 15:38:26 - INFO - Epoch 259 | Train Loss: 0.0130 | Val Loss: 0.0353
2025-03-09 15:38:26 - INFO - Saved best model for fold 1 with Val Loss: 0.0353
2025-03-09 15:38:34 - INFO - Epoch 260 | Train Loss: 0.0127 | Val Loss: 0.0353
2025-03-09 15:38:42 - INFO - Epoch 261 | Train Loss: 0.0124 | Val Loss: 0.0347
2025-03-09 15:38:42 - INFO - Saved best model for fold 1 with Val Loss: 0.0347
2025-03-09 15:38:50 - INFO - Epoch 262 | Train Loss: 0.0121 | Val Loss: 0.0352
2025-03-09 15:38:58 - INFO - Epoch 263 | Train Loss: 0.0117 | Val Loss: 0.0347
2025-03-09 15:39:06 - INFO - Epoch 264 | Train Loss: 0.0115 | Val Loss: 0.0345
2025-03-09 15:39:06 - INFO - Saved best model for fold 1 with Val Loss: 0.0345
2025-03-09 15:39:14 - INFO - Epoch 265 | Train Loss: 0.0112 | Val Loss: 0.0344
2025-03-09 15:39:14 - INFO - Saved best model for fold 1 with Val Loss: 0.0344
2025-03-09 15:39:21 - INFO - Epoch 266 | Train Loss: 0.0110 | Val Loss: 0.0345
2025-03-09 15:39:29 - INFO - Epoch 267 | Train Loss: 0.0107 | Val Loss: 0.0340
2025-03-09 15:39:29 - INFO - Saved best model for fold 1 with Val Loss: 0.0340
2025-03-09 15:39:37 - INFO - Epoch 268 | Train Loss: 0.0105 | Val Loss: 0.0341
2025-03-09 15:39:45 - INFO - Epoch 269 | Train Loss: 0.0102 | Val Loss: 0.0337
2025-03-09 15:39:45 - INFO - Saved best model for fold 1 with Val Loss: 0.0337
2025-03-09 15:39:54 - INFO - Epoch 270 | Train Loss: 0.0100 | Val Loss: 0.0336
2025-03-09 15:39:54 - INFO - Saved best model for fold 1 with Val Loss: 0.0336
2025-03-09 15:40:02 - INFO - Epoch 271 | Train Loss: 0.0098 | Val Loss: 0.0334
2025-03-09 15:40:02 - INFO - Saved best model for fold 1 with Val Loss: 0.0334
2025-03-09 15:40:10 - INFO - Epoch 272 | Train Loss: 0.0096 | Val Loss: 0.0336
2025-03-09 15:40:17 - INFO - Epoch 273 | Train Loss: 0.0094 | Val Loss: 0.0333
2025-03-09 15:40:17 - INFO - Saved best model for fold 1 with Val Loss: 0.0333
2025-03-09 15:40:25 - INFO - Epoch 274 | Train Loss: 0.0092 | Val Loss: 0.0333
2025-03-09 15:40:25 - INFO - Saved best model for fold 1 with Val Loss: 0.0333
2025-03-09 15:40:32 - INFO - Epoch 275 | Train Loss: 0.0090 | Val Loss: 0.0330
2025-03-09 15:40:32 - INFO - Saved best model for fold 1 with Val Loss: 0.0330
2025-03-09 15:40:40 - INFO - Epoch 276 | Train Loss: 0.0089 | Val Loss: 0.0332
2025-03-09 15:40:47 - INFO - Epoch 277 | Train Loss: 0.0087 | Val Loss: 0.0329
2025-03-09 15:40:47 - INFO - Saved best model for fold 1 with Val Loss: 0.0329
2025-03-09 15:40:55 - INFO - Epoch 278 | Train Loss: 0.0085 | Val Loss: 0.0330
2025-03-09 15:41:02 - INFO - Epoch 279 | Train Loss: 0.0084 | Val Loss: 0.0328
2025-03-09 15:41:02 - INFO - Saved best model for fold 1 with Val Loss: 0.0328
2025-03-09 15:41:09 - INFO - Epoch 280 | Train Loss: 0.0082 | Val Loss: 0.0327
2025-03-09 15:41:09 - INFO - Saved best model for fold 1 with Val Loss: 0.0327
2025-03-09 15:41:17 - INFO - Epoch 281 | Train Loss: 0.0081 | Val Loss: 0.0328
2025-03-09 15:41:24 - INFO - Epoch 282 | Train Loss: 0.0080 | Val Loss: 0.0327
2025-03-09 15:41:24 - INFO - Saved best model for fold 1 with Val Loss: 0.0327
2025-03-09 15:41:32 - INFO - Epoch 283 | Train Loss: 0.0079 | Val Loss: 0.0326
2025-03-09 15:41:32 - INFO - Saved best model for fold 1 with Val Loss: 0.0326
2025-03-09 15:41:39 - INFO - Epoch 284 | Train Loss: 0.0078 | Val Loss: 0.0326
2025-03-09 15:41:47 - INFO - Epoch 285 | Train Loss: 0.0076 | Val Loss: 0.0326
2025-03-09 15:41:55 - INFO - Epoch 286 | Train Loss: 0.0076 | Val Loss: 0.0325
2025-03-09 15:41:55 - INFO - Saved best model for fold 1 with Val Loss: 0.0325
2025-03-09 15:42:03 - INFO - Epoch 287 | Train Loss: 0.0075 | Val Loss: 0.0326
2025-03-09 15:42:10 - INFO - Epoch 288 | Train Loss: 0.0074 | Val Loss: 0.0326
2025-03-09 15:42:18 - INFO - Epoch 289 | Train Loss: 0.0073 | Val Loss: 0.0325
2025-03-09 15:42:26 - INFO - Epoch 290 | Train Loss: 0.0072 | Val Loss: 0.0326
2025-03-09 15:42:34 - INFO - Epoch 291 | Train Loss: 0.0072 | Val Loss: 0.0325
2025-03-09 15:42:42 - INFO - Epoch 292 | Train Loss: 0.0071 | Val Loss: 0.0325
2025-03-09 15:42:42 - INFO - Saved best model for fold 1 with Val Loss: 0.0325
2025-03-09 15:42:50 - INFO - Epoch 293 | Train Loss: 0.0071 | Val Loss: 0.0325
2025-03-09 15:42:58 - INFO - Epoch 294 | Train Loss: 0.0070 | Val Loss: 0.0325
2025-03-09 15:42:58 - INFO - Saved best model for fold 1 with Val Loss: 0.0325
2025-03-09 15:43:06 - INFO - Epoch 295 | Train Loss: 0.0070 | Val Loss: 0.0325
2025-03-09 15:43:14 - INFO - Epoch 296 | Train Loss: 0.0069 | Val Loss: 0.0325
2025-03-09 15:43:22 - INFO - Epoch 297 | Train Loss: 0.0069 | Val Loss: 0.0325
2025-03-09 15:43:30 - INFO - Epoch 298 | Train Loss: 0.0069 | Val Loss: 0.0325
2025-03-09 15:43:30 - INFO - Saved best model for fold 1 with Val Loss: 0.0325
2025-03-09 15:43:38 - INFO - Epoch 299 | Train Loss: 0.0069 | Val Loss: 0.0325
2025-03-09 15:43:38 - INFO - Saved best model for fold 1 with Val Loss: 0.0325
2025-03-09 15:43:46 - INFO - Epoch 300 | Train Loss: 0.0069 | Val Loss: 0.0325
2025-03-09 15:43:53 - INFO - Epoch 301 | Train Loss: 0.0068 | Val Loss: 0.0325
2025-03-09 15:44:01 - INFO - Epoch 302 | Train Loss: 0.0068 | Val Loss: 0.0325
2025-03-09 15:44:09 - INFO - Epoch 303 | Train Loss: 0.0069 | Val Loss: 0.0325
2025-03-09 15:44:09 - INFO - Saved best model for fold 1 with Val Loss: 0.0325
2025-03-09 15:44:16 - INFO - Epoch 304 | Train Loss: 0.0069 | Val Loss: 0.0325
2025-03-09 15:44:24 - INFO - Epoch 305 | Train Loss: 0.0069 | Val Loss: 0.0325
2025-03-09 15:44:31 - INFO - Epoch 306 | Train Loss: 0.0069 | Val Loss: 0.0325
2025-03-09 15:44:39 - INFO - Epoch 307 | Train Loss: 0.0069 | Val Loss: 0.0325
2025-03-09 15:44:48 - INFO - Epoch 308 | Train Loss: 0.0070 | Val Loss: 0.0325
2025-03-09 15:44:56 - INFO - Epoch 309 | Train Loss: 0.0070 | Val Loss: 0.0326
2025-03-09 15:45:03 - INFO - Epoch 310 | Train Loss: 0.0071 | Val Loss: 0.0326
2025-03-09 15:45:11 - INFO - Epoch 311 | Train Loss: 0.0071 | Val Loss: 0.0326
2025-03-09 15:45:19 - INFO - Epoch 312 | Train Loss: 0.0072 | Val Loss: 0.0326
2025-03-09 15:45:27 - INFO - Epoch 313 | Train Loss: 0.0072 | Val Loss: 0.0327
2025-03-09 15:45:35 - INFO - Epoch 314 | Train Loss: 0.0073 | Val Loss: 0.0327
2025-03-09 15:45:42 - INFO - Epoch 315 | Train Loss: 0.0073 | Val Loss: 0.0328
2025-03-09 15:45:51 - INFO - Epoch 316 | Train Loss: 0.0074 | Val Loss: 0.0327
2025-03-09 15:45:58 - INFO - Epoch 317 | Train Loss: 0.0075 | Val Loss: 0.0329
2025-03-09 15:46:07 - INFO - Epoch 318 | Train Loss: 0.0075 | Val Loss: 0.0328
2025-03-09 15:46:15 - INFO - Epoch 319 | Train Loss: 0.0076 | Val Loss: 0.0329
2025-03-09 15:46:23 - INFO - Epoch 320 | Train Loss: 0.0077 | Val Loss: 0.0330
2025-03-09 15:46:31 - INFO - Epoch 321 | Train Loss: 0.0078 | Val Loss: 0.0331
2025-03-09 15:46:39 - INFO - Epoch 322 | Train Loss: 0.0079 | Val Loss: 0.0332
2025-03-09 15:46:48 - INFO - Epoch 323 | Train Loss: 0.0080 | Val Loss: 0.0331
2025-03-09 15:46:56 - INFO - Epoch 324 | Train Loss: 0.0081 | Val Loss: 0.0335
2025-03-09 15:47:04 - INFO - Epoch 325 | Train Loss: 0.0082 | Val Loss: 0.0333
2025-03-09 15:47:12 - INFO - Epoch 326 | Train Loss: 0.0083 | Val Loss: 0.0333
2025-03-09 15:47:19 - INFO - Epoch 327 | Train Loss: 0.0084 | Val Loss: 0.0334
2025-03-09 15:47:27 - INFO - Epoch 328 | Train Loss: 0.0085 | Val Loss: 0.0336
2025-03-09 15:47:35 - INFO - Epoch 329 | Train Loss: 0.0087 | Val Loss: 0.0339
2025-03-09 15:47:44 - INFO - Epoch 330 | Train Loss: 0.0088 | Val Loss: 0.0338
2025-03-09 15:47:52 - INFO - Epoch 331 | Train Loss: 0.0090 | Val Loss: 0.0344
2025-03-09 15:48:00 - INFO - Epoch 332 | Train Loss: 0.0092 | Val Loss: 0.0341
2025-03-09 15:48:08 - INFO - Epoch 333 | Train Loss: 0.0093 | Val Loss: 0.0341
2025-03-09 15:48:16 - INFO - Epoch 334 | Train Loss: 0.0095 | Val Loss: 0.0344
2025-03-09 15:48:24 - INFO - Epoch 335 | Train Loss: 0.0097 | Val Loss: 0.0351
2025-03-09 15:48:32 - INFO - Epoch 336 | Train Loss: 0.0099 | Val Loss: 0.0346
2025-03-09 15:48:40 - INFO - Epoch 337 | Train Loss: 0.0101 | Val Loss: 0.0348
2025-03-09 15:48:48 - INFO - Epoch 338 | Train Loss: 0.0103 | Val Loss: 0.0350
2025-03-09 15:48:55 - INFO - Epoch 339 | Train Loss: 0.0106 | Val Loss: 0.0351
2025-03-09 15:49:03 - INFO - Epoch 340 | Train Loss: 0.0108 | Val Loss: 0.0351
2025-03-09 15:49:11 - INFO - Epoch 341 | Train Loss: 0.0111 | Val Loss: 0.0357
2025-03-09 15:49:19 - INFO - Epoch 342 | Train Loss: 0.0113 | Val Loss: 0.0359
2025-03-09 15:49:27 - INFO - Epoch 343 | Train Loss: 0.0115 | Val Loss: 0.0360
2025-03-09 15:49:35 - INFO - Epoch 344 | Train Loss: 0.0119 | Val Loss: 0.0355
2025-03-09 15:49:44 - INFO - Epoch 345 | Train Loss: 0.0121 | Val Loss: 0.0362
2025-03-09 15:49:52 - INFO - Epoch 346 | Train Loss: 0.0124 | Val Loss: 0.0358
2025-03-09 15:50:00 - INFO - Epoch 347 | Train Loss: 0.0127 | Val Loss: 0.0361
2025-03-09 15:50:08 - INFO - Epoch 348 | Train Loss: 0.0129 | Val Loss: 0.0376
2025-03-09 15:50:16 - INFO - Epoch 349 | Train Loss: 0.0133 | Val Loss: 0.0373
2025-03-09 15:50:24 - INFO - Epoch 350 | Train Loss: 0.0136 | Val Loss: 0.0374
2025-03-09 15:50:33 - INFO - Epoch 351 | Train Loss: 0.0139 | Val Loss: 0.0364
2025-03-09 15:50:41 - INFO - Epoch 352 | Train Loss: 0.0143 | Val Loss: 0.0371
2025-03-09 15:50:49 - INFO - Epoch 353 | Train Loss: 0.0147 | Val Loss: 0.0381
2025-03-09 15:50:57 - INFO - Epoch 354 | Train Loss: 0.0150 | Val Loss: 0.0389
2025-03-09 15:51:05 - INFO - Epoch 355 | Train Loss: 0.0152 | Val Loss: 0.0391
2025-03-09 15:51:14 - INFO - Epoch 356 | Train Loss: 0.0159 | Val Loss: 0.0387
2025-03-09 15:51:21 - INFO - Epoch 357 | Train Loss: 0.0161 | Val Loss: 0.0387
2025-03-09 15:51:30 - INFO - Epoch 358 | Train Loss: 0.0165 | Val Loss: 0.0392
2025-03-09 15:51:38 - INFO - Epoch 359 | Train Loss: 0.0170 | Val Loss: 0.0406
2025-03-09 15:51:46 - INFO - Epoch 360 | Train Loss: 0.0171 | Val Loss: 0.0395
2025-03-09 15:51:53 - INFO - Epoch 361 | Train Loss: 0.0177 | Val Loss: 0.0392
2025-03-09 15:52:01 - INFO - Epoch 362 | Train Loss: 0.0179 | Val Loss: 0.0406
2025-03-09 15:52:08 - INFO - Epoch 363 | Train Loss: 0.0185 | Val Loss: 0.0406
2025-03-09 15:52:16 - INFO - Epoch 364 | Train Loss: 0.0189 | Val Loss: 0.0452
2025-03-09 15:52:25 - INFO - Epoch 365 | Train Loss: 0.0190 | Val Loss: 0.0421
2025-03-09 15:52:33 - INFO - Epoch 366 | Train Loss: 0.0198 | Val Loss: 0.0408
2025-03-09 15:52:41 - INFO - Epoch 367 | Train Loss: 0.0199 | Val Loss: 0.0412
2025-03-09 15:52:49 - INFO - Epoch 368 | Train Loss: 0.0203 | Val Loss: 0.0415
2025-03-09 15:52:57 - INFO - Epoch 369 | Train Loss: 0.0206 | Val Loss: 0.0542
2025-03-09 15:53:06 - INFO - Epoch 370 | Train Loss: 0.0211 | Val Loss: 0.0404
2025-03-09 15:53:14 - INFO - Epoch 371 | Train Loss: 0.0219 | Val Loss: 0.0438
2025-03-09 15:53:22 - INFO - Epoch 372 | Train Loss: 0.0216 | Val Loss: 0.0427
2025-03-09 15:53:31 - INFO - Epoch 373 | Train Loss: 0.0229 | Val Loss: 0.0440
2025-03-09 15:53:39 - INFO - Epoch 374 | Train Loss: 0.0231 | Val Loss: 0.0462
2025-03-09 15:53:47 - INFO - Epoch 375 | Train Loss: 0.0226 | Val Loss: 0.0447
2025-03-09 15:53:56 - INFO - Epoch 376 | Train Loss: 0.0231 | Val Loss: 0.0444
2025-03-09 15:54:04 - INFO - Epoch 377 | Train Loss: 0.0237 | Val Loss: 0.0443
2025-03-09 15:54:12 - INFO - Epoch 378 | Train Loss: 0.0241 | Val Loss: 0.0451
2025-03-09 15:54:20 - INFO - Epoch 379 | Train Loss: 0.0246 | Val Loss: 0.0443
2025-03-09 15:54:28 - INFO - Epoch 380 | Train Loss: 0.0245 | Val Loss: 0.0465
2025-03-09 15:54:36 - INFO - Epoch 381 | Train Loss: 0.0255 | Val Loss: 0.0479
2025-03-09 15:54:44 - INFO - Epoch 382 | Train Loss: 0.0259 | Val Loss: 0.0441
2025-03-09 15:54:52 - INFO - Epoch 383 | Train Loss: 0.0253 | Val Loss: 0.0455
2025-03-09 15:55:00 - INFO - Epoch 384 | Train Loss: 0.0257 | Val Loss: 0.0472
2025-03-09 15:55:08 - INFO - Epoch 385 | Train Loss: 0.0261 | Val Loss: 0.0456
2025-03-09 15:55:17 - INFO - Epoch 386 | Train Loss: 0.0263 | Val Loss: 0.0463
2025-03-09 15:55:25 - INFO - Epoch 387 | Train Loss: 0.0264 | Val Loss: 0.0638
2025-03-09 15:55:34 - INFO - Epoch 388 | Train Loss: 0.0269 | Val Loss: 0.0482
2025-03-09 15:55:42 - INFO - Epoch 389 | Train Loss: 0.0273 | Val Loss: 0.0473
2025-03-09 15:55:50 - INFO - Epoch 390 | Train Loss: 0.0279 | Val Loss: 0.0483
2025-03-09 15:55:58 - INFO - Epoch 391 | Train Loss: 0.0272 | Val Loss: 0.0465
2025-03-09 15:56:06 - INFO - Epoch 392 | Train Loss: 0.0276 | Val Loss: 0.0494
2025-03-09 15:56:15 - INFO - Epoch 393 | Train Loss: 0.0280 | Val Loss: 0.0479
2025-03-09 15:56:23 - INFO - Epoch 394 | Train Loss: 0.0279 | Val Loss: 0.0465
2025-03-09 15:56:31 - INFO - Epoch 395 | Train Loss: 0.0280 | Val Loss: 0.0476
2025-03-09 15:56:39 - INFO - Epoch 396 | Train Loss: 0.0280 | Val Loss: 0.0473
2025-03-09 15:56:46 - INFO - Epoch 397 | Train Loss: 0.0285 | Val Loss: 0.0452
2025-03-09 15:56:54 - INFO - Epoch 398 | Train Loss: 0.0280 | Val Loss: 0.0496
2025-03-09 15:57:02 - INFO - Epoch 399 | Train Loss: 0.0299 | Val Loss: 0.0493
2025-03-09 15:57:10 - INFO - Epoch 400 | Train Loss: 0.0276 | Val Loss: 0.0515
2025-03-09 15:57:18 - INFO - Epoch 401 | Train Loss: 0.0285 | Val Loss: 0.0487
2025-03-09 15:57:26 - INFO - Epoch 402 | Train Loss: 0.0283 | Val Loss: 0.0462
2025-03-09 15:57:34 - INFO - Epoch 403 | Train Loss: 0.0284 | Val Loss: 0.0496
2025-03-09 15:57:43 - INFO - Epoch 404 | Train Loss: 0.0279 | Val Loss: 0.0539
2025-03-09 15:57:51 - INFO - Epoch 405 | Train Loss: 0.0280 | Val Loss: 0.0501
2025-03-09 15:57:59 - INFO - Epoch 406 | Train Loss: 0.0284 | Val Loss: 0.0514
2025-03-09 15:58:07 - INFO - Epoch 407 | Train Loss: 0.0280 | Val Loss: 0.0520
2025-03-09 15:58:15 - INFO - Epoch 408 | Train Loss: 0.0276 | Val Loss: 0.0496
2025-03-09 15:58:23 - INFO - Epoch 409 | Train Loss: 0.0277 | Val Loss: 0.0481
2025-03-09 15:58:31 - INFO - Epoch 410 | Train Loss: 0.0273 | Val Loss: 0.0455
2025-03-09 15:58:40 - INFO - Epoch 411 | Train Loss: 0.0274 | Val Loss: 0.0463
2025-03-09 15:58:48 - INFO - Epoch 412 | Train Loss: 0.0269 | Val Loss: 0.0448
2025-03-09 15:58:56 - INFO - Epoch 413 | Train Loss: 0.0270 | Val Loss: 0.0476
2025-03-09 15:59:04 - INFO - Epoch 414 | Train Loss: 0.0280 | Val Loss: 0.0463
2025-03-09 15:59:12 - INFO - Epoch 415 | Train Loss: 0.0257 | Val Loss: 0.0466
2025-03-09 15:59:21 - INFO - Epoch 416 | Train Loss: 0.0262 | Val Loss: 0.0474
2025-03-09 15:59:29 - INFO - Epoch 417 | Train Loss: 0.0257 | Val Loss: 0.0451
2025-03-09 15:59:37 - INFO - Epoch 418 | Train Loss: 0.0259 | Val Loss: 0.0452
2025-03-09 15:59:45 - INFO - Epoch 419 | Train Loss: 0.0253 | Val Loss: 0.0458
2025-03-09 15:59:53 - INFO - Epoch 420 | Train Loss: 0.0252 | Val Loss: 0.0434
2025-03-09 16:00:02 - INFO - Epoch 421 | Train Loss: 0.0254 | Val Loss: 0.0434
2025-03-09 16:00:10 - INFO - Epoch 422 | Train Loss: 0.0244 | Val Loss: 0.0454
2025-03-09 16:00:18 - INFO - Epoch 423 | Train Loss: 0.0242 | Val Loss: 0.0444
2025-03-09 16:00:26 - INFO - Epoch 424 | Train Loss: 0.0238 | Val Loss: 0.0458
2025-03-09 16:00:34 - INFO - Epoch 425 | Train Loss: 0.0249 | Val Loss: 0.0436
2025-03-09 16:00:42 - INFO - Epoch 426 | Train Loss: 0.0227 | Val Loss: 0.0424
2025-03-09 16:00:50 - INFO - Epoch 427 | Train Loss: 0.0234 | Val Loss: 0.0453
2025-03-09 16:00:58 - INFO - Epoch 428 | Train Loss: 0.0220 | Val Loss: 0.0427
2025-03-09 16:01:07 - INFO - Epoch 429 | Train Loss: 0.0219 | Val Loss: 0.0421
2025-03-09 16:01:15 - INFO - Epoch 430 | Train Loss: 0.0218 | Val Loss: 0.0416
2025-03-09 16:01:23 - INFO - Epoch 431 | Train Loss: 0.0212 | Val Loss: 0.0413
2025-03-09 16:01:31 - INFO - Epoch 432 | Train Loss: 0.0207 | Val Loss: 0.0408
2025-03-09 16:01:39 - INFO - Epoch 433 | Train Loss: 0.0205 | Val Loss: 0.0423
2025-03-09 16:01:48 - INFO - Epoch 434 | Train Loss: 0.0202 | Val Loss: 0.0402
2025-03-09 16:01:56 - INFO - Epoch 435 | Train Loss: 0.0196 | Val Loss: 0.0399
2025-03-09 16:02:04 - INFO - Epoch 436 | Train Loss: 0.0193 | Val Loss: 0.0404
2025-03-09 16:02:12 - INFO - Epoch 437 | Train Loss: 0.0190 | Val Loss: 0.0387
2025-03-09 16:02:20 - INFO - Epoch 438 | Train Loss: 0.0187 | Val Loss: 0.0402
2025-03-09 16:02:28 - INFO - Epoch 439 | Train Loss: 0.0181 | Val Loss: 0.0397
2025-03-09 16:02:36 - INFO - Epoch 440 | Train Loss: 0.0177 | Val Loss: 0.0381
2025-03-09 16:02:44 - INFO - Epoch 441 | Train Loss: 0.0174 | Val Loss: 0.0380
2025-03-09 16:02:52 - INFO - Epoch 442 | Train Loss: 0.0170 | Val Loss: 0.0382
2025-03-09 16:03:00 - INFO - Epoch 443 | Train Loss: 0.0166 | Val Loss: 0.0384
2025-03-09 16:03:08 - INFO - Epoch 444 | Train Loss: 0.0162 | Val Loss: 0.0382
2025-03-09 16:03:16 - INFO - Epoch 445 | Train Loss: 0.0160 | Val Loss: 0.0361
2025-03-09 16:03:24 - INFO - Epoch 446 | Train Loss: 0.0157 | Val Loss: 0.0370
2025-03-09 16:03:33 - INFO - Epoch 447 | Train Loss: 0.0151 | Val Loss: 0.0367
2025-03-09 16:03:40 - INFO - Epoch 448 | Train Loss: 0.0148 | Val Loss: 0.0366
2025-03-09 16:03:48 - INFO - Epoch 449 | Train Loss: 0.0145 | Val Loss: 0.0368
2025-03-09 16:03:56 - INFO - Epoch 450 | Train Loss: 0.0141 | Val Loss: 0.0366
2025-03-09 16:04:04 - INFO - Epoch 451 | Train Loss: 0.0138 | Val Loss: 0.0350
2025-03-09 16:04:13 - INFO - Epoch 452 | Train Loss: 0.0134 | Val Loss: 0.0352
2025-03-09 16:04:21 - INFO - Epoch 453 | Train Loss: 0.0131 | Val Loss: 0.0355
2025-03-09 16:04:29 - INFO - Epoch 454 | Train Loss: 0.0128 | Val Loss: 0.0348
2025-03-09 16:04:37 - INFO - Epoch 455 | Train Loss: 0.0126 | Val Loss: 0.0348
2025-03-09 16:04:45 - INFO - Epoch 456 | Train Loss: 0.0121 | Val Loss: 0.0349
2025-03-09 16:04:53 - INFO - Epoch 457 | Train Loss: 0.0119 | Val Loss: 0.0339
2025-03-09 16:05:01 - INFO - Epoch 458 | Train Loss: 0.0115 | Val Loss: 0.0339
2025-03-09 16:05:09 - INFO - Epoch 459 | Train Loss: 0.0112 | Val Loss: 0.0337
2025-03-09 16:05:18 - INFO - Epoch 460 | Train Loss: 0.0110 | Val Loss: 0.0336
2025-03-09 16:05:26 - INFO - Epoch 461 | Train Loss: 0.0107 | Val Loss: 0.0333
2025-03-09 16:05:34 - INFO - Epoch 462 | Train Loss: 0.0105 | Val Loss: 0.0331
2025-03-09 16:05:42 - INFO - Epoch 463 | Train Loss: 0.0102 | Val Loss: 0.0331
2025-03-09 16:05:50 - INFO - Epoch 464 | Train Loss: 0.0099 | Val Loss: 0.0329
2025-03-09 16:05:58 - INFO - Epoch 465 | Train Loss: 0.0097 | Val Loss: 0.0329
2025-03-09 16:06:06 - INFO - Epoch 466 | Train Loss: 0.0095 | Val Loss: 0.0333
2025-03-09 16:06:14 - INFO - Epoch 467 | Train Loss: 0.0092 | Val Loss: 0.0325
2025-03-09 16:06:22 - INFO - Epoch 468 | Train Loss: 0.0090 | Val Loss: 0.0326
2025-03-09 16:06:31 - INFO - Epoch 469 | Train Loss: 0.0088 | Val Loss: 0.0324
2025-03-09 16:06:31 - INFO - Saved best model for fold 1 with Val Loss: 0.0324
2025-03-09 16:06:39 - INFO - Epoch 470 | Train Loss: 0.0087 | Val Loss: 0.0323
2025-03-09 16:06:39 - INFO - Saved best model for fold 1 with Val Loss: 0.0323
2025-03-09 16:06:47 - INFO - Epoch 471 | Train Loss: 0.0084 | Val Loss: 0.0322
2025-03-09 16:06:47 - INFO - Saved best model for fold 1 with Val Loss: 0.0322
2025-03-09 16:06:55 - INFO - Epoch 472 | Train Loss: 0.0082 | Val Loss: 0.0320
2025-03-09 16:06:55 - INFO - Saved best model for fold 1 with Val Loss: 0.0320
2025-03-09 16:07:03 - INFO - Epoch 473 | Train Loss: 0.0081 | Val Loss: 0.0321
2025-03-09 16:07:11 - INFO - Epoch 474 | Train Loss: 0.0079 | Val Loss: 0.0321
2025-03-09 16:07:19 - INFO - Epoch 475 | Train Loss: 0.0077 | Val Loss: 0.0320
2025-03-09 16:07:27 - INFO - Epoch 476 | Train Loss: 0.0076 | Val Loss: 0.0319
2025-03-09 16:07:27 - INFO - Saved best model for fold 1 with Val Loss: 0.0319
2025-03-09 16:07:35 - INFO - Epoch 477 | Train Loss: 0.0075 | Val Loss: 0.0317
2025-03-09 16:07:35 - INFO - Saved best model for fold 1 with Val Loss: 0.0317
2025-03-09 16:07:43 - INFO - Epoch 478 | Train Loss: 0.0073 | Val Loss: 0.0317
2025-03-09 16:07:43 - INFO - Saved best model for fold 1 with Val Loss: 0.0317
2025-03-09 16:07:51 - INFO - Epoch 479 | Train Loss: 0.0072 | Val Loss: 0.0318
2025-03-09 16:07:59 - INFO - Epoch 480 | Train Loss: 0.0070 | Val Loss: 0.0317
2025-03-09 16:08:07 - INFO - Epoch 481 | Train Loss: 0.0069 | Val Loss: 0.0316
2025-03-09 16:08:07 - INFO - Saved best model for fold 1 with Val Loss: 0.0316
2025-03-09 16:08:15 - INFO - Epoch 482 | Train Loss: 0.0068 | Val Loss: 0.0316
2025-03-09 16:08:15 - INFO - Saved best model for fold 1 with Val Loss: 0.0316
2025-03-09 16:08:23 - INFO - Epoch 483 | Train Loss: 0.0067 | Val Loss: 0.0315
2025-03-09 16:08:23 - INFO - Saved best model for fold 1 with Val Loss: 0.0315
2025-03-09 16:08:32 - INFO - Epoch 484 | Train Loss: 0.0066 | Val Loss: 0.0315
2025-03-09 16:08:40 - INFO - Epoch 485 | Train Loss: 0.0065 | Val Loss: 0.0316
2025-03-09 16:08:48 - INFO - Epoch 486 | Train Loss: 0.0064 | Val Loss: 0.0315
2025-03-09 16:08:48 - INFO - Saved best model for fold 1 with Val Loss: 0.0315
2025-03-09 16:08:56 - INFO - Epoch 487 | Train Loss: 0.0064 | Val Loss: 0.0314
2025-03-09 16:08:56 - INFO - Saved best model for fold 1 with Val Loss: 0.0314
2025-03-09 16:09:05 - INFO - Epoch 488 | Train Loss: 0.0063 | Val Loss: 0.0315
2025-03-09 16:09:12 - INFO - Epoch 489 | Train Loss: 0.0062 | Val Loss: 0.0315
2025-03-09 16:09:20 - INFO - Epoch 490 | Train Loss: 0.0062 | Val Loss: 0.0314
2025-03-09 16:09:28 - INFO - Epoch 491 | Train Loss: 0.0061 | Val Loss: 0.0314
2025-03-09 16:09:36 - INFO - Epoch 492 | Train Loss: 0.0061 | Val Loss: 0.0314
2025-03-09 16:09:36 - INFO - Saved best model for fold 1 with Val Loss: 0.0314
2025-03-09 16:09:44 - INFO - Epoch 493 | Train Loss: 0.0060 | Val Loss: 0.0314
2025-03-09 16:09:44 - INFO - Saved best model for fold 1 with Val Loss: 0.0314
2025-03-09 16:09:52 - INFO - Epoch 494 | Train Loss: 0.0060 | Val Loss: 0.0314
2025-03-09 16:10:01 - INFO - Epoch 495 | Train Loss: 0.0059 | Val Loss: 0.0314
2025-03-09 16:10:09 - INFO - Epoch 496 | Train Loss: 0.0059 | Val Loss: 0.0314
2025-03-09 16:10:09 - INFO - Saved best model for fold 1 with Val Loss: 0.0314
2025-03-09 16:10:17 - INFO - Epoch 497 | Train Loss: 0.0059 | Val Loss: 0.0314
2025-03-09 16:10:17 - INFO - Saved best model for fold 1 with Val Loss: 0.0314
2025-03-09 16:10:25 - INFO - Epoch 498 | Train Loss: 0.0059 | Val Loss: 0.0314
2025-03-09 16:10:33 - INFO - Epoch 499 | Train Loss: 0.0058 | Val Loss: 0.0314
2025-03-09 16:10:41 - INFO - Epoch 500 | Train Loss: 0.0058 | Val Loss: 0.0314
2025-03-09 16:10:41 - INFO - Saved best model for fold 1 with Val Loss: 0.0314
2025-03-09 16:10:41 - INFO - Fold 1 | Best Val Loss: 0.0314
2025-03-09 16:10:41 - INFO - Fold 2/3
2025-03-09 16:10:41 - INFO - Number of train samples: 207914
2025-03-09 16:10:41 - INFO - Number of val samples: 103957
2025-03-09 16:10:49 - INFO - Epoch 001 | Train Loss: 0.5088 | Val Loss: 0.3883
2025-03-09 16:10:49 - INFO - Saved best model for fold 2 with Val Loss: 0.3883
2025-03-09 16:10:58 - INFO - Epoch 002 | Train Loss: 0.3725 | Val Loss: 0.3432
2025-03-09 16:10:58 - INFO - Saved best model for fold 2 with Val Loss: 0.3432
2025-03-09 16:11:06 - INFO - Epoch 003 | Train Loss: 0.3358 | Val Loss: 0.3400
2025-03-09 16:11:06 - INFO - Saved best model for fold 2 with Val Loss: 0.3400
2025-03-09 16:11:14 - INFO - Epoch 004 | Train Loss: 0.3017 | Val Loss: 0.2937
2025-03-09 16:11:14 - INFO - Saved best model for fold 2 with Val Loss: 0.2937
2025-03-09 16:11:22 - INFO - Epoch 005 | Train Loss: 0.2668 | Val Loss: 0.2520
2025-03-09 16:11:22 - INFO - Saved best model for fold 2 with Val Loss: 0.2520
2025-03-09 16:11:31 - INFO - Epoch 006 | Train Loss: 0.2328 | Val Loss: 0.2441
2025-03-09 16:11:31 - INFO - Saved best model for fold 2 with Val Loss: 0.2441
2025-03-09 16:11:39 - INFO - Epoch 007 | Train Loss: 0.2058 | Val Loss: 0.2206
2025-03-09 16:11:39 - INFO - Saved best model for fold 2 with Val Loss: 0.2206
2025-03-09 16:11:47 - INFO - Epoch 008 | Train Loss: 0.1819 | Val Loss: 0.1877
2025-03-09 16:11:47 - INFO - Saved best model for fold 2 with Val Loss: 0.1877
2025-03-09 16:11:55 - INFO - Epoch 009 | Train Loss: 0.1628 | Val Loss: 0.1705
2025-03-09 16:11:55 - INFO - Saved best model for fold 2 with Val Loss: 0.1705
2025-03-09 16:12:04 - INFO - Epoch 010 | Train Loss: 0.1464 | Val Loss: 0.1543
2025-03-09 16:12:04 - INFO - Saved best model for fold 2 with Val Loss: 0.1543
2025-03-09 16:12:12 - INFO - Epoch 011 | Train Loss: 0.1333 | Val Loss: 0.1403
2025-03-09 16:12:12 - INFO - Saved best model for fold 2 with Val Loss: 0.1403
2025-03-09 16:12:21 - INFO - Epoch 012 | Train Loss: 0.1216 | Val Loss: 0.1322
2025-03-09 16:12:21 - INFO - Saved best model for fold 2 with Val Loss: 0.1322
2025-03-09 16:12:29 - INFO - Epoch 013 | Train Loss: 0.1123 | Val Loss: 0.1343
2025-03-09 16:12:37 - INFO - Epoch 014 | Train Loss: 0.1040 | Val Loss: 0.1203
2025-03-09 16:12:37 - INFO - Saved best model for fold 2 with Val Loss: 0.1203
2025-03-09 16:12:45 - INFO - Epoch 015 | Train Loss: 0.0963 | Val Loss: 0.1128
2025-03-09 16:12:45 - INFO - Saved best model for fold 2 with Val Loss: 0.1128
2025-03-09 16:12:54 - INFO - Epoch 016 | Train Loss: 0.0905 | Val Loss: 0.1113
2025-03-09 16:12:54 - INFO - Saved best model for fold 2 with Val Loss: 0.1113
2025-03-09 16:13:02 - INFO - Epoch 017 | Train Loss: 0.0849 | Val Loss: 0.1061
2025-03-09 16:13:02 - INFO - Saved best model for fold 2 with Val Loss: 0.1061
2025-03-09 16:13:10 - INFO - Epoch 018 | Train Loss: 0.0804 | Val Loss: 0.0956
2025-03-09 16:13:10 - INFO - Saved best model for fold 2 with Val Loss: 0.0956
2025-03-09 16:13:18 - INFO - Epoch 019 | Train Loss: 0.0756 | Val Loss: 0.0949
2025-03-09 16:13:18 - INFO - Saved best model for fold 2 with Val Loss: 0.0949
2025-03-09 16:13:26 - INFO - Epoch 020 | Train Loss: 0.0713 | Val Loss: 0.0905
2025-03-09 16:13:26 - INFO - Saved best model for fold 2 with Val Loss: 0.0905
2025-03-09 16:13:35 - INFO - Epoch 021 | Train Loss: 0.0681 | Val Loss: 0.0857
2025-03-09 16:13:35 - INFO - Saved best model for fold 2 with Val Loss: 0.0857
2025-03-09 16:13:43 - INFO - Epoch 022 | Train Loss: 0.0653 | Val Loss: 0.0844
2025-03-09 16:13:43 - INFO - Saved best model for fold 2 with Val Loss: 0.0844
2025-03-09 16:13:51 - INFO - Epoch 023 | Train Loss: 0.0621 | Val Loss: 0.0794
2025-03-09 16:13:51 - INFO - Saved best model for fold 2 with Val Loss: 0.0794
2025-03-09 16:13:59 - INFO - Epoch 024 | Train Loss: 0.0596 | Val Loss: 0.0729
2025-03-09 16:13:59 - INFO - Saved best model for fold 2 with Val Loss: 0.0729
2025-03-09 16:14:07 - INFO - Epoch 025 | Train Loss: 0.0573 | Val Loss: 0.0766
2025-03-09 16:14:15 - INFO - Epoch 026 | Train Loss: 0.0549 | Val Loss: 0.0734
2025-03-09 16:14:22 - INFO - Epoch 027 | Train Loss: 0.0529 | Val Loss: 0.0715
2025-03-09 16:14:22 - INFO - Saved best model for fold 2 with Val Loss: 0.0715
2025-03-09 16:14:30 - INFO - Epoch 028 | Train Loss: 0.0509 | Val Loss: 0.0710
2025-03-09 16:14:30 - INFO - Saved best model for fold 2 with Val Loss: 0.0710
2025-03-09 16:14:38 - INFO - Epoch 029 | Train Loss: 0.0492 | Val Loss: 0.0685
2025-03-09 16:14:38 - INFO - Saved best model for fold 2 with Val Loss: 0.0685
2025-03-09 16:14:47 - INFO - Epoch 030 | Train Loss: 0.0473 | Val Loss: 0.0657
2025-03-09 16:14:47 - INFO - Saved best model for fold 2 with Val Loss: 0.0657
2025-03-09 16:14:55 - INFO - Epoch 031 | Train Loss: 0.0464 | Val Loss: 0.0669
2025-03-09 16:15:03 - INFO - Epoch 032 | Train Loss: 0.0447 | Val Loss: 0.0627
2025-03-09 16:15:03 - INFO - Saved best model for fold 2 with Val Loss: 0.0627
2025-03-09 16:15:12 - INFO - Epoch 033 | Train Loss: 0.0431 | Val Loss: 0.0614
2025-03-09 16:15:12 - INFO - Saved best model for fold 2 with Val Loss: 0.0614
2025-03-09 16:15:20 - INFO - Epoch 034 | Train Loss: 0.0415 | Val Loss: 0.0613
2025-03-09 16:15:20 - INFO - Saved best model for fold 2 with Val Loss: 0.0613
2025-03-09 16:15:28 - INFO - Epoch 035 | Train Loss: 0.0403 | Val Loss: 0.0597
2025-03-09 16:15:28 - INFO - Saved best model for fold 2 with Val Loss: 0.0597
2025-03-09 16:15:36 - INFO - Epoch 036 | Train Loss: 0.0394 | Val Loss: 0.0585
2025-03-09 16:15:36 - INFO - Saved best model for fold 2 with Val Loss: 0.0585
2025-03-09 16:15:44 - INFO - Epoch 037 | Train Loss: 0.0381 | Val Loss: 0.0564
2025-03-09 16:15:44 - INFO - Saved best model for fold 2 with Val Loss: 0.0564
2025-03-09 16:15:52 - INFO - Epoch 038 | Train Loss: 0.0371 | Val Loss: 0.0579
2025-03-09 16:16:01 - INFO - Epoch 039 | Train Loss: 0.0356 | Val Loss: 0.0563
2025-03-09 16:16:01 - INFO - Saved best model for fold 2 with Val Loss: 0.0563
2025-03-09 16:16:08 - INFO - Epoch 040 | Train Loss: 0.0351 | Val Loss: 0.0528
2025-03-09 16:16:08 - INFO - Saved best model for fold 2 with Val Loss: 0.0528
2025-03-09 16:16:16 - INFO - Epoch 041 | Train Loss: 0.0340 | Val Loss: 0.0558
2025-03-09 16:16:24 - INFO - Epoch 042 | Train Loss: 0.0330 | Val Loss: 0.0524
2025-03-09 16:16:24 - INFO - Saved best model for fold 2 with Val Loss: 0.0524
2025-03-09 16:16:32 - INFO - Epoch 043 | Train Loss: 0.0321 | Val Loss: 0.0521
2025-03-09 16:16:32 - INFO - Saved best model for fold 2 with Val Loss: 0.0521
2025-03-09 16:16:41 - INFO - Epoch 044 | Train Loss: 0.0311 | Val Loss: 0.0524
2025-03-09 16:16:49 - INFO - Epoch 045 | Train Loss: 0.0303 | Val Loss: 0.0501
2025-03-09 16:16:49 - INFO - Saved best model for fold 2 with Val Loss: 0.0501
2025-03-09 16:16:57 - INFO - Epoch 046 | Train Loss: 0.0294 | Val Loss: 0.0553
2025-03-09 16:17:05 - INFO - Epoch 047 | Train Loss: 0.0287 | Val Loss: 0.0492
2025-03-09 16:17:05 - INFO - Saved best model for fold 2 with Val Loss: 0.0492
2025-03-09 16:17:13 - INFO - Epoch 048 | Train Loss: 0.0280 | Val Loss: 0.0479
2025-03-09 16:17:13 - INFO - Saved best model for fold 2 with Val Loss: 0.0479
2025-03-09 16:17:22 - INFO - Epoch 049 | Train Loss: 0.0271 | Val Loss: 0.0523
2025-03-09 16:17:30 - INFO - Epoch 050 | Train Loss: 0.0263 | Val Loss: 0.0469
2025-03-09 16:17:30 - INFO - Saved best model for fold 2 with Val Loss: 0.0469
2025-03-09 16:17:38 - INFO - Epoch 051 | Train Loss: 0.0258 | Val Loss: 0.0482
2025-03-09 16:17:47 - INFO - Epoch 052 | Train Loss: 0.0250 | Val Loss: 0.0461
2025-03-09 16:17:47 - INFO - Saved best model for fold 2 with Val Loss: 0.0461
2025-03-09 16:17:54 - INFO - Epoch 053 | Train Loss: 0.0242 | Val Loss: 0.0457
2025-03-09 16:17:54 - INFO - Saved best model for fold 2 with Val Loss: 0.0457
2025-03-09 16:18:02 - INFO - Epoch 054 | Train Loss: 0.0237 | Val Loss: 0.0457
2025-03-09 16:18:10 - INFO - Epoch 055 | Train Loss: 0.0231 | Val Loss: 0.0441
2025-03-09 16:18:10 - INFO - Saved best model for fold 2 with Val Loss: 0.0441
2025-03-09 16:18:18 - INFO - Epoch 056 | Train Loss: 0.0225 | Val Loss: 0.0442
2025-03-09 16:18:26 - INFO - Epoch 057 | Train Loss: 0.0219 | Val Loss: 0.0444
2025-03-09 16:18:34 - INFO - Epoch 058 | Train Loss: 0.0213 | Val Loss: 0.0434
2025-03-09 16:18:34 - INFO - Saved best model for fold 2 with Val Loss: 0.0434
2025-03-09 16:18:41 - INFO - Epoch 059 | Train Loss: 0.0208 | Val Loss: 0.0435
2025-03-09 16:18:49 - INFO - Epoch 060 | Train Loss: 0.0203 | Val Loss: 0.0430
2025-03-09 16:18:49 - INFO - Saved best model for fold 2 with Val Loss: 0.0430
