2025-03-08 22:36:24 - INFO - Model save directory: ./model_checkpoints
2025-03-08 22:36:31 - INFO - Total number of samples: 311871
2025-03-08 22:36:31 - INFO - Fold 1/3
2025-03-08 22:36:31 - INFO - Number of train samples: 207914
2025-03-08 22:36:31 - INFO - Number of val samples: 103957
2025-03-08 22:36:54 - INFO - Epoch 001 | Train Loss: 0.8369 | Val Loss: 0.1748
2025-03-08 22:36:54 - INFO - Saved best model for fold 1 with Val Loss: 0.1748
2025-03-08 22:37:16 - INFO - Epoch 002 | Train Loss: 0.1695 | Val Loss: 0.1549
2025-03-08 22:37:16 - INFO - Saved best model for fold 1 with Val Loss: 0.1549
2025-03-08 22:37:39 - INFO - Epoch 003 | Train Loss: 0.1504 | Val Loss: 0.1365
2025-03-08 22:37:39 - INFO - Saved best model for fold 1 with Val Loss: 0.1365
2025-03-08 22:38:02 - INFO - Epoch 004 | Train Loss: 0.1277 | Val Loss: 0.1176
2025-03-08 22:38:02 - INFO - Saved best model for fold 1 with Val Loss: 0.1176
2025-03-08 22:38:24 - INFO - Epoch 005 | Train Loss: 0.1081 | Val Loss: 0.1000
2025-03-08 22:38:24 - INFO - Saved best model for fold 1 with Val Loss: 0.1000
2025-03-08 22:38:47 - INFO - Epoch 006 | Train Loss: 0.0914 | Val Loss: 0.0886
2025-03-08 22:38:47 - INFO - Saved best model for fold 1 with Val Loss: 0.0886
2025-03-08 22:39:10 - INFO - Epoch 007 | Train Loss: 0.0777 | Val Loss: 0.0742
2025-03-08 22:39:10 - INFO - Saved best model for fold 1 with Val Loss: 0.0742
2025-03-08 22:39:33 - INFO - Epoch 008 | Train Loss: 0.0687 | Val Loss: 0.0663
2025-03-08 22:39:33 - INFO - Saved best model for fold 1 with Val Loss: 0.0663
2025-03-08 22:39:56 - INFO - Epoch 009 | Train Loss: 0.0610 | Val Loss: 0.0625
2025-03-08 22:39:56 - INFO - Saved best model for fold 1 with Val Loss: 0.0625
2025-03-08 22:40:19 - INFO - Epoch 010 | Train Loss: 0.0548 | Val Loss: 0.0532
2025-03-08 22:40:19 - INFO - Saved best model for fold 1 with Val Loss: 0.0532
2025-03-08 22:40:42 - INFO - Epoch 011 | Train Loss: 0.0496 | Val Loss: 0.0527
2025-03-08 22:40:42 - INFO - Saved best model for fold 1 with Val Loss: 0.0527
2025-03-08 22:41:05 - INFO - Epoch 012 | Train Loss: 0.0451 | Val Loss: 0.0452
2025-03-08 22:41:05 - INFO - Saved best model for fold 1 with Val Loss: 0.0452
2025-03-08 22:41:28 - INFO - Epoch 013 | Train Loss: 0.0406 | Val Loss: 0.0416
2025-03-08 22:41:28 - INFO - Saved best model for fold 1 with Val Loss: 0.0416
2025-03-08 22:41:50 - INFO - Epoch 014 | Train Loss: 0.0382 | Val Loss: 0.0417
2025-03-08 22:42:13 - INFO - Epoch 015 | Train Loss: 0.0355 | Val Loss: 0.0381
2025-03-08 22:42:13 - INFO - Saved best model for fold 1 with Val Loss: 0.0381
2025-03-08 22:42:36 - INFO - Epoch 016 | Train Loss: 0.0330 | Val Loss: 0.0358
2025-03-08 22:42:36 - INFO - Saved best model for fold 1 with Val Loss: 0.0358
2025-03-08 22:42:59 - INFO - Epoch 017 | Train Loss: 0.0310 | Val Loss: 0.0354
2025-03-08 22:42:59 - INFO - Saved best model for fold 1 with Val Loss: 0.0354
2025-03-08 22:43:22 - INFO - Epoch 018 | Train Loss: 0.0293 | Val Loss: 0.0317
2025-03-08 22:43:22 - INFO - Saved best model for fold 1 with Val Loss: 0.0317
2025-03-08 22:43:45 - INFO - Epoch 019 | Train Loss: 0.0278 | Val Loss: 0.0299
2025-03-08 22:43:45 - INFO - Saved best model for fold 1 with Val Loss: 0.0299
2025-03-08 22:44:08 - INFO - Epoch 020 | Train Loss: 0.0263 | Val Loss: 0.0290
2025-03-08 22:44:08 - INFO - Saved best model for fold 1 with Val Loss: 0.0290
2025-03-08 22:44:31 - INFO - Epoch 021 | Train Loss: 0.0251 | Val Loss: 0.0296
2025-03-08 22:44:54 - INFO - Epoch 022 | Train Loss: 0.0239 | Val Loss: 0.0274
2025-03-08 22:44:54 - INFO - Saved best model for fold 1 with Val Loss: 0.0274
2025-03-08 22:45:17 - INFO - Epoch 023 | Train Loss: 0.0230 | Val Loss: 0.0273
2025-03-08 22:45:17 - INFO - Saved best model for fold 1 with Val Loss: 0.0273
2025-03-08 22:45:40 - INFO - Epoch 024 | Train Loss: 0.0220 | Val Loss: 0.0264
2025-03-08 22:45:40 - INFO - Saved best model for fold 1 with Val Loss: 0.0264
2025-03-08 22:46:03 - INFO - Epoch 025 | Train Loss: 0.0214 | Val Loss: 0.0257
2025-03-08 22:46:03 - INFO - Saved best model for fold 1 with Val Loss: 0.0257
2025-03-08 22:46:26 - INFO - Epoch 026 | Train Loss: 0.0208 | Val Loss: 0.0255
2025-03-08 22:46:26 - INFO - Saved best model for fold 1 with Val Loss: 0.0255
2025-03-08 22:46:49 - INFO - Epoch 027 | Train Loss: 0.0203 | Val Loss: 0.0250
2025-03-08 22:46:49 - INFO - Saved best model for fold 1 with Val Loss: 0.0250
2025-03-08 22:47:13 - INFO - Epoch 028 | Train Loss: 0.0200 | Val Loss: 0.0247
2025-03-08 22:47:13 - INFO - Saved best model for fold 1 with Val Loss: 0.0247
2025-03-08 22:47:35 - INFO - Epoch 029 | Train Loss: 0.0197 | Val Loss: 0.0246
2025-03-08 22:47:35 - INFO - Saved best model for fold 1 with Val Loss: 0.0246
2025-03-08 22:47:58 - INFO - Epoch 030 | Train Loss: 0.0195 | Val Loss: 0.0245
2025-03-08 22:47:58 - INFO - Saved best model for fold 1 with Val Loss: 0.0245
2025-03-08 22:48:21 - INFO - Epoch 031 | Train Loss: 0.0195 | Val Loss: 0.0245
2025-03-08 22:48:21 - INFO - Saved best model for fold 1 with Val Loss: 0.0245
2025-03-08 22:48:44 - INFO - Epoch 032 | Train Loss: 0.0195 | Val Loss: 0.0245
