2025-03-07 13:57:48 - INFO - Model save directory: ./model_checkpoints
2025-03-07 13:57:51 - INFO - Total number of samples: 266
2025-03-07 13:57:51 - INFO - Fold 1/5
2025-03-07 13:57:51 - INFO - Number of train samples: 212
2025-03-07 13:57:51 - INFO - Number of val samples: 54
2025-03-07 13:57:55 - INFO - Epoch 001 | Train Loss: 139.8367 | Val Loss: 84.3705
2025-03-07 13:57:55 - INFO - Saved best model for fold 1 with Val Loss: 84.3705
2025-03-07 13:57:55 - INFO - Epoch 002 | Train Loss: 78.6152 | Val Loss: 76.7476
2025-03-07 13:57:55 - INFO - Saved best model for fold 1 with Val Loss: 76.7476
2025-03-07 13:57:56 - INFO - Epoch 003 | Train Loss: 64.2657 | Val Loss: 79.4469
2025-03-07 13:57:56 - INFO - Epoch 004 | Train Loss: 60.5181 | Val Loss: 63.7769
2025-03-07 13:57:56 - INFO - Saved best model for fold 1 with Val Loss: 63.7769
2025-03-07 13:57:56 - INFO - Epoch 005 | Train Loss: 47.0512 | Val Loss: 67.6008
2025-03-07 13:57:57 - INFO - Epoch 006 | Train Loss: 38.6696 | Val Loss: 62.3174
2025-03-07 13:57:57 - INFO - Saved best model for fold 1 with Val Loss: 62.3174
2025-03-07 13:57:57 - INFO - Epoch 007 | Train Loss: 32.9023 | Val Loss: 58.4391
2025-03-07 13:57:57 - INFO - Saved best model for fold 1 with Val Loss: 58.4391
2025-03-07 13:57:58 - INFO - Epoch 008 | Train Loss: 33.1038 | Val Loss: 59.9924
2025-03-07 13:57:58 - INFO - Epoch 009 | Train Loss: 28.9467 | Val Loss: 54.4125
2025-03-07 13:57:58 - INFO - Saved best model for fold 1 with Val Loss: 54.4125
2025-03-07 13:57:58 - INFO - Epoch 010 | Train Loss: 24.5809 | Val Loss: 55.2372
2025-03-07 13:57:58 - INFO - Epoch 011 | Train Loss: 26.2409 | Val Loss: 60.8073
2025-03-07 13:57:59 - INFO - Epoch 012 | Train Loss: 24.2289 | Val Loss: 53.9351
2025-03-07 13:57:59 - INFO - Saved best model for fold 1 with Val Loss: 53.9351
2025-03-07 13:57:59 - INFO - Epoch 013 | Train Loss: 22.6201 | Val Loss: 60.2182
2025-03-07 13:57:59 - INFO - Epoch 014 | Train Loss: 21.6616 | Val Loss: 51.9601
2025-03-07 13:57:59 - INFO - Saved best model for fold 1 with Val Loss: 51.9601
2025-03-07 13:58:00 - INFO - Epoch 015 | Train Loss: 20.9297 | Val Loss: 57.2585
2025-03-07 13:58:00 - INFO - Epoch 016 | Train Loss: 21.2873 | Val Loss: 64.7627
2025-03-07 13:58:00 - INFO - Epoch 017 | Train Loss: 19.3484 | Val Loss: 66.4098
2025-03-07 13:58:00 - INFO - Epoch 018 | Train Loss: 20.4761 | Val Loss: 55.7730
2025-03-07 13:58:01 - INFO - Epoch 019 | Train Loss: 19.3961 | Val Loss: 54.8853
2025-03-07 13:58:01 - INFO - Epoch 020 | Train Loss: 17.8348 | Val Loss: 56.6579
2025-03-07 13:58:01 - INFO - Epoch 021 | Train Loss: 14.6684 | Val Loss: 53.0991
2025-03-07 13:58:01 - INFO - Epoch 022 | Train Loss: 14.1057 | Val Loss: 53.7455
2025-03-07 13:58:02 - INFO - Epoch 023 | Train Loss: 13.3595 | Val Loss: 58.3860
2025-03-07 13:58:02 - INFO - Epoch 024 | Train Loss: 12.8986 | Val Loss: 53.1237
2025-03-07 13:58:02 - INFO - Epoch 025 | Train Loss: 12.6640 | Val Loss: 62.3691
2025-03-07 13:58:02 - INFO - Epoch 026 | Train Loss: 12.7793 | Val Loss: 54.1130
2025-03-07 13:58:02 - INFO - Epoch 027 | Train Loss: 11.6692 | Val Loss: 57.7873
2025-03-07 13:58:03 - INFO - Epoch 028 | Train Loss: 12.1880 | Val Loss: 57.6784
2025-03-07 13:58:03 - INFO - Epoch 029 | Train Loss: 12.8008 | Val Loss: 53.0786
2025-03-07 13:58:03 - INFO - Epoch 030 | Train Loss: 12.6824 | Val Loss: 62.4851
2025-03-07 13:58:03 - INFO - Epoch 031 | Train Loss: 11.8545 | Val Loss: 59.8079
2025-03-07 13:58:04 - INFO - Epoch 032 | Train Loss: 12.2212 | Val Loss: 57.3377
2025-03-07 13:58:04 - INFO - Epoch 033 | Train Loss: 11.8257 | Val Loss: 56.9705
2025-03-07 13:58:04 - INFO - Epoch 034 | Train Loss: 12.4788 | Val Loss: 60.2607
2025-03-07 13:58:04 - INFO - Epoch 035 | Train Loss: 13.5542 | Val Loss: 54.8527
2025-03-07 13:58:05 - INFO - Epoch 036 | Train Loss: 12.8368 | Val Loss: 57.9941
2025-03-07 13:58:05 - INFO - Epoch 037 | Train Loss: 12.2291 | Val Loss: 61.0020
2025-03-07 13:58:05 - INFO - Epoch 038 | Train Loss: 12.4222 | Val Loss: 59.8769
2025-03-07 13:58:05 - INFO - Epoch 039 | Train Loss: 12.0902 | Val Loss: 57.0645
2025-03-07 13:58:05 - INFO - Epoch 040 | Train Loss: 12.1258 | Val Loss: 59.6871
2025-03-07 13:58:06 - INFO - Epoch 041 | Train Loss: 13.1326 | Val Loss: 55.1199
2025-03-07 13:58:06 - INFO - Epoch 042 | Train Loss: 11.4670 | Val Loss: 68.8032
2025-03-07 13:58:06 - INFO - Epoch 043 | Train Loss: 12.5046 | Val Loss: 56.8040
2025-03-07 13:58:06 - INFO - Epoch 044 | Train Loss: 11.2677 | Val Loss: 58.7611
2025-03-07 13:58:06 - INFO - Epoch 045 | Train Loss: 12.4134 | Val Loss: 58.4193
2025-03-07 13:58:07 - INFO - Epoch 046 | Train Loss: 11.5537 | Val Loss: 59.9098
2025-03-07 13:58:07 - INFO - Epoch 047 | Train Loss: 12.0728 | Val Loss: 61.9575
2025-03-07 13:58:07 - INFO - Epoch 048 | Train Loss: 11.7296 | Val Loss: 68.7261
2025-03-07 13:58:07 - INFO - Epoch 049 | Train Loss: 13.8121 | Val Loss: 59.4506
2025-03-07 13:58:08 - INFO - Epoch 050 | Train Loss: 13.4981 | Val Loss: 61.6808
2025-03-07 13:58:08 - INFO - Epoch 051 | Train Loss: 11.6312 | Val Loss: 58.9104
2025-03-07 13:58:08 - INFO - Epoch 052 | Train Loss: 10.0851 | Val Loss: 55.3092
2025-03-07 13:58:08 - INFO - Epoch 053 | Train Loss: 9.1575 | Val Loss: 59.6899
2025-03-07 13:58:08 - INFO - Epoch 054 | Train Loss: 8.4646 | Val Loss: 56.8042
2025-03-07 13:58:09 - INFO - Epoch 055 | Train Loss: 8.7802 | Val Loss: 55.8012
2025-03-07 13:58:09 - INFO - Epoch 056 | Train Loss: 8.3204 | Val Loss: 55.0123
2025-03-07 13:58:09 - INFO - Epoch 057 | Train Loss: 8.5093 | Val Loss: 57.5154
2025-03-07 13:58:09 - INFO - Epoch 058 | Train Loss: 9.5870 | Val Loss: 62.4921
2025-03-07 13:58:10 - INFO - Epoch 059 | Train Loss: 11.2516 | Val Loss: 63.6308
2025-03-07 13:58:10 - INFO - Epoch 060 | Train Loss: 9.8991 | Val Loss: 57.2785
2025-03-07 13:58:10 - INFO - Epoch 061 | Train Loss: 9.8064 | Val Loss: 56.1585
2025-03-07 13:58:10 - INFO - Epoch 062 | Train Loss: 9.2902 | Val Loss: 60.7374
2025-03-07 13:58:10 - INFO - Epoch 063 | Train Loss: 10.0408 | Val Loss: 58.4652
2025-03-07 13:58:11 - INFO - Epoch 064 | Train Loss: 9.7440 | Val Loss: 58.5793
2025-03-07 13:58:11 - INFO - Epoch 065 | Train Loss: 10.5571 | Val Loss: 56.4664
2025-03-07 13:58:11 - INFO - Epoch 066 | Train Loss: 10.2476 | Val Loss: 58.4786
2025-03-07 13:58:11 - INFO - Epoch 067 | Train Loss: 9.4355 | Val Loss: 63.8906
2025-03-07 13:58:12 - INFO - Epoch 068 | Train Loss: 8.6815 | Val Loss: 63.0623
2025-03-07 13:58:12 - INFO - Epoch 069 | Train Loss: 8.1873 | Val Loss: 56.9309
2025-03-07 13:58:12 - INFO - Epoch 070 | Train Loss: 8.8187 | Val Loss: 57.0195
2025-03-07 13:58:12 - INFO - Epoch 071 | Train Loss: 8.5664 | Val Loss: 56.1623
2025-03-07 13:58:12 - INFO - Epoch 072 | Train Loss: 8.2467 | Val Loss: 61.0539
2025-03-07 13:58:13 - INFO - Epoch 073 | Train Loss: 8.8631 | Val Loss: 56.8946
2025-03-07 13:58:13 - INFO - Epoch 074 | Train Loss: 8.7168 | Val Loss: 62.9323
2025-03-07 13:58:13 - INFO - Epoch 075 | Train Loss: 8.8185 | Val Loss: 55.0501
2025-03-07 13:58:13 - INFO - Epoch 076 | Train Loss: 8.3948 | Val Loss: 56.6463
2025-03-07 13:58:14 - INFO - Epoch 077 | Train Loss: 8.4199 | Val Loss: 61.4927
2025-03-07 13:58:14 - INFO - Epoch 078 | Train Loss: 8.1204 | Val Loss: 56.4439
2025-03-07 13:58:14 - INFO - Epoch 079 | Train Loss: 7.9108 | Val Loss: 58.0905
2025-03-07 13:58:14 - INFO - Epoch 080 | Train Loss: 7.6692 | Val Loss: 56.5526
2025-03-07 13:58:14 - INFO - Epoch 081 | Train Loss: 7.8082 | Val Loss: 57.2151
2025-03-07 13:58:15 - INFO - Epoch 082 | Train Loss: 7.6305 | Val Loss: 60.3547
2025-03-07 13:58:15 - INFO - Epoch 083 | Train Loss: 7.5752 | Val Loss: 66.4005
2025-03-07 13:58:15 - INFO - Epoch 084 | Train Loss: 7.9326 | Val Loss: 59.2130
2025-03-07 13:58:15 - INFO - Epoch 085 | Train Loss: 8.5835 | Val Loss: 66.4634
2025-03-07 13:58:15 - INFO - Epoch 086 | Train Loss: 9.1677 | Val Loss: 59.1124
