2025-03-08 18:21:03 - INFO - Model save directory: ./model_checkpoints
2025-03-08 18:21:24 - INFO - Total number of samples: 311871
2025-03-08 18:21:24 - INFO - Fold 1/5
2025-03-08 18:21:24 - INFO - Number of train samples: 249496
2025-03-08 18:21:24 - INFO - Number of val samples: 62375
2025-03-08 18:23:07 - INFO - Epoch 001 | Train Loss: 20.5107 | Val Loss: 7.6076
2025-03-08 18:23:07 - INFO - Saved best model for fold 1 with Val Loss: 7.6076
2025-03-08 18:24:52 - INFO - Epoch 002 | Train Loss: 7.4585 | Val Loss: 7.3229
2025-03-08 18:24:52 - INFO - Saved best model for fold 1 with Val Loss: 7.3229
2025-03-08 18:26:37 - INFO - Epoch 003 | Train Loss: 7.4167 | Val Loss: 6.2826
2025-03-08 18:26:37 - INFO - Saved best model for fold 1 with Val Loss: 6.2826
2025-03-08 18:28:22 - INFO - Epoch 004 | Train Loss: 6.1453 | Val Loss: 5.7493
2025-03-08 18:28:22 - INFO - Saved best model for fold 1 with Val Loss: 5.7493
2025-03-08 18:30:08 - INFO - Epoch 005 | Train Loss: 5.7875 | Val Loss: 5.5710
2025-03-08 18:30:08 - INFO - Saved best model for fold 1 with Val Loss: 5.5710
2025-03-08 18:31:54 - INFO - Epoch 006 | Train Loss: 5.5799 | Val Loss: 5.3650
2025-03-08 18:31:54 - INFO - Saved best model for fold 1 with Val Loss: 5.3650
2025-03-08 18:33:39 - INFO - Epoch 007 | Train Loss: 5.3461 | Val Loss: 5.7705
2025-03-08 18:35:25 - INFO - Epoch 008 | Train Loss: 5.1870 | Val Loss: 4.9268
2025-03-08 18:35:25 - INFO - Saved best model for fold 1 with Val Loss: 4.9268
2025-03-08 18:37:10 - INFO - Epoch 009 | Train Loss: 4.9058 | Val Loss: 4.8210
2025-03-08 18:37:10 - INFO - Saved best model for fold 1 with Val Loss: 4.8210
2025-03-08 18:38:56 - INFO - Epoch 010 | Train Loss: 4.5351 | Val Loss: 4.5910
2025-03-08 18:38:56 - INFO - Saved best model for fold 1 with Val Loss: 4.5910
2025-03-08 18:40:41 - INFO - Epoch 011 | Train Loss: 4.2504 | Val Loss: 4.3771
2025-03-08 18:40:41 - INFO - Saved best model for fold 1 with Val Loss: 4.3771
2025-03-08 18:42:27 - INFO - Epoch 012 | Train Loss: 4.0314 | Val Loss: 4.0865
2025-03-08 18:42:27 - INFO - Saved best model for fold 1 with Val Loss: 4.0865
2025-03-08 18:44:12 - INFO - Epoch 013 | Train Loss: 3.8653 | Val Loss: 3.7093
2025-03-08 18:44:12 - INFO - Saved best model for fold 1 with Val Loss: 3.7093
2025-03-08 18:45:57 - INFO - Epoch 014 | Train Loss: 3.7769 | Val Loss: 3.5905
2025-03-08 18:45:57 - INFO - Saved best model for fold 1 with Val Loss: 3.5905
2025-03-08 18:47:43 - INFO - Epoch 015 | Train Loss: 3.6767 | Val Loss: 3.5642
2025-03-08 18:47:43 - INFO - Saved best model for fold 1 with Val Loss: 3.5642
2025-03-08 18:49:28 - INFO - Epoch 016 | Train Loss: 3.5765 | Val Loss: 3.4498
2025-03-08 18:49:28 - INFO - Saved best model for fold 1 with Val Loss: 3.4498
2025-03-08 18:51:14 - INFO - Epoch 017 | Train Loss: 3.5183 | Val Loss: 3.4871
2025-03-08 18:53:00 - INFO - Epoch 018 | Train Loss: 3.4495 | Val Loss: 3.6305
2025-03-08 18:54:46 - INFO - Epoch 019 | Train Loss: 3.4142 | Val Loss: 3.3623
2025-03-08 18:54:46 - INFO - Saved best model for fold 1 with Val Loss: 3.3623
2025-03-08 18:56:32 - INFO - Epoch 020 | Train Loss: 3.3562 | Val Loss: 3.4330
2025-03-08 18:58:21 - INFO - Epoch 021 | Train Loss: 3.3300 | Val Loss: 3.3896
2025-03-08 19:00:07 - INFO - Epoch 022 | Train Loss: 3.2849 | Val Loss: 3.1094
2025-03-08 19:00:07 - INFO - Saved best model for fold 1 with Val Loss: 3.1094
2025-03-08 19:01:52 - INFO - Epoch 023 | Train Loss: 3.2393 | Val Loss: 3.2144
2025-03-08 19:03:39 - INFO - Epoch 024 | Train Loss: 3.1557 | Val Loss: 3.0544
2025-03-08 19:03:39 - INFO - Saved best model for fold 1 with Val Loss: 3.0544
2025-03-08 19:05:23 - INFO - Epoch 025 | Train Loss: 3.1342 | Val Loss: 3.2959
2025-03-08 19:07:08 - INFO - Epoch 026 | Train Loss: 3.1399 | Val Loss: 2.9731
2025-03-08 19:07:08 - INFO - Saved best model for fold 1 with Val Loss: 2.9731
2025-03-08 19:08:52 - INFO - Epoch 027 | Train Loss: 3.0227 | Val Loss: 2.9872
2025-03-08 19:10:37 - INFO - Epoch 028 | Train Loss: 3.0073 | Val Loss: 2.9763
2025-03-08 19:12:21 - INFO - Epoch 029 | Train Loss: 2.9914 | Val Loss: 3.1484
2025-03-08 19:14:06 - INFO - Epoch 030 | Train Loss: 2.9622 | Val Loss: 2.9504
2025-03-08 19:14:06 - INFO - Saved best model for fold 1 with Val Loss: 2.9504
2025-03-08 19:15:50 - INFO - Epoch 031 | Train Loss: 2.9184 | Val Loss: 2.8377
2025-03-08 19:15:50 - INFO - Saved best model for fold 1 with Val Loss: 2.8377
2025-03-08 19:17:35 - INFO - Epoch 032 | Train Loss: 2.8654 | Val Loss: 3.0788
2025-03-08 19:19:19 - INFO - Epoch 033 | Train Loss: 2.8279 | Val Loss: 2.8688
2025-03-08 19:21:04 - INFO - Epoch 034 | Train Loss: 2.7710 | Val Loss: 2.7856
2025-03-08 19:21:04 - INFO - Saved best model for fold 1 with Val Loss: 2.7856
2025-03-08 19:22:48 - INFO - Epoch 035 | Train Loss: 2.7823 | Val Loss: 2.7011
2025-03-08 19:22:48 - INFO - Saved best model for fold 1 with Val Loss: 2.7011
2025-03-08 19:24:34 - INFO - Epoch 036 | Train Loss: 2.7303 | Val Loss: 2.7125
2025-03-08 19:26:19 - INFO - Epoch 037 | Train Loss: 2.6978 | Val Loss: 2.6071
2025-03-08 19:26:19 - INFO - Saved best model for fold 1 with Val Loss: 2.6071
2025-03-08 19:28:03 - INFO - Epoch 038 | Train Loss: 2.6824 | Val Loss: 2.5467
2025-03-08 19:28:03 - INFO - Saved best model for fold 1 with Val Loss: 2.5467
2025-03-08 19:29:48 - INFO - Epoch 039 | Train Loss: 2.6339 | Val Loss: 2.5861
2025-03-08 19:31:33 - INFO - Epoch 040 | Train Loss: 2.6112 | Val Loss: 2.6174
2025-03-08 19:33:18 - INFO - Epoch 041 | Train Loss: 2.5990 | Val Loss: 2.7497
2025-03-08 19:35:03 - INFO - Epoch 042 | Train Loss: 2.5225 | Val Loss: 2.4601
2025-03-08 19:35:03 - INFO - Saved best model for fold 1 with Val Loss: 2.4601
2025-03-08 19:36:47 - INFO - Epoch 043 | Train Loss: 2.4782 | Val Loss: 2.4903
2025-03-08 19:38:32 - INFO - Epoch 044 | Train Loss: 2.4986 | Val Loss: 2.4140
2025-03-08 19:38:32 - INFO - Saved best model for fold 1 with Val Loss: 2.4140
2025-03-08 19:40:16 - INFO - Epoch 045 | Train Loss: 2.4586 | Val Loss: 2.4223
2025-03-08 19:42:01 - INFO - Epoch 046 | Train Loss: 2.4221 | Val Loss: 2.4896
2025-03-08 19:43:45 - INFO - Epoch 047 | Train Loss: 2.3701 | Val Loss: 2.6984
2025-03-08 19:45:30 - INFO - Epoch 048 | Train Loss: 2.4216 | Val Loss: 2.4323
2025-03-08 19:47:17 - INFO - Epoch 049 | Train Loss: 2.3441 | Val Loss: 2.4132
2025-03-08 19:47:17 - INFO - Saved best model for fold 1 with Val Loss: 2.4132
2025-03-08 19:49:02 - INFO - Epoch 050 | Train Loss: 2.3344 | Val Loss: 2.3307
2025-03-08 19:49:02 - INFO - Saved best model for fold 1 with Val Loss: 2.3307
2025-03-08 19:50:47 - INFO - Epoch 051 | Train Loss: 2.2915 | Val Loss: 2.2478
2025-03-08 19:50:47 - INFO - Saved best model for fold 1 with Val Loss: 2.2478
2025-03-08 19:52:33 - INFO - Epoch 052 | Train Loss: 2.2787 | Val Loss: 2.2645
2025-03-08 19:54:19 - INFO - Epoch 053 | Train Loss: 2.2705 | Val Loss: 2.2523
2025-03-08 19:56:05 - INFO - Epoch 054 | Train Loss: 2.2306 | Val Loss: 2.2216
2025-03-08 19:56:05 - INFO - Saved best model for fold 1 with Val Loss: 2.2216
2025-03-08 19:57:50 - INFO - Epoch 055 | Train Loss: 2.2476 | Val Loss: 2.2054
2025-03-08 19:57:50 - INFO - Saved best model for fold 1 with Val Loss: 2.2054
2025-03-08 19:59:35 - INFO - Epoch 056 | Train Loss: 2.1720 | Val Loss: 2.2620
2025-03-08 20:01:21 - INFO - Epoch 057 | Train Loss: 2.1776 | Val Loss: 2.2025
2025-03-08 20:01:21 - INFO - Saved best model for fold 1 with Val Loss: 2.2025
2025-03-08 20:03:07 - INFO - Epoch 058 | Train Loss: 2.1286 | Val Loss: 2.1909
2025-03-08 20:03:07 - INFO - Saved best model for fold 1 with Val Loss: 2.1909
2025-03-08 20:04:52 - INFO - Epoch 059 | Train Loss: 2.1266 | Val Loss: 2.4372
2025-03-08 20:06:38 - INFO - Epoch 060 | Train Loss: 2.1099 | Val Loss: 2.4903
2025-03-08 20:08:24 - INFO - Epoch 061 | Train Loss: 2.1136 | Val Loss: 2.0912
2025-03-08 20:08:24 - INFO - Saved best model for fold 1 with Val Loss: 2.0912
2025-03-08 20:10:10 - INFO - Epoch 062 | Train Loss: 2.0466 | Val Loss: 2.0121
2025-03-08 20:10:10 - INFO - Saved best model for fold 1 with Val Loss: 2.0121
2025-03-08 20:11:55 - INFO - Epoch 063 | Train Loss: 2.1218 | Val Loss: 2.6487
2025-03-08 20:13:42 - INFO - Epoch 064 | Train Loss: 2.0182 | Val Loss: 2.1229
2025-03-08 20:15:28 - INFO - Epoch 065 | Train Loss: 1.9980 | Val Loss: 2.2083
2025-03-08 20:17:14 - INFO - Epoch 066 | Train Loss: 2.0310 | Val Loss: 2.0333
2025-03-08 20:19:00 - INFO - Epoch 067 | Train Loss: 1.9836 | Val Loss: 2.1722
2025-03-08 20:20:47 - INFO - Epoch 068 | Train Loss: 1.9491 | Val Loss: 2.0972
2025-03-08 20:22:33 - INFO - Epoch 069 | Train Loss: 1.9736 | Val Loss: 2.2227
2025-03-08 20:24:19 - INFO - Epoch 070 | Train Loss: 1.9327 | Val Loss: 2.0089
2025-03-08 20:24:19 - INFO - Saved best model for fold 1 with Val Loss: 2.0089
2025-03-08 20:26:05 - INFO - Epoch 071 | Train Loss: 1.8805 | Val Loss: 2.0217
2025-03-08 20:27:51 - INFO - Epoch 072 | Train Loss: 1.8743 | Val Loss: 1.9540
2025-03-08 20:27:51 - INFO - Saved best model for fold 1 with Val Loss: 1.9540
2025-03-08 20:29:37 - INFO - Epoch 073 | Train Loss: 1.8597 | Val Loss: 1.9892
2025-03-08 20:31:23 - INFO - Epoch 074 | Train Loss: 1.9088 | Val Loss: 2.1570
2025-03-08 20:33:09 - INFO - Epoch 075 | Train Loss: 1.8413 | Val Loss: 1.9131
2025-03-08 20:33:09 - INFO - Saved best model for fold 1 with Val Loss: 1.9131
2025-03-08 20:34:55 - INFO - Epoch 076 | Train Loss: 1.8428 | Val Loss: 1.8374
2025-03-08 20:34:55 - INFO - Saved best model for fold 1 with Val Loss: 1.8374
2025-03-08 20:36:43 - INFO - Epoch 077 | Train Loss: 1.8323 | Val Loss: 2.0886
2025-03-08 20:38:31 - INFO - Epoch 078 | Train Loss: 1.8238 | Val Loss: 1.8526
2025-03-08 20:40:16 - INFO - Epoch 079 | Train Loss: 1.7910 | Val Loss: 2.1285
2025-03-08 20:42:01 - INFO - Epoch 080 | Train Loss: 1.7525 | Val Loss: 1.8883
2025-03-08 20:43:45 - INFO - Epoch 081 | Train Loss: 1.7298 | Val Loss: 1.7728
2025-03-08 20:43:45 - INFO - Saved best model for fold 1 with Val Loss: 1.7728
2025-03-08 20:45:30 - INFO - Epoch 082 | Train Loss: 1.7596 | Val Loss: 1.8203
2025-03-08 20:47:14 - INFO - Epoch 083 | Train Loss: 1.7577 | Val Loss: 2.0109
2025-03-08 20:49:00 - INFO - Epoch 084 | Train Loss: 1.7163 | Val Loss: 1.7561
2025-03-08 20:49:00 - INFO - Saved best model for fold 1 with Val Loss: 1.7561
2025-03-08 20:50:46 - INFO - Epoch 085 | Train Loss: 1.7080 | Val Loss: 1.7663
2025-03-08 20:52:32 - INFO - Epoch 086 | Train Loss: 1.6703 | Val Loss: 1.8959
2025-03-08 20:54:20 - INFO - Epoch 087 | Train Loss: 1.6920 | Val Loss: 1.7246
2025-03-08 20:54:20 - INFO - Saved best model for fold 1 with Val Loss: 1.7246
2025-03-08 20:56:06 - INFO - Epoch 088 | Train Loss: 1.6869 | Val Loss: 1.7350
2025-03-08 20:57:52 - INFO - Epoch 089 | Train Loss: 1.6372 | Val Loss: 1.7265
2025-03-08 20:59:39 - INFO - Epoch 090 | Train Loss: 1.6452 | Val Loss: 1.8312
2025-03-08 21:01:25 - INFO - Epoch 091 | Train Loss: 1.6404 | Val Loss: 1.6857
2025-03-08 21:01:25 - INFO - Saved best model for fold 1 with Val Loss: 1.6857
2025-03-08 21:03:10 - INFO - Epoch 092 | Train Loss: 1.6362 | Val Loss: 1.6671
2025-03-08 21:03:10 - INFO - Saved best model for fold 1 with Val Loss: 1.6671
2025-03-08 21:04:56 - INFO - Epoch 093 | Train Loss: 1.6215 | Val Loss: 1.6697
2025-03-08 21:06:42 - INFO - Epoch 094 | Train Loss: 1.5754 | Val Loss: 1.6426
2025-03-08 21:06:42 - INFO - Saved best model for fold 1 with Val Loss: 1.6426
2025-03-08 21:08:28 - INFO - Epoch 095 | Train Loss: 1.5658 | Val Loss: 1.8289
2025-03-08 21:10:14 - INFO - Epoch 096 | Train Loss: 1.5982 | Val Loss: 1.7550
2025-03-08 21:12:01 - INFO - Epoch 097 | Train Loss: 1.6016 | Val Loss: 2.0013
2025-03-08 21:13:47 - INFO - Epoch 098 | Train Loss: 1.5531 | Val Loss: 1.6559
2025-03-08 21:15:33 - INFO - Epoch 099 | Train Loss: 1.5806 | Val Loss: 1.6342
2025-03-08 21:15:33 - INFO - Saved best model for fold 1 with Val Loss: 1.6342
2025-03-08 21:17:19 - INFO - Epoch 100 | Train Loss: 1.4941 | Val Loss: 1.6852
2025-03-08 21:17:19 - INFO - Fold 1 | Best Val Loss: 1.6342
2025-03-08 21:17:19 - INFO - Fold 2/5
2025-03-08 21:17:19 - INFO - Number of train samples: 249497
2025-03-08 21:17:19 - INFO - Number of val samples: 62374
2025-03-08 21:19:04 - INFO - Epoch 001 | Train Loss: 22.5932 | Val Loss: 8.0877
2025-03-08 21:19:04 - INFO - Saved best model for fold 2 with Val Loss: 8.0877
2025-03-08 21:20:50 - INFO - Epoch 002 | Train Loss: 7.9479 | Val Loss: 7.2945
2025-03-08 21:20:50 - INFO - Saved best model for fold 2 with Val Loss: 7.2945
2025-03-08 21:22:36 - INFO - Epoch 003 | Train Loss: 7.0047 | Val Loss: 6.4231
2025-03-08 21:22:36 - INFO - Saved best model for fold 2 with Val Loss: 6.4231
2025-03-08 21:24:21 - INFO - Epoch 004 | Train Loss: 6.1527 | Val Loss: 6.0658
2025-03-08 21:24:21 - INFO - Saved best model for fold 2 with Val Loss: 6.0658
2025-03-08 21:26:07 - INFO - Epoch 005 | Train Loss: 5.8155 | Val Loss: 5.7502
2025-03-08 21:26:07 - INFO - Saved best model for fold 2 with Val Loss: 5.7502
2025-03-08 21:27:53 - INFO - Epoch 006 | Train Loss: 5.6597 | Val Loss: 5.3992
2025-03-08 21:27:53 - INFO - Saved best model for fold 2 with Val Loss: 5.3992
2025-03-08 21:29:40 - INFO - Epoch 007 | Train Loss: 5.2830 | Val Loss: 5.3096
2025-03-08 21:29:40 - INFO - Saved best model for fold 2 with Val Loss: 5.3096
2025-03-08 21:31:25 - INFO - Epoch 008 | Train Loss: 4.7372 | Val Loss: 4.3375
2025-03-08 21:31:25 - INFO - Saved best model for fold 2 with Val Loss: 4.3375
2025-03-08 21:33:12 - INFO - Epoch 009 | Train Loss: 4.2559 | Val Loss: 4.0673
2025-03-08 21:33:12 - INFO - Saved best model for fold 2 with Val Loss: 4.0673
2025-03-08 21:34:57 - INFO - Epoch 010 | Train Loss: 4.0030 | Val Loss: 3.8501
2025-03-08 21:34:57 - INFO - Saved best model for fold 2 with Val Loss: 3.8501
2025-03-08 21:36:43 - INFO - Epoch 011 | Train Loss: 3.7684 | Val Loss: 3.6005
2025-03-08 21:36:43 - INFO - Saved best model for fold 2 with Val Loss: 3.6005
2025-03-08 21:38:29 - INFO - Epoch 012 | Train Loss: 3.6239 | Val Loss: 3.4274
2025-03-08 21:38:29 - INFO - Saved best model for fold 2 with Val Loss: 3.4274
