2025-03-08 22:03:32 - INFO - Model save directory: ./model_checkpoints
2025-03-08 22:03:39 - INFO - Total number of samples: 311871
2025-03-08 22:03:39 - INFO - Fold 1/2
2025-03-08 22:03:39 - INFO - Number of train samples: 155935
2025-03-08 22:03:39 - INFO - Number of val samples: 155936
2025-03-08 22:03:55 - INFO - Epoch 001 | Train Loss: 1.7222 | Val Loss: 0.3196
2025-03-08 22:03:55 - INFO - Saved best model for fold 1 with Val Loss: 0.3196
2025-03-08 22:04:10 - INFO - Epoch 002 | Train Loss: 0.2511 | Val Loss: 0.2068
2025-03-08 22:04:10 - INFO - Saved best model for fold 1 with Val Loss: 0.2068
2025-03-08 22:04:10 - INFO - Fold 1 | Best Val Loss: 0.2068
2025-03-08 22:04:10 - INFO - Fold 2/2
2025-03-08 22:04:10 - INFO - Number of train samples: 155936
2025-03-08 22:04:10 - INFO - Number of val samples: 155935
2025-03-08 22:04:26 - INFO - Epoch 001 | Train Loss: 1.7077 | Val Loss: 0.2130
2025-03-08 22:04:26 - INFO - Saved best model for fold 2 with Val Loss: 0.2130
2025-03-08 22:04:42 - INFO - Epoch 002 | Train Loss: 0.1978 | Val Loss: 0.1792
2025-03-08 22:04:42 - INFO - Saved best model for fold 2 with Val Loss: 0.1792
2025-03-08 22:04:42 - INFO - Fold 2 | Best Val Loss: 0.1792
2025-03-08 22:04:42 - INFO - K-Fold Cross Validation Results:
2025-03-08 22:04:42 - INFO - Fold 1 | Val Loss: 0.2068
2025-03-08 22:04:42 - INFO - Fold 2 | Val Loss: 0.1792
2025-03-08 22:04:42 - INFO - Average Val Loss: 0.1930
