2025-03-09 14:32:33 - INFO - Model save directory: ./model_checkpoints
2025-03-09 14:32:39 - INFO - Total number of samples: 311871
2025-03-09 14:32:39 - INFO - Fold 1/3
2025-03-09 14:32:39 - INFO - Number of train samples: 207914
2025-03-09 14:32:39 - INFO - Number of val samples: 103957
2025-03-09 14:32:46 - INFO - Epoch 001 | Train Loss: 0.4216 | Val Loss: 0.2341
2025-03-09 14:32:46 - INFO - Saved best model for fold 1 with Val Loss: 0.2341
2025-03-09 14:32:52 - INFO - Epoch 002 | Train Loss: 0.2017 | Val Loss: 0.1873
2025-03-09 14:32:52 - INFO - Saved best model for fold 1 with Val Loss: 0.1873
2025-03-09 14:32:59 - INFO - Epoch 003 | Train Loss: 0.1740 | Val Loss: 0.1608
2025-03-09 14:32:59 - INFO - Saved best model for fold 1 with Val Loss: 0.1608
2025-03-09 14:33:06 - INFO - Epoch 004 | Train Loss: 0.1426 | Val Loss: 0.1304
2025-03-09 14:33:06 - INFO - Saved best model for fold 1 with Val Loss: 0.1304
2025-03-09 14:33:12 - INFO - Epoch 005 | Train Loss: 0.1171 | Val Loss: 0.1110
2025-03-09 14:33:12 - INFO - Saved best model for fold 1 with Val Loss: 0.1110
2025-03-09 14:33:19 - INFO - Epoch 006 | Train Loss: 0.0983 | Val Loss: 0.1040
2025-03-09 14:33:19 - INFO - Saved best model for fold 1 with Val Loss: 0.1040
2025-03-09 14:33:26 - INFO - Epoch 007 | Train Loss: 0.0842 | Val Loss: 0.0785
2025-03-09 14:33:26 - INFO - Saved best model for fold 1 with Val Loss: 0.0785
2025-03-09 14:33:32 - INFO - Epoch 008 | Train Loss: 0.0732 | Val Loss: 0.0715
2025-03-09 14:33:32 - INFO - Saved best model for fold 1 with Val Loss: 0.0715
2025-03-09 14:33:39 - INFO - Epoch 009 | Train Loss: 0.0652 | Val Loss: 0.0676
2025-03-09 14:33:39 - INFO - Saved best model for fold 1 with Val Loss: 0.0676
2025-03-09 14:33:46 - INFO - Epoch 010 | Train Loss: 0.0588 | Val Loss: 0.0579
2025-03-09 14:33:46 - INFO - Saved best model for fold 1 with Val Loss: 0.0579
2025-03-09 14:33:53 - INFO - Epoch 011 | Train Loss: 0.0534 | Val Loss: 0.0610
2025-03-09 14:34:00 - INFO - Epoch 012 | Train Loss: 0.0487 | Val Loss: 0.0513
2025-03-09 14:34:00 - INFO - Saved best model for fold 1 with Val Loss: 0.0513
2025-03-09 14:34:06 - INFO - Epoch 013 | Train Loss: 0.0449 | Val Loss: 0.0499
2025-03-09 14:34:06 - INFO - Saved best model for fold 1 with Val Loss: 0.0499
2025-03-09 14:34:13 - INFO - Epoch 014 | Train Loss: 0.0412 | Val Loss: 0.0542
2025-03-09 14:34:20 - INFO - Epoch 015 | Train Loss: 0.0382 | Val Loss: 0.0424
2025-03-09 14:34:20 - INFO - Saved best model for fold 1 with Val Loss: 0.0424
2025-03-09 14:34:27 - INFO - Epoch 016 | Train Loss: 0.0357 | Val Loss: 0.0401
2025-03-09 14:34:27 - INFO - Saved best model for fold 1 with Val Loss: 0.0401
2025-03-09 14:34:34 - INFO - Epoch 017 | Train Loss: 0.0334 | Val Loss: 0.0422
2025-03-09 14:34:41 - INFO - Epoch 018 | Train Loss: 0.0312 | Val Loss: 0.0363
2025-03-09 14:34:41 - INFO - Saved best model for fold 1 with Val Loss: 0.0363
2025-03-09 14:34:47 - INFO - Epoch 019 | Train Loss: 0.0294 | Val Loss: 0.0324
2025-03-09 14:34:47 - INFO - Saved best model for fold 1 with Val Loss: 0.0324
2025-03-09 14:34:54 - INFO - Epoch 020 | Train Loss: 0.0275 | Val Loss: 0.0323
2025-03-09 14:34:54 - INFO - Saved best model for fold 1 with Val Loss: 0.0323
2025-03-09 14:35:01 - INFO - Epoch 021 | Train Loss: 0.0260 | Val Loss: 0.0302
2025-03-09 14:35:01 - INFO - Saved best model for fold 1 with Val Loss: 0.0302
2025-03-09 14:35:08 - INFO - Epoch 022 | Train Loss: 0.0246 | Val Loss: 0.0302
2025-03-09 14:35:08 - INFO - Saved best model for fold 1 with Val Loss: 0.0302
2025-03-09 14:35:14 - INFO - Epoch 023 | Train Loss: 0.0233 | Val Loss: 0.0284
2025-03-09 14:35:14 - INFO - Saved best model for fold 1 with Val Loss: 0.0284
2025-03-09 14:35:21 - INFO - Epoch 024 | Train Loss: 0.0222 | Val Loss: 0.0290
2025-03-09 14:35:28 - INFO - Epoch 025 | Train Loss: 0.0210 | Val Loss: 0.0285
2025-03-09 14:35:35 - INFO - Epoch 026 | Train Loss: 0.0200 | Val Loss: 0.0269
2025-03-09 14:35:35 - INFO - Saved best model for fold 1 with Val Loss: 0.0269
2025-03-09 14:35:42 - INFO - Epoch 027 | Train Loss: 0.0191 | Val Loss: 0.0247
2025-03-09 14:35:42 - INFO - Saved best model for fold 1 with Val Loss: 0.0247
2025-03-09 14:35:48 - INFO - Epoch 028 | Train Loss: 0.0183 | Val Loss: 0.0242
2025-03-09 14:35:48 - INFO - Saved best model for fold 1 with Val Loss: 0.0242
2025-03-09 14:35:55 - INFO - Epoch 029 | Train Loss: 0.0175 | Val Loss: 0.0237
2025-03-09 14:35:55 - INFO - Saved best model for fold 1 with Val Loss: 0.0237
2025-03-09 14:36:02 - INFO - Epoch 030 | Train Loss: 0.0169 | Val Loss: 0.0237
2025-03-09 14:36:02 - INFO - Saved best model for fold 1 with Val Loss: 0.0237
2025-03-09 14:36:09 - INFO - Epoch 031 | Train Loss: 0.0163 | Val Loss: 0.0229
2025-03-09 14:36:09 - INFO - Saved best model for fold 1 with Val Loss: 0.0229
2025-03-09 14:36:16 - INFO - Epoch 032 | Train Loss: 0.0157 | Val Loss: 0.0226
2025-03-09 14:36:16 - INFO - Saved best model for fold 1 with Val Loss: 0.0226
2025-03-09 14:36:22 - INFO - Epoch 033 | Train Loss: 0.0153 | Val Loss: 0.0221
2025-03-09 14:36:22 - INFO - Saved best model for fold 1 with Val Loss: 0.0221
2025-03-09 14:36:29 - INFO - Epoch 034 | Train Loss: 0.0149 | Val Loss: 0.0219
2025-03-09 14:36:29 - INFO - Saved best model for fold 1 with Val Loss: 0.0219
2025-03-09 14:36:36 - INFO - Epoch 035 | Train Loss: 0.0145 | Val Loss: 0.0216
2025-03-09 14:36:36 - INFO - Saved best model for fold 1 with Val Loss: 0.0216
2025-03-09 14:36:43 - INFO - Epoch 036 | Train Loss: 0.0143 | Val Loss: 0.0215
2025-03-09 14:36:43 - INFO - Saved best model for fold 1 with Val Loss: 0.0215
2025-03-09 14:36:50 - INFO - Epoch 037 | Train Loss: 0.0140 | Val Loss: 0.0215
2025-03-09 14:36:50 - INFO - Saved best model for fold 1 with Val Loss: 0.0215
2025-03-09 14:36:57 - INFO - Epoch 038 | Train Loss: 0.0139 | Val Loss: 0.0213
2025-03-09 14:36:57 - INFO - Saved best model for fold 1 with Val Loss: 0.0213
2025-03-09 14:37:04 - INFO - Epoch 039 | Train Loss: 0.0137 | Val Loss: 0.0212
2025-03-09 14:37:04 - INFO - Saved best model for fold 1 with Val Loss: 0.0212
2025-03-09 14:37:11 - INFO - Epoch 040 | Train Loss: 0.0137 | Val Loss: 0.0212
2025-03-09 14:37:17 - INFO - Epoch 041 | Train Loss: 0.0136 | Val Loss: 0.0212
2025-03-09 14:37:17 - INFO - Saved best model for fold 1 with Val Loss: 0.0212
2025-03-09 14:37:24 - INFO - Epoch 042 | Train Loss: 0.0136 | Val Loss: 0.0212
2025-03-09 14:37:31 - INFO - Epoch 043 | Train Loss: 0.0137 | Val Loss: 0.0213
2025-03-09 14:37:38 - INFO - Epoch 044 | Train Loss: 0.0138 | Val Loss: 0.0213
2025-03-09 14:37:45 - INFO - Epoch 045 | Train Loss: 0.0139 | Val Loss: 0.0214
2025-03-09 14:37:52 - INFO - Epoch 046 | Train Loss: 0.0140 | Val Loss: 0.0213
2025-03-09 14:37:59 - INFO - Epoch 047 | Train Loss: 0.0142 | Val Loss: 0.0214
2025-03-09 14:38:06 - INFO - Epoch 048 | Train Loss: 0.0143 | Val Loss: 0.0214
2025-03-09 14:38:12 - INFO - Epoch 049 | Train Loss: 0.0145 | Val Loss: 0.0215
2025-03-09 14:38:19 - INFO - Epoch 050 | Train Loss: 0.0147 | Val Loss: 0.0215
2025-03-09 14:38:26 - INFO - Epoch 051 | Train Loss: 0.0150 | Val Loss: 0.0234
2025-03-09 14:38:33 - INFO - Epoch 052 | Train Loss: 0.0151 | Val Loss: 0.0218
2025-03-09 14:38:40 - INFO - Epoch 053 | Train Loss: 0.0154 | Val Loss: 0.0221
2025-03-09 14:38:47 - INFO - Epoch 054 | Train Loss: 0.0156 | Val Loss: 0.0230
2025-03-09 14:38:54 - INFO - Epoch 055 | Train Loss: 0.0159 | Val Loss: 0.0221
2025-03-09 14:39:01 - INFO - Epoch 056 | Train Loss: 0.0161 | Val Loss: 0.0233
2025-03-09 14:39:08 - INFO - Epoch 057 | Train Loss: 0.0165 | Val Loss: 0.0245
2025-03-09 14:39:15 - INFO - Epoch 058 | Train Loss: 0.0167 | Val Loss: 0.0231
2025-03-09 14:39:22 - INFO - Epoch 059 | Train Loss: 0.0174 | Val Loss: 0.0230
2025-03-09 14:39:28 - INFO - Epoch 060 | Train Loss: 0.0174 | Val Loss: 0.0240
2025-03-09 14:39:35 - INFO - Epoch 061 | Train Loss: 0.0178 | Val Loss: 0.0245
2025-03-09 14:39:42 - INFO - Epoch 062 | Train Loss: 0.0182 | Val Loss: 0.0252
2025-03-09 14:39:49 - INFO - Epoch 063 | Train Loss: 0.0186 | Val Loss: 0.0243
2025-03-09 14:39:56 - INFO - Epoch 064 | Train Loss: 0.0190 | Val Loss: 0.0247
2025-03-09 14:40:03 - INFO - Epoch 065 | Train Loss: 0.0192 | Val Loss: 0.0249
2025-03-09 14:40:10 - INFO - Epoch 066 | Train Loss: 0.0198 | Val Loss: 0.0254
2025-03-09 14:40:17 - INFO - Epoch 067 | Train Loss: 0.0199 | Val Loss: 0.0272
2025-03-09 14:40:24 - INFO - Epoch 068 | Train Loss: 0.0200 | Val Loss: 0.0259
2025-03-09 14:40:30 - INFO - Epoch 069 | Train Loss: 0.0203 | Val Loss: 0.0252
2025-03-09 14:40:37 - INFO - Epoch 070 | Train Loss: 0.0206 | Val Loss: 0.0260
2025-03-09 14:40:44 - INFO - Epoch 071 | Train Loss: 0.0209 | Val Loss: 0.0274
2025-03-09 14:40:51 - INFO - Epoch 072 | Train Loss: 0.0208 | Val Loss: 0.0263
2025-03-09 14:40:58 - INFO - Epoch 073 | Train Loss: 0.0211 | Val Loss: 0.0280
2025-03-09 14:41:05 - INFO - Epoch 074 | Train Loss: 0.0210 | Val Loss: 0.0272
2025-03-09 14:41:12 - INFO - Epoch 075 | Train Loss: 0.0208 | Val Loss: 0.0261
2025-03-09 14:41:19 - INFO - Epoch 076 | Train Loss: 0.0211 | Val Loss: 0.0265
2025-03-09 14:41:26 - INFO - Epoch 077 | Train Loss: 0.0207 | Val Loss: 0.0252
2025-03-09 14:41:32 - INFO - Epoch 078 | Train Loss: 0.0210 | Val Loss: 0.0272
2025-03-09 14:41:39 - INFO - Epoch 079 | Train Loss: 0.0208 | Val Loss: 0.0286
2025-03-09 14:41:46 - INFO - Epoch 080 | Train Loss: 0.0209 | Val Loss: 0.0258
2025-03-09 14:41:53 - INFO - Epoch 081 | Train Loss: 0.0200 | Val Loss: 0.0257
2025-03-09 14:42:00 - INFO - Epoch 082 | Train Loss: 0.0200 | Val Loss: 0.0251
2025-03-09 14:42:07 - INFO - Epoch 083 | Train Loss: 0.0200 | Val Loss: 0.0253
2025-03-09 14:42:14 - INFO - Epoch 084 | Train Loss: 0.0194 | Val Loss: 0.0266
2025-03-09 14:42:21 - INFO - Epoch 085 | Train Loss: 0.0192 | Val Loss: 0.0268
2025-03-09 14:42:28 - INFO - Epoch 086 | Train Loss: 0.0186 | Val Loss: 0.0242
2025-03-09 14:42:35 - INFO - Epoch 087 | Train Loss: 0.0184 | Val Loss: 0.0232
2025-03-09 14:42:42 - INFO - Epoch 088 | Train Loss: 0.0178 | Val Loss: 0.0257
2025-03-09 14:42:49 - INFO - Epoch 089 | Train Loss: 0.0174 | Val Loss: 0.0224
2025-03-09 14:42:56 - INFO - Epoch 090 | Train Loss: 0.0169 | Val Loss: 0.0249
2025-03-09 14:43:03 - INFO - Epoch 091 | Train Loss: 0.0164 | Val Loss: 0.0234
2025-03-09 14:43:10 - INFO - Epoch 092 | Train Loss: 0.0159 | Val Loss: 0.0215
2025-03-09 14:43:17 - INFO - Epoch 093 | Train Loss: 0.0154 | Val Loss: 0.0208
2025-03-09 14:43:17 - INFO - Saved best model for fold 1 with Val Loss: 0.0208
2025-03-09 14:43:24 - INFO - Epoch 094 | Train Loss: 0.0150 | Val Loss: 0.0211
2025-03-09 14:43:31 - INFO - Epoch 095 | Train Loss: 0.0143 | Val Loss: 0.0203
2025-03-09 14:43:31 - INFO - Saved best model for fold 1 with Val Loss: 0.0203
2025-03-09 14:43:38 - INFO - Epoch 096 | Train Loss: 0.0138 | Val Loss: 0.0197
2025-03-09 14:43:38 - INFO - Saved best model for fold 1 with Val Loss: 0.0197
2025-03-09 14:43:45 - INFO - Epoch 097 | Train Loss: 0.0133 | Val Loss: 0.0199
2025-03-09 14:43:51 - INFO - Epoch 098 | Train Loss: 0.0128 | Val Loss: 0.0196
2025-03-09 14:43:51 - INFO - Saved best model for fold 1 with Val Loss: 0.0196
2025-03-09 14:43:58 - INFO - Epoch 099 | Train Loss: 0.0125 | Val Loss: 0.0185
2025-03-09 14:43:58 - INFO - Saved best model for fold 1 with Val Loss: 0.0185
2025-03-09 14:44:05 - INFO - Epoch 100 | Train Loss: 0.0119 | Val Loss: 0.0189
2025-03-09 14:44:12 - INFO - Epoch 101 | Train Loss: 0.0114 | Val Loss: 0.0178
2025-03-09 14:44:12 - INFO - Saved best model for fold 1 with Val Loss: 0.0178
2025-03-09 14:44:19 - INFO - Epoch 102 | Train Loss: 0.0108 | Val Loss: 0.0173
2025-03-09 14:44:19 - INFO - Saved best model for fold 1 with Val Loss: 0.0173
2025-03-09 14:44:26 - INFO - Epoch 103 | Train Loss: 0.0105 | Val Loss: 0.0175
2025-03-09 14:44:33 - INFO - Epoch 104 | Train Loss: 0.0100 | Val Loss: 0.0167
2025-03-09 14:44:33 - INFO - Saved best model for fold 1 with Val Loss: 0.0167
2025-03-09 14:44:40 - INFO - Epoch 105 | Train Loss: 0.0096 | Val Loss: 0.0187
2025-03-09 14:44:47 - INFO - Epoch 106 | Train Loss: 0.0093 | Val Loss: 0.0168
2025-03-09 14:44:54 - INFO - Epoch 107 | Train Loss: 0.0089 | Val Loss: 0.0160
2025-03-09 14:44:54 - INFO - Saved best model for fold 1 with Val Loss: 0.0160
2025-03-09 14:45:01 - INFO - Epoch 108 | Train Loss: 0.0086 | Val Loss: 0.0159
2025-03-09 14:45:01 - INFO - Saved best model for fold 1 with Val Loss: 0.0159
2025-03-09 14:45:08 - INFO - Epoch 109 | Train Loss: 0.0083 | Val Loss: 0.0158
2025-03-09 14:45:08 - INFO - Saved best model for fold 1 with Val Loss: 0.0158
2025-03-09 14:45:15 - INFO - Epoch 110 | Train Loss: 0.0080 | Val Loss: 0.0156
2025-03-09 14:45:15 - INFO - Saved best model for fold 1 with Val Loss: 0.0156
2025-03-09 14:45:21 - INFO - Epoch 111 | Train Loss: 0.0077 | Val Loss: 0.0155
2025-03-09 14:45:21 - INFO - Saved best model for fold 1 with Val Loss: 0.0155
2025-03-09 14:45:28 - INFO - Epoch 112 | Train Loss: 0.0075 | Val Loss: 0.0154
2025-03-09 14:45:28 - INFO - Saved best model for fold 1 with Val Loss: 0.0154
2025-03-09 14:45:35 - INFO - Epoch 113 | Train Loss: 0.0073 | Val Loss: 0.0152
2025-03-09 14:45:35 - INFO - Saved best model for fold 1 with Val Loss: 0.0152
2025-03-09 14:45:42 - INFO - Epoch 114 | Train Loss: 0.0071 | Val Loss: 0.0150
2025-03-09 14:45:42 - INFO - Saved best model for fold 1 with Val Loss: 0.0150
2025-03-09 14:45:49 - INFO - Epoch 115 | Train Loss: 0.0069 | Val Loss: 0.0150
2025-03-09 14:45:49 - INFO - Saved best model for fold 1 with Val Loss: 0.0150
2025-03-09 14:45:56 - INFO - Epoch 116 | Train Loss: 0.0068 | Val Loss: 0.0149
2025-03-09 14:45:56 - INFO - Saved best model for fold 1 with Val Loss: 0.0149
2025-03-09 14:46:03 - INFO - Epoch 117 | Train Loss: 0.0067 | Val Loss: 0.0149
2025-03-09 14:46:03 - INFO - Saved best model for fold 1 with Val Loss: 0.0149
2025-03-09 14:46:10 - INFO - Epoch 118 | Train Loss: 0.0066 | Val Loss: 0.0148
2025-03-09 14:46:10 - INFO - Saved best model for fold 1 with Val Loss: 0.0148
2025-03-09 14:46:17 - INFO - Epoch 119 | Train Loss: 0.0065 | Val Loss: 0.0148
2025-03-09 14:46:17 - INFO - Saved best model for fold 1 with Val Loss: 0.0148
2025-03-09 14:46:24 - INFO - Epoch 120 | Train Loss: 0.0065 | Val Loss: 0.0148
2025-03-09 14:46:31 - INFO - Epoch 121 | Train Loss: 0.0065 | Val Loss: 0.0148
2025-03-09 14:46:31 - INFO - Saved best model for fold 1 with Val Loss: 0.0148
2025-03-09 14:46:38 - INFO - Epoch 122 | Train Loss: 0.0065 | Val Loss: 0.0148
2025-03-09 14:46:45 - INFO - Epoch 123 | Train Loss: 0.0065 | Val Loss: 0.0148
2025-03-09 14:46:52 - INFO - Epoch 124 | Train Loss: 0.0066 | Val Loss: 0.0148
2025-03-09 14:46:59 - INFO - Epoch 125 | Train Loss: 0.0066 | Val Loss: 0.0148
2025-03-09 14:47:06 - INFO - Epoch 126 | Train Loss: 0.0067 | Val Loss: 0.0149
2025-03-09 14:47:13 - INFO - Epoch 127 | Train Loss: 0.0068 | Val Loss: 0.0150
2025-03-09 14:47:19 - INFO - Epoch 128 | Train Loss: 0.0070 | Val Loss: 0.0151
2025-03-09 14:47:26 - INFO - Epoch 129 | Train Loss: 0.0071 | Val Loss: 0.0152
2025-03-09 14:47:33 - INFO - Epoch 130 | Train Loss: 0.0072 | Val Loss: 0.0152
2025-03-09 14:47:40 - INFO - Epoch 131 | Train Loss: 0.0074 | Val Loss: 0.0153
2025-03-09 14:47:47 - INFO - Epoch 132 | Train Loss: 0.0076 | Val Loss: 0.0156
2025-03-09 14:47:54 - INFO - Epoch 133 | Train Loss: 0.0078 | Val Loss: 0.0156
2025-03-09 14:48:01 - INFO - Epoch 134 | Train Loss: 0.0080 | Val Loss: 0.0159
2025-03-09 14:48:08 - INFO - Epoch 135 | Train Loss: 0.0083 | Val Loss: 0.0160
2025-03-09 14:48:15 - INFO - Epoch 136 | Train Loss: 0.0085 | Val Loss: 0.0163
2025-03-09 14:48:22 - INFO - Epoch 137 | Train Loss: 0.0088 | Val Loss: 0.0170
2025-03-09 14:48:29 - INFO - Epoch 138 | Train Loss: 0.0091 | Val Loss: 0.0174
2025-03-09 14:48:36 - INFO - Epoch 139 | Train Loss: 0.0094 | Val Loss: 0.0180
2025-03-09 14:48:43 - INFO - Epoch 140 | Train Loss: 0.0098 | Val Loss: 0.0177
2025-03-09 14:48:50 - INFO - Epoch 141 | Train Loss: 0.0102 | Val Loss: 0.0184
2025-03-09 14:48:57 - INFO - Epoch 142 | Train Loss: 0.0104 | Val Loss: 0.0178
2025-03-09 14:49:04 - INFO - Epoch 143 | Train Loss: 0.0109 | Val Loss: 0.0189
2025-03-09 14:49:11 - INFO - Epoch 144 | Train Loss: 0.0114 | Val Loss: 0.0197
2025-03-09 14:49:17 - INFO - Epoch 145 | Train Loss: 0.0117 | Val Loss: 0.0185
2025-03-09 14:49:24 - INFO - Epoch 146 | Train Loss: 0.0120 | Val Loss: 0.0185
2025-03-09 14:49:31 - INFO - Epoch 147 | Train Loss: 0.0123 | Val Loss: 0.0195
2025-03-09 14:49:38 - INFO - Epoch 148 | Train Loss: 0.0128 | Val Loss: 0.0198
2025-03-09 14:49:45 - INFO - Epoch 149 | Train Loss: 0.0135 | Val Loss: 0.0203
2025-03-09 14:49:52 - INFO - Epoch 150 | Train Loss: 0.0134 | Val Loss: 0.0233
2025-03-09 14:49:59 - INFO - Epoch 151 | Train Loss: 0.0136 | Val Loss: 0.0202
2025-03-09 14:50:06 - INFO - Epoch 152 | Train Loss: 0.0141 | Val Loss: 0.0205
2025-03-09 14:50:13 - INFO - Epoch 153 | Train Loss: 0.0141 | Val Loss: 0.0204
2025-03-09 14:50:20 - INFO - Epoch 154 | Train Loss: 0.0145 | Val Loss: 0.0216
2025-03-09 14:50:27 - INFO - Epoch 155 | Train Loss: 0.0152 | Val Loss: 0.0254
2025-03-09 14:50:34 - INFO - Epoch 156 | Train Loss: 0.0147 | Val Loss: 0.0217
2025-03-09 14:50:41 - INFO - Epoch 157 | Train Loss: 0.0149 | Val Loss: 0.0230
2025-03-09 14:50:48 - INFO - Epoch 158 | Train Loss: 0.0151 | Val Loss: 0.0213
2025-03-09 14:50:55 - INFO - Epoch 159 | Train Loss: 0.0150 | Val Loss: 0.0223
2025-03-09 14:51:02 - INFO - Epoch 160 | Train Loss: 0.0151 | Val Loss: 0.0221
2025-03-09 14:51:09 - INFO - Epoch 161 | Train Loss: 0.0150 | Val Loss: 0.0218
2025-03-09 14:51:15 - INFO - Epoch 162 | Train Loss: 0.0150 | Val Loss: 0.0203
2025-03-09 14:51:22 - INFO - Epoch 163 | Train Loss: 0.0148 | Val Loss: 0.0222
2025-03-09 14:51:29 - INFO - Epoch 164 | Train Loss: 0.0146 | Val Loss: 0.0214
2025-03-09 14:51:36 - INFO - Epoch 165 | Train Loss: 0.0146 | Val Loss: 0.0222
2025-03-09 14:51:43 - INFO - Epoch 166 | Train Loss: 0.0143 | Val Loss: 0.0212
2025-03-09 14:51:50 - INFO - Epoch 167 | Train Loss: 0.0140 | Val Loss: 0.0239
2025-03-09 14:51:57 - INFO - Epoch 168 | Train Loss: 0.0137 | Val Loss: 0.0212
2025-03-09 14:52:04 - INFO - Epoch 169 | Train Loss: 0.0133 | Val Loss: 0.0210
2025-03-09 14:52:11 - INFO - Epoch 170 | Train Loss: 0.0132 | Val Loss: 0.0207
2025-03-09 14:52:18 - INFO - Epoch 171 | Train Loss: 0.0125 | Val Loss: 0.0219
2025-03-09 14:52:25 - INFO - Epoch 172 | Train Loss: 0.0123 | Val Loss: 0.0209
2025-03-09 14:52:32 - INFO - Epoch 173 | Train Loss: 0.0119 | Val Loss: 0.0190
2025-03-09 14:52:39 - INFO - Epoch 174 | Train Loss: 0.0116 | Val Loss: 0.0201
2025-03-09 14:52:45 - INFO - Epoch 175 | Train Loss: 0.0112 | Val Loss: 0.0180
2025-03-09 14:52:52 - INFO - Epoch 176 | Train Loss: 0.0107 | Val Loss: 0.0190
2025-03-09 14:52:59 - INFO - Epoch 177 | Train Loss: 0.0103 | Val Loss: 0.0178
2025-03-09 14:53:06 - INFO - Epoch 178 | Train Loss: 0.0100 | Val Loss: 0.0187
2025-03-09 14:53:13 - INFO - Epoch 179 | Train Loss: 0.0096 | Val Loss: 0.0173
2025-03-09 14:53:20 - INFO - Epoch 180 | Train Loss: 0.0092 | Val Loss: 0.0167
2025-03-09 14:53:27 - INFO - Epoch 181 | Train Loss: 0.0089 | Val Loss: 0.0168
2025-03-09 14:53:34 - INFO - Epoch 182 | Train Loss: 0.0085 | Val Loss: 0.0161
2025-03-09 14:53:41 - INFO - Epoch 183 | Train Loss: 0.0081 | Val Loss: 0.0158
2025-03-09 14:53:48 - INFO - Epoch 184 | Train Loss: 0.0078 | Val Loss: 0.0160
2025-03-09 14:53:55 - INFO - Epoch 185 | Train Loss: 0.0075 | Val Loss: 0.0155
2025-03-09 14:54:02 - INFO - Epoch 186 | Train Loss: 0.0072 | Val Loss: 0.0156
2025-03-09 14:54:09 - INFO - Epoch 187 | Train Loss: 0.0069 | Val Loss: 0.0151
2025-03-09 14:54:16 - INFO - Epoch 188 | Train Loss: 0.0067 | Val Loss: 0.0150
2025-03-09 14:54:23 - INFO - Epoch 189 | Train Loss: 0.0064 | Val Loss: 0.0150
2025-03-09 14:54:30 - INFO - Epoch 190 | Train Loss: 0.0062 | Val Loss: 0.0147
2025-03-09 14:54:30 - INFO - Saved best model for fold 1 with Val Loss: 0.0147
2025-03-09 14:54:37 - INFO - Epoch 191 | Train Loss: 0.0060 | Val Loss: 0.0146
2025-03-09 14:54:37 - INFO - Saved best model for fold 1 with Val Loss: 0.0146
2025-03-09 14:54:44 - INFO - Epoch 192 | Train Loss: 0.0058 | Val Loss: 0.0146
2025-03-09 14:54:44 - INFO - Saved best model for fold 1 with Val Loss: 0.0146
2025-03-09 14:54:50 - INFO - Epoch 193 | Train Loss: 0.0056 | Val Loss: 0.0145
2025-03-09 14:54:50 - INFO - Saved best model for fold 1 with Val Loss: 0.0145
2025-03-09 14:54:57 - INFO - Epoch 194 | Train Loss: 0.0055 | Val Loss: 0.0144
2025-03-09 14:54:57 - INFO - Saved best model for fold 1 with Val Loss: 0.0144
2025-03-09 14:55:04 - INFO - Epoch 195 | Train Loss: 0.0054 | Val Loss: 0.0143
2025-03-09 14:55:04 - INFO - Saved best model for fold 1 with Val Loss: 0.0143
2025-03-09 14:55:11 - INFO - Epoch 196 | Train Loss: 0.0052 | Val Loss: 0.0143
2025-03-09 14:55:11 - INFO - Saved best model for fold 1 with Val Loss: 0.0143
2025-03-09 14:55:18 - INFO - Epoch 197 | Train Loss: 0.0052 | Val Loss: 0.0142
2025-03-09 14:55:18 - INFO - Saved best model for fold 1 with Val Loss: 0.0142
2025-03-09 14:55:25 - INFO - Epoch 198 | Train Loss: 0.0051 | Val Loss: 0.0142
2025-03-09 14:55:25 - INFO - Saved best model for fold 1 with Val Loss: 0.0142
2025-03-09 14:55:32 - INFO - Epoch 199 | Train Loss: 0.0050 | Val Loss: 0.0142
2025-03-09 14:55:39 - INFO - Epoch 200 | Train Loss: 0.0050 | Val Loss: 0.0142
2025-03-09 14:55:39 - INFO - Saved best model for fold 1 with Val Loss: 0.0142
2025-03-09 14:55:39 - INFO - Fold 1 | Best Val Loss: 0.0142
2025-03-09 14:55:39 - INFO - Fold 2/3
2025-03-09 14:55:39 - INFO - Number of train samples: 207914
2025-03-09 14:55:39 - INFO - Number of val samples: 103957
2025-03-09 14:55:46 - INFO - Epoch 001 | Train Loss: 0.4852 | Val Loss: 0.2173
2025-03-09 14:55:46 - INFO - Saved best model for fold 2 with Val Loss: 0.2173
2025-03-09 14:55:53 - INFO - Epoch 002 | Train Loss: 0.2083 | Val Loss: 0.1989
2025-03-09 14:55:53 - INFO - Saved best model for fold 2 with Val Loss: 0.1989
2025-03-09 14:56:00 - INFO - Epoch 003 | Train Loss: 0.1814 | Val Loss: 0.1612
2025-03-09 14:56:00 - INFO - Saved best model for fold 2 with Val Loss: 0.1612
2025-03-09 14:56:07 - INFO - Epoch 004 | Train Loss: 0.1501 | Val Loss: 0.1375
2025-03-09 14:56:07 - INFO - Saved best model for fold 2 with Val Loss: 0.1375
2025-03-09 14:56:14 - INFO - Epoch 005 | Train Loss: 0.1260 | Val Loss: 0.1172
2025-03-09 14:56:14 - INFO - Saved best model for fold 2 with Val Loss: 0.1172
2025-03-09 14:56:21 - INFO - Epoch 006 | Train Loss: 0.1045 | Val Loss: 0.0989
2025-03-09 14:56:21 - INFO - Saved best model for fold 2 with Val Loss: 0.0989
2025-03-09 14:56:28 - INFO - Epoch 007 | Train Loss: 0.0885 | Val Loss: 0.0945
2025-03-09 14:56:28 - INFO - Saved best model for fold 2 with Val Loss: 0.0945
2025-03-09 14:56:35 - INFO - Epoch 008 | Train Loss: 0.0775 | Val Loss: 0.0722
2025-03-09 14:56:35 - INFO - Saved best model for fold 2 with Val Loss: 0.0722
2025-03-09 14:56:42 - INFO - Epoch 009 | Train Loss: 0.0675 | Val Loss: 0.0693
2025-03-09 14:56:42 - INFO - Saved best model for fold 2 with Val Loss: 0.0693
2025-03-09 14:56:49 - INFO - Epoch 010 | Train Loss: 0.0604 | Val Loss: 0.0603
2025-03-09 14:56:49 - INFO - Saved best model for fold 2 with Val Loss: 0.0603
2025-03-09 14:56:56 - INFO - Epoch 011 | Train Loss: 0.0543 | Val Loss: 0.0579
2025-03-09 14:56:56 - INFO - Saved best model for fold 2 with Val Loss: 0.0579
